10 Nov 2022 14:56:08,599:Added student: Mr. Jordi Considine
10 Nov 2022 14:56:08,801:Added student: Cecile Johnston
10 Nov 2022 14:56:08,893:Added student: Annabell Keeling DVM
10 Nov 2022 14:56:08,977:Added student: Dr. Elizabeth Herman
10 Nov 2022 14:56:09,028:Added student: Mrs. Herbert Hermann
10 Nov 2022 14:56:09,078:Added student: Dr. Elias Schamberger
10 Nov 2022 14:56:09,126:Added student: Helga Ruecker
10 Nov 2022 14:56:09,166:Added student: Roberta Crist
10 Nov 2022 14:56:09,207:Added student: Damien Carroll
10 Nov 2022 14:56:09,248:Added student: Audra Kerluke
10 Nov 2022 14:56:09,300:Added student: Ramona Hegmann
10 Nov 2022 14:56:09,365:Added student: Malinda Emmerich V
10 Nov 2022 14:56:09,422:Added student: Elda Douglas
10 Nov 2022 14:56:09,471:Added student: Audrey Smitham
10 Nov 2022 14:56:09,516:Added student: Bonnie Morissette
10 Nov 2022 14:56:09,565:Added student: Damaris Bernier III
10 Nov 2022 14:56:09,609:Added student: Casandra Will
10 Nov 2022 14:56:09,656:Added student: Yvette Tillman
10 Nov 2022 14:56:09,695:Added student: Shane Beier
10 Nov 2022 14:56:09,739:Added student: Marina Wunsch
10 Nov 2022 14:56:09,782:Added student: Matt Schaden
10 Nov 2022 14:56:09,824:Added student: Gordon Quitzon
10 Nov 2022 14:56:09,866:Added student: Lydia Macejkovic
10 Nov 2022 14:56:09,908:Added student: Kiley Morar
10 Nov 2022 14:56:09,949:Added student: Wilson Botsford Jr.
10 Nov 2022 14:56:10,007:Added student: Orin Mayert IV
10 Nov 2022 14:56:10,061:Added student: Calista Bins
10 Nov 2022 14:56:10,104:Added student: Tierra Frami
10 Nov 2022 14:56:10,142:Added student: Stephon Runolfsdottir
10 Nov 2022 14:56:10,183:Added student: Mateo Lindgren IV
10 Nov 2022 14:56:10,233:Added student: Roxanne Greenholt
10 Nov 2022 14:56:10,279:Added student: Arnoldo Bradtke
10 Nov 2022 14:56:10,327:Added student: Fritz Romaguera
10 Nov 2022 14:56:10,370:Added student: Emerald Wunsch
10 Nov 2022 14:56:10,408:Added student: Lourdes Skiles
10 Nov 2022 14:56:10,452:Added student: Sonya Schmidt IV
10 Nov 2022 14:56:10,488:Added student: Delphia Weissnat
10 Nov 2022 14:56:10,529:Added student: Meaghan Auer
10 Nov 2022 14:56:10,568:Added student: Freeman Powlowski
10 Nov 2022 14:56:10,605:Added student: Ms. Braden Willms
10 Nov 2022 14:56:10,650:Added student: Ms. Santos Huel
10 Nov 2022 14:56:10,688:Added student: Prudence Marquardt Sr.
10 Nov 2022 14:56:10,730:Added student: Ms. Madisyn Schimmel
10 Nov 2022 14:56:10,767:Added student: Jerel Ferry IV
10 Nov 2022 14:56:10,804:Added student: Alan Torphy
10 Nov 2022 14:56:10,846:Added student: Zachary Hirthe
10 Nov 2022 14:56:10,883:Added student: Flo Wolf MD
10 Nov 2022 14:56:10,920:Added student: Wilfredo Nikolaus
10 Nov 2022 14:56:10,956:Added student: Clarissa Denesik
10 Nov 2022 14:56:10,997:Added student: Dudley Jones I
10 Nov 2022 14:56:11,039:Added student: Bettie Considine
10 Nov 2022 14:56:11,080:Added student: Cecilia Cremin
10 Nov 2022 14:56:11,117:Added student: Jean Cormier
10 Nov 2022 14:56:11,156:Added student: Kathlyn Russel
10 Nov 2022 14:56:11,197:Added student: Ms. Sienna Dooley
10 Nov 2022 14:56:11,236:Added student: Jesse McGlynn
10 Nov 2022 14:56:11,273:Added student: Piper Stiedemann
10 Nov 2022 14:56:11,312:Added student: Vernon Schiller
10 Nov 2022 14:56:11,349:Added student: Stan McClure PhD
10 Nov 2022 14:56:11,387:Added student: Mr. Kieran Kohler
10 Nov 2022 14:56:11,427:Added student: Thora Kreiger
10 Nov 2022 14:56:11,465:Added student: Eunice Lemke
10 Nov 2022 14:56:11,502:Added student: Gabrielle Erdman
10 Nov 2022 14:56:11,538:Added student: Winnifred Harber
10 Nov 2022 14:56:11,576:Added student: Maurice Schuster
10 Nov 2022 14:56:11,633:Added student: Horacio Balistreri
10 Nov 2022 14:56:11,689:Added student: Mr. Raven Kirlin
10 Nov 2022 14:56:11,734:Added student: Gennaro Swaniawski
10 Nov 2022 14:56:11,770:Added student: Golda Schmeler
10 Nov 2022 14:56:11,805:Added student: Gerson McGlynn
10 Nov 2022 14:56:11,841:Added student: Chandler Adams
10 Nov 2022 14:56:11,883:Added student: Elva Koss IV
10 Nov 2022 14:56:11,924:Added student: Maxie O'Kon
10 Nov 2022 14:56:11,963:Added student: Gudrun Mosciski
10 Nov 2022 14:56:12,000:Added student: Miss Astrid Lang
10 Nov 2022 14:56:12,036:Added student: Quinten Zulauf
10 Nov 2022 14:56:12,073:Added student: Karine Walker
10 Nov 2022 14:56:12,116:Added student: Mustafa Medhurst
10 Nov 2022 14:56:12,154:Added student: Jovan Lindgren II
10 Nov 2022 14:56:12,191:Added student: Nelle Will
10 Nov 2022 14:56:12,232:Added student: Fae Hartmann
10 Nov 2022 14:56:12,270:Added student: Osbaldo Abbott
10 Nov 2022 14:56:12,307:Added student: Paxton Price
10 Nov 2022 14:56:12,349:Added student: Thalia Moore
10 Nov 2022 14:56:12,386:Added student: Mathilde Frami II
10 Nov 2022 14:56:12,423:Added student: Ashly Carroll
10 Nov 2022 14:56:12,464:Added student: Alec Armstrong
10 Nov 2022 14:56:12,502:Added student: Cyril Yost DDS
10 Nov 2022 14:56:12,539:Added student: Vincent Hilpert
10 Nov 2022 14:56:12,590:Added student: Selmer Reichel
10 Nov 2022 14:56:12,637:Added student: Dorothy Padberg
10 Nov 2022 14:56:12,673:Added student: Vidal Orn
10 Nov 2022 14:56:12,730:Added student: Jermey Brown
10 Nov 2022 14:56:12,769:Added student: Dr. Ozzie O'Connell
10 Nov 2022 14:56:12,806:Added student: Emely D'Amore
10 Nov 2022 14:56:12,847:Added student: Alvah Kovacek
10 Nov 2022 14:56:12,886:Added student: Easter Swaniawski
10 Nov 2022 14:56:12,921:Added student: Mrs. Nora Nader
10 Nov 2022 14:56:12,955:Added student: Sandy Wyman
10 Nov 2022 14:56:12,990:Added student: Mrs. Davon Walter
10 Nov 2022 14:56:13,027:Added professor: Earline Koch
10 Nov 2022 14:56:13,068:Added professor: Tobin Wuckert
10 Nov 2022 14:56:13,103:Added professor: Dr. Robb Kuhic
10 Nov 2022 14:56:13,139:Added professor: Mr. Carmel Kessler
10 Nov 2022 14:56:13,176:Added professor: Lew Crooks
10 Nov 2022 14:56:13,215:Added professor: Dortha Bogan PhD
10 Nov 2022 14:56:13,251:Added professor: Noemy Murphy
10 Nov 2022 14:56:13,290:Added professor: Ms. Ruthe Block
10 Nov 2022 14:56:13,327:Added professor: Meagan Flatley
10 Nov 2022 14:56:13,365:Added professor: Odessa Parker
10 Nov 2022 14:56:13,401:Added professor: Rodrigo Powlowski
10 Nov 2022 14:56:13,438:Added professor: Dr. Haylie Schumm
10 Nov 2022 14:56:13,473:Added professor: Luisa Cassin
10 Nov 2022 14:56:13,511:Added professor: Tomasa Gottlieb
10 Nov 2022 14:56:13,550:Added professor: Leanna White Sr.
10 Nov 2022 14:56:13,587:Added professor: Ms. Annalise Durgan
10 Nov 2022 14:56:13,623:Added professor: Bridie Johns
10 Nov 2022 14:56:13,658:Added professor: Lessie Luettgen
10 Nov 2022 14:56:13,694:Added professor: Sydnie Bins
10 Nov 2022 14:56:13,733:Added professor: Aurelio Paucek
10 Nov 2022 14:56:13,768:Added professor: Bert Connelly
10 Nov 2022 14:56:13,803:Added professor: Hermann Grady
10 Nov 2022 14:56:13,837:Added professor: Lois Gibson
10 Nov 2022 14:56:13,872:Added professor: Alana McClure
10 Nov 2022 14:56:13,906:Added professor: Ms. River Deckow
10 Nov 2022 14:56:13,947:Added professor: Gabrielle Schuppe
10 Nov 2022 14:56:13,982:Added professor: Barbara Kunze
10 Nov 2022 14:56:14,018:Added professor: Ms. Reid Wilderman
10 Nov 2022 14:56:14,053:Added professor: Dovie Considine
10 Nov 2022 14:56:14,087:Added professor: Roma Nader
10 Nov 2022 14:56:14,121:Added professor: Breanne Kub
10 Nov 2022 14:56:14,158:Added professor: Horace Wilderman DDS
10 Nov 2022 14:56:14,193:Added professor: Ashly Schumm
10 Nov 2022 14:56:14,236:Added professor: Verlie Walker
10 Nov 2022 14:56:14,270:Added professor: Hollie Wintheiser
10 Nov 2022 14:56:14,304:Added professor: Antonia Hackett
10 Nov 2022 14:56:14,338:Added professor: Isabelle Goodwin II
10 Nov 2022 14:56:14,375:Added professor: Ruby Stehr
10 Nov 2022 14:56:14,414:Added professor: Jerel Swaniawski
10 Nov 2022 14:56:14,449:Added professor: Laurence Orn
10 Nov 2022 14:56:14,484:Added professor: Daren Fahey
10 Nov 2022 14:56:14,519:Added professor: Dashawn Blick
10 Nov 2022 14:56:14,554:Added professor: Zetta Vandervort
10 Nov 2022 14:56:14,594:Added professor: Reanna Bogisich
10 Nov 2022 14:56:14,632:Added professor: Citlalli Botsford
10 Nov 2022 14:56:14,669:Added professor: Louisa Gaylord
10 Nov 2022 14:56:14,705:Added professor: Cleta Kuphal V
10 Nov 2022 14:56:14,740:Added professor: Arjun Roob
10 Nov 2022 14:56:14,775:Added professor: Yasmeen Reichel IV
10 Nov 2022 14:56:14,816:Added professor: Ms. Marcia Larson
10 Nov 2022 14:56:14,851:Added professor: Meagan Powlowski
10 Nov 2022 14:56:14,885:Added professor: Dr. Tabitha Mueller
10 Nov 2022 14:56:14,919:Added professor: Abraham Bahringer
10 Nov 2022 14:56:14,953:Added professor: Irving Monahan
10 Nov 2022 14:56:14,987:Added professor: Juston Aufderhar DVM
10 Nov 2022 14:56:15,023:Added professor: Yessenia Durgan
10 Nov 2022 14:56:15,057:Added professor: Ashley Paucek
10 Nov 2022 14:56:15,093:Added professor: Francisca Schmitt MD
10 Nov 2022 14:56:15,130:Added professor: Emilia Jacobs
10 Nov 2022 14:56:15,165:Added professor: Addison Auer
10 Nov 2022 14:56:15,201:Added professor: Jodie Roob
10 Nov 2022 14:56:15,238:Added professor: Alisha Swaniawski
10 Nov 2022 14:56:15,272:Added professor: Janessa Roob
10 Nov 2022 14:56:15,306:Added professor: Miss Bella Gaylord
10 Nov 2022 14:56:15,340:Added professor: Milton Nicolas
10 Nov 2022 14:56:15,375:Added professor: Dorcas Monahan
10 Nov 2022 14:56:15,412:Added professor: Darrel Kovacek
10 Nov 2022 14:56:15,450:Added professor: Mr. Molly O'Reilly
10 Nov 2022 14:56:15,485:Added professor: Percival Gutmann PhD
10 Nov 2022 14:56:15,519:Added professor: Edison Smith
10 Nov 2022 14:56:15,554:Added professor: Mack Kihn
10 Nov 2022 14:56:15,591:Added professor: Aaron Waters
10 Nov 2022 14:56:15,625:Added professor: Citlalli Fritsch
10 Nov 2022 14:56:15,672:Added professor: Kaitlyn Turner
10 Nov 2022 14:56:15,722:Added professor: Charlotte Crooks MD
10 Nov 2022 14:56:15,772:Added professor: Virgil Casper MD
10 Nov 2022 14:56:15,805:Added professor: Zack Schroeder
10 Nov 2022 14:56:15,839:Added professor: Ms. Tristin Morar
10 Nov 2022 14:56:15,873:Added professor: Estella O'Connell
10 Nov 2022 14:56:15,907:Added professor: Aglae Olson
10 Nov 2022 14:56:15,945:Added professor: Elsa Klein
10 Nov 2022 14:56:15,981:Added professor: Beulah O'Hara
10 Nov 2022 14:56:16,016:Added professor: Liliana Jast
10 Nov 2022 14:56:16,051:Added professor: Emmanuel McDermott
10 Nov 2022 14:56:16,086:Added professor: Miss Rex Denesik
10 Nov 2022 14:56:16,120:Added professor: Isabel Eichmann
10 Nov 2022 14:56:16,154:Added professor: Griffin Corkery
10 Nov 2022 14:56:16,195:Added professor: Aaron Treutel
10 Nov 2022 14:56:16,230:Added professor: Destini Kirlin
10 Nov 2022 14:56:16,266:Added professor: Fleta O'Hara
10 Nov 2022 14:56:16,301:Added professor: Stacey Rogahn
10 Nov 2022 14:56:16,336:Added professor: Hailey Mann V
10 Nov 2022 14:56:16,371:Added professor: Amber Howe
10 Nov 2022 14:56:16,404:Added professor: Modesta Kertzmann
10 Nov 2022 14:56:16,438:Added professor: Amani Moen Jr.
10 Nov 2022 14:56:16,473:Added professor: Gideon Macejkovic
10 Nov 2022 14:56:16,508:Added professor: Gennaro Connelly Jr.
10 Nov 2022 14:56:16,544:Added professor: Mr. Dimitri Wisozk
10 Nov 2022 14:56:16,580:Added professor: Heloise Johnson
10 Nov 2022 14:56:16,617:Added professor: Luciano Auer
10 Nov 2022 14:56:16,623:Realtionship: 78 96 added!
10 Nov 2022 14:56:16,630:Realtionship: 45 43 added!
10 Nov 2022 14:56:16,635:Realtionship: 52 14 added!
10 Nov 2022 14:56:16,639:Realtionship: 86 26 added!
10 Nov 2022 14:56:16,643:Realtionship: 76 29 added!
10 Nov 2022 14:56:16,650:Realtionship: 40 49 added!
10 Nov 2022 14:56:16,654:Realtionship: 44 20 added!
10 Nov 2022 14:56:16,659:Realtionship: 74 88 added!
10 Nov 2022 14:56:16,668:Realtionship: 83 16 added!
10 Nov 2022 14:56:16,673:Realtionship: 82 53 added!
10 Nov 2022 14:56:16,679:Realtionship: 18 9 added!
10 Nov 2022 14:56:16,684:Realtionship: 33 68 added!
10 Nov 2022 14:56:16,689:Realtionship: 16 1 added!
10 Nov 2022 14:56:16,694:Realtionship: 5 20 added!
10 Nov 2022 14:56:16,701:Realtionship: 10 44 added!
10 Nov 2022 14:56:16,708:Realtionship: 69 77 added!
10 Nov 2022 14:56:16,718:Realtionship: 70 86 added!
10 Nov 2022 14:56:16,722:Realtionship: 91 59 added!
10 Nov 2022 14:56:16,726:Realtionship: 23 84 added!
10 Nov 2022 14:56:16,733:Realtionship: 25 29 added!
10 Nov 2022 14:56:16,738:Realtionship: 40 12 added!
10 Nov 2022 14:56:16,742:Realtionship: 38 76 added!
10 Nov 2022 14:56:16,750:Realtionship: 65 76 added!
10 Nov 2022 14:56:16,756:Realtionship: 80 33 added!
10 Nov 2022 14:56:16,761:Realtionship: 56 64 added!
10 Nov 2022 14:56:16,768:Realtionship: 97 19 added!
10 Nov 2022 14:56:16,773:Realtionship: 28 42 added!
10 Nov 2022 14:56:16,778:Realtionship: 44 84 added!
10 Nov 2022 14:56:16,784:Realtionship: 18 39 added!
10 Nov 2022 14:56:16,788:Realtionship: 88 90 added!
10 Nov 2022 14:56:16,792:Realtionship: 65 6 added!
10 Nov 2022 14:56:16,799:Realtionship: 21 86 added!
10 Nov 2022 14:56:16,803:Realtionship: 61 39 added!
10 Nov 2022 14:56:16,808:Realtionship: 24 32 added!
10 Nov 2022 14:56:16,815:Realtionship: 37 78 added!
10 Nov 2022 14:56:16,819:Realtionship: 14 4 added!
10 Nov 2022 14:56:16,823:Realtionship: 35 12 added!
10 Nov 2022 14:56:16,829:Realtionship: 12 84 added!
10 Nov 2022 14:56:16,835:Realtionship: 26 4 added!
10 Nov 2022 14:56:16,839:Realtionship: 48 54 added!
10 Nov 2022 14:56:16,844:Realtionship: 72 13 added!
10 Nov 2022 14:56:16,852:Realtionship: 53 58 added!
10 Nov 2022 14:56:16,860:Realtionship: 75 10 added!
10 Nov 2022 14:56:16,869:Realtionship: 66 91 added!
10 Nov 2022 14:56:16,876:Realtionship: 1 13 added!
10 Nov 2022 14:56:16,886:Realtionship: 64 81 added!
10 Nov 2022 14:56:16,895:Realtionship: 83 70 added!
10 Nov 2022 14:56:16,902:Realtionship: 16 70 added!
10 Nov 2022 14:56:16,907:Realtionship: 81 64 added!
10 Nov 2022 14:56:16,915:Realtionship: 42 9 added!
10 Nov 2022 14:56:16,923:Realtionship: 52 74 added!
10 Nov 2022 14:56:16,930:Realtionship: 11 3 added!
10 Nov 2022 14:56:16,936:Realtionship: 53 14 added!
10 Nov 2022 14:56:16,940:Realtionship: 70 51 added!
10 Nov 2022 14:56:16,944:Realtionship: 6 19 added!
10 Nov 2022 14:56:16,951:Realtionship: 61 53 added!
10 Nov 2022 14:56:16,956:Realtionship: 33 78 added!
10 Nov 2022 14:56:16,961:Realtionship: 88 82 added!
10 Nov 2022 14:56:16,967:Realtionship: 6 4 added!
10 Nov 2022 14:56:16,971:Realtionship: 19 54 added!
10 Nov 2022 14:56:16,975:Realtionship: 21 80 added!
10 Nov 2022 14:56:16,981:Realtionship: 64 63 added!
10 Nov 2022 14:56:16,985:Realtionship: 22 68 added!
10 Nov 2022 14:56:16,989:Realtionship: 11 15 added!
10 Nov 2022 14:56:16,992:Realtionship: 66 85 added!
10 Nov 2022 14:56:16,999:Realtionship: 66 68 added!
10 Nov 2022 14:56:17,003:Realtionship: 64 8 added!
10 Nov 2022 14:56:17,007:Realtionship: 63 65 added!
10 Nov 2022 14:56:17,012:Realtionship: 68 53 added!
10 Nov 2022 14:56:17,017:Realtionship: 69 89 added!
10 Nov 2022 14:56:17,021:Realtionship: 40 97 added!
10 Nov 2022 14:56:17,025:Realtionship: 48 23 added!
10 Nov 2022 14:56:17,031:Realtionship: 3 46 added!
10 Nov 2022 14:56:17,035:Realtionship: 25 78 added!
10 Nov 2022 14:56:17,039:Realtionship: 84 86 added!
10 Nov 2022 14:56:17,043:Realtionship: 95 85 added!
10 Nov 2022 14:56:17,049:Realtionship: 95 54 added!
10 Nov 2022 14:56:17,054:Realtionship: 64 30 added!
10 Nov 2022 14:56:17,058:Realtionship: 25 96 added!
10 Nov 2022 14:56:17,062:Realtionship: 91 19 added!
10 Nov 2022 14:56:17,068:Realtionship: 88 15 added!
10 Nov 2022 14:56:17,073:Realtionship: 75 46 added!
10 Nov 2022 14:56:17,076:Realtionship: 48 85 added!
10 Nov 2022 14:56:17,083:Realtionship: 54 73 added!
10 Nov 2022 14:56:17,087:Realtionship: 43 48 added!
10 Nov 2022 14:56:17,092:Realtionship: 35 13 added!
10 Nov 2022 14:56:17,098:Realtionship: 4 94 added!
10 Nov 2022 14:56:17,102:Realtionship: 61 31 added!
10 Nov 2022 14:56:17,106:Realtionship: 77 39 added!
10 Nov 2022 14:56:17,110:Realtionship: 12 1 added!
10 Nov 2022 14:56:17,116:Realtionship: 70 44 added!
10 Nov 2022 14:56:17,120:Realtionship: 97 82 added!
10 Nov 2022 14:56:17,124:Realtionship: 59 93 added!
10 Nov 2022 14:56:17,129:Realtionship: 94 99 added!
10 Nov 2022 14:56:17,134:Realtionship: 52 24 added!
10 Nov 2022 14:56:17,139:Realtionship: 67 83 added!
10 Nov 2022 14:56:17,142:Realtionship: 83 49 added!
10 Nov 2022 14:56:17,148:Realtionship: 57 43 added!
10 Nov 2022 14:56:17,154:Realtionship: 58 45 added!
10 Nov 2022 14:56:17,157:Realtionship: 68 63 added!
11 nov. 2022 17:14:28,592:Added student: Wayne Thiel
11 nov. 2022 17:14:29,124:Added student: Kenny Schmitt
11 nov. 2022 17:14:29,273:Added student: Mertie Hills
11 nov. 2022 17:14:29,420:Added student: Trevor Macejkovic II
11 nov. 2022 17:14:29,581:Added student: Jeanie Frami
11 nov. 2022 17:14:29,684:Added student: Mathilde O'Connell DVM
11 nov. 2022 17:14:29,910:Added student: Vergie Nienow DDS
11 nov. 2022 17:14:29,984:Added student: Ms. Clemens Donnelly
11 nov. 2022 17:14:30,051:Added student: Miss Hilbert Haley
11 nov. 2022 17:14:30,112:Added student: Ephraim Kiehn Jr.
11 nov. 2022 17:14:30,208:Added student: Mr. Orie Ankunding
11 nov. 2022 17:14:30,364:Added student: Oswaldo Balistreri PhD
11 nov. 2022 17:14:30,525:Added student: Colten Muller
11 nov. 2022 17:14:30,652:Added student: Miss Myah West
11 nov. 2022 17:14:30,779:Added student: Summer Hilll
11 nov. 2022 17:14:30,851:Added student: Elody Collins IV
11 nov. 2022 17:14:30,963:Added student: Floyd Yundt
11 nov. 2022 17:14:31,046:Added student: Maxine Dibbert
11 nov. 2022 17:14:31,118:Added student: Margarette Bashirian
11 nov. 2022 17:14:31,200:Added student: Ted Wilderman
11 nov. 2022 17:14:31,288:Added student: Nadia Wiza
11 nov. 2022 17:14:31,373:Added student: Emmet Orn
11 nov. 2022 17:14:31,448:Added student: Marjorie Gaylord MD
11 nov. 2022 17:14:31,509:Added student: Carmelo Halvorson
11 nov. 2022 17:14:31,586:Added student: Minerva Dicki
11 nov. 2022 17:14:31,648:Added student: Elenora Schmidt
11 nov. 2022 17:14:31,725:Added student: Amelia Terry
11 nov. 2022 17:14:31,854:Added student: Kiara Nolan MD
11 nov. 2022 17:14:31,980:Added student: Wayne Schmidt
11 nov. 2022 17:14:32,108:Added student: Damaris Sauer
11 nov. 2022 17:14:32,201:Added student: Pablo Mayer
11 nov. 2022 17:14:32,302:Added student: Vern Farrell
11 nov. 2022 17:14:32,390:Added student: Constance Kassulke
11 nov. 2022 17:14:32,459:Added student: Dr. Kaitlin Graham
11 nov. 2022 17:14:32,513:Added student: Lisandro Kohler
11 nov. 2022 17:14:32,564:Added student: Chaya McDermott
11 nov. 2022 17:14:32,627:Added student: Russ Stamm
11 nov. 2022 17:14:32,706:Added student: Mrs. Dawson Mosciski
11 nov. 2022 17:14:32,792:Added student: Howell Bechtelar
11 nov. 2022 17:14:32,881:Added student: Bailee Ward PhD
11 nov. 2022 17:14:32,974:Added student: Oma Sipes
11 nov. 2022 17:14:33,064:Added student: Boris Connelly
11 nov. 2022 17:14:33,175:Added student: Alda Zieme
11 nov. 2022 17:14:33,255:Added student: Isabella Rempel V
11 nov. 2022 17:14:33,338:Added student: Karson Osinski
11 nov. 2022 17:14:33,402:Added student: Arnulfo Grant
11 nov. 2022 17:14:33,474:Added student: Gabriel Schoen
11 nov. 2022 17:14:33,588:Added student: Willard Quitzon
11 nov. 2022 17:14:33,707:Added student: Brando Kling
11 nov. 2022 17:14:33,761:Added student: Charlie Legros
11 nov. 2022 17:14:33,843:Added student: Antone Durgan
11 nov. 2022 17:14:33,936:Added student: Stanford Trantow PhD
11 nov. 2022 17:14:34,032:Added student: Elsie Lakin
11 nov. 2022 17:14:34,109:Added student: Nicola Reichel PhD
11 nov. 2022 17:14:34,179:Added student: Nicolette Douglas Jr.
11 nov. 2022 17:14:34,252:Added student: Brennan Kuhn
11 nov. 2022 17:14:34,317:Added student: Mallory Hauck
11 nov. 2022 17:14:34,380:Added student: Austin Johnson
11 nov. 2022 17:14:34,439:Added student: Dr. Micheal Sawayn
11 nov. 2022 17:14:34,490:Added student: Prince Grant III
11 nov. 2022 17:14:34,550:Added student: Candelario Ernser
11 nov. 2022 17:14:34,629:Added student: Pete Kertzmann
11 nov. 2022 17:14:34,706:Added student: Edd Anderson
11 nov. 2022 17:14:34,807:Added student: Barney Luettgen
11 nov. 2022 17:14:34,915:Added student: Alice Ledner
11 nov. 2022 17:14:35,010:Added student: Lawrence McCullough III
11 nov. 2022 17:14:35,133:Added student: Maritza Von
11 nov. 2022 17:14:35,242:Added student: Zachary Jaskolski
11 nov. 2022 17:14:35,339:Added student: Sherwood Carter
11 nov. 2022 17:14:35,456:Added student: Meghan Bartoletti DVM
11 nov. 2022 17:14:35,551:Added student: Lemuel Bednar IV
11 nov. 2022 17:14:35,618:Added student: Dolly Gutkowski
11 nov. 2022 17:14:35,694:Added student: Nola Hermann
11 nov. 2022 17:14:35,772:Added student: Timmy West
11 nov. 2022 17:14:35,836:Added student: Uriah Ledner DVM
11 nov. 2022 17:14:35,930:Added student: Sydni Simonis
11 nov. 2022 17:14:36,017:Added student: Adolf Parker PhD
11 nov. 2022 17:14:36,112:Added student: Bennett Jones
11 nov. 2022 17:14:36,197:Added student: Lesley Pollich
11 nov. 2022 17:14:36,310:Added student: Kody Watsica
11 nov. 2022 17:14:36,401:Added student: Baron Wisoky
11 nov. 2022 17:14:36,484:Added student: Luther Stroman
11 nov. 2022 17:14:36,543:Added student: Frankie Cartwright
11 nov. 2022 17:14:36,610:Added student: Marley Hills
11 nov. 2022 17:14:36,691:Added student: Deon Baumbach
11 nov. 2022 17:14:36,739:Added student: Jeanie Beahan
11 nov. 2022 17:14:36,821:Added student: Mrs. Pascale Gottlieb
11 nov. 2022 17:14:36,910:Added student: Katrine Rowe
11 nov. 2022 17:14:36,967:Added student: Ezra Schuppe
11 nov. 2022 17:14:37,036:Added student: Aditya Upton
11 nov. 2022 17:14:37,095:Added student: Dewayne Orn
11 nov. 2022 17:14:37,179:Added student: Jeremie Greenfelder
11 nov. 2022 17:14:37,269:Added student: Friedrich Dibbert
11 nov. 2022 17:14:37,343:Added student: Melvina Parisian
11 nov. 2022 17:14:37,403:Added student: Piper Schroeder
11 nov. 2022 17:14:37,480:Added student: Frederique Parker PhD
11 nov. 2022 17:14:37,526:Added student: Ariel Green V
11 nov. 2022 17:14:37,620:Added student: Stuart Brown
11 nov. 2022 17:14:37,705:Added student: Jett Crona
11 nov. 2022 17:14:37,818:Added student: Bianka Klein
11 nov. 2022 17:14:37,900:Added student: Jesse Larson
11 nov. 2022 17:14:37,962:Added student: Simone Roob
11 nov. 2022 17:14:38,014:Added student: Nathanael Lowe MD
11 nov. 2022 17:14:38,093:Added student: Hunter Predovic
11 nov. 2022 17:14:38,182:Added student: Miss Hillard Batz
11 nov. 2022 17:14:38,266:Added student: Xavier Stamm
11 nov. 2022 17:14:38,365:Added student: Ludie Marquardt
11 nov. 2022 17:14:38,456:Added student: Tobin Hodkiewicz
11 nov. 2022 17:14:38,518:Added student: Zoey Greenfelder
11 nov. 2022 17:14:38,580:Added student: Marley Hammes PhD
11 nov. 2022 17:14:38,627:Added student: Jamir Tillman
11 nov. 2022 17:14:38,696:Added student: Minerva Carter MD
11 nov. 2022 17:14:38,774:Added student: Phoebe Greenfelder
11 nov. 2022 17:14:38,847:Added student: Daphney Bode
11 nov. 2022 17:14:38,922:Added student: Mathew Abshire
11 nov. 2022 17:14:38,995:Added student: Lenore Vandervort
11 nov. 2022 17:14:39,079:Added student: Kendrick Turcotte
11 nov. 2022 17:14:39,174:Added student: Dr. Neha Nader
11 nov. 2022 17:14:39,280:Added student: Alene Schumm I
11 nov. 2022 17:14:39,386:Added student: Mohammad Bradtke I
11 nov. 2022 17:14:39,480:Added student: Aiyana Sporer MD
11 nov. 2022 17:14:39,558:Added student: Lisa Lang
11 nov. 2022 17:14:39,636:Added student: Tiana Wyman
11 nov. 2022 17:14:39,699:Added student: Efrain Rolfson
11 nov. 2022 17:14:39,773:Added student: Rosemary Homenick
11 nov. 2022 17:14:39,826:Added student: Braeden Kozey
11 nov. 2022 17:14:39,888:Added student: Sabina Hirthe
11 nov. 2022 17:14:40,014:Added student: Jazlyn Crooks
11 nov. 2022 17:14:40,149:Added student: Flavie Huel
11 nov. 2022 17:14:40,251:Added student: Lizeth Robel
11 nov. 2022 17:14:40,340:Added student: Ms. Judge Muller
11 nov. 2022 17:14:40,396:Added student: Rudy Price
11 nov. 2022 17:14:40,470:Added student: Remington Ferry
11 nov. 2022 17:14:40,539:Added student: Jett Prosacco
11 nov. 2022 17:14:40,600:Added student: Adella Smitham
11 nov. 2022 17:14:40,663:Added student: Sarina Lemke
11 nov. 2022 17:14:40,726:Added student: Howard Batz Sr.
11 nov. 2022 17:14:40,791:Added student: Maymie Friesen V
11 nov. 2022 17:14:40,898:Added student: Patience Bashirian Jr.
11 nov. 2022 17:14:40,978:Added student: Jaylan Bechtelar
11 nov. 2022 17:14:41,026:Added student: Ms. Adolfo Schoen
11 nov. 2022 17:14:41,087:Added student: Hollie Mayer
11 nov. 2022 17:14:41,166:Added student: Curtis Rippin V
11 nov. 2022 17:14:41,263:Added student: Rahul Terry
11 nov. 2022 17:14:41,343:Added student: Garland Raynor V
11 nov. 2022 17:14:41,418:Added student: Stuart O'Connell
11 nov. 2022 17:14:41,497:Added student: Lilyan Koss
11 nov. 2022 17:14:41,582:Added student: Margarete Auer
11 nov. 2022 17:14:41,663:Added student: Ellsworth Stanton
11 nov. 2022 17:14:41,729:Added student: Arch Kovacek
11 nov. 2022 17:14:41,791:Added professor: Maria Marquardt Sr.
11 nov. 2022 17:14:41,876:Added professor: Marianne Barton
11 nov. 2022 17:14:41,954:Added professor: Ms. Rosalia Rau
11 nov. 2022 17:14:42,033:Added professor: Daphnee Hickle
11 nov. 2022 17:14:42,130:Added professor: Clotilde Grimes Sr.
11 nov. 2022 17:14:42,212:Added professor: Raven Murazik
11 nov. 2022 17:14:42,295:Added professor: Giles Frami
11 nov. 2022 17:14:42,383:Added professor: Lea Berge PhD
11 nov. 2022 17:14:42,476:Added professor: Burnice Huel
11 nov. 2022 17:14:42,547:Added professor: Willard Larkin
11 nov. 2022 17:14:42,615:Added professor: Sheldon Morissette
11 nov. 2022 17:14:42,668:Added professor: Mabelle Moore
11 nov. 2022 17:14:42,731:Added professor: Norene Rohan
11 nov. 2022 17:14:42,790:Added professor: Kariane Schuster
11 nov. 2022 17:14:42,854:Added professor: Miss Alford Schroeder
11 nov. 2022 17:14:42,953:Added professor: Salma Schneider III
11 nov. 2022 17:14:43,048:Added professor: Rahul Schiller
11 nov. 2022 17:14:43,094:Added professor: Dr. Makenzie Kirlin
11 nov. 2022 17:14:43,172:Added professor: Brice Stiedemann DVM
11 nov. 2022 17:14:43,266:Added professor: Lula Klein
11 nov. 2022 17:14:43,351:Added professor: Wanda Graham
11 nov. 2022 17:14:43,439:Added professor: Rafaela Prosacco
11 nov. 2022 17:14:43,518:Added professor: Lukas West
11 nov. 2022 17:14:43,610:Added professor: Alexandrea Davis
11 nov. 2022 17:14:43,692:Added professor: Eldridge Schmitt III
11 nov. 2022 17:14:43,781:Added professor: Dr. Esta Kassulke
11 nov. 2022 17:14:43,838:Added professor: Johnpaul Spinka
11 nov. 2022 17:14:43,918:Added professor: Abagail Schaden
11 nov. 2022 17:14:44,012:Added professor: Marcella Deckow
11 nov. 2022 17:14:44,090:Added professor: Tavares Hills
11 nov. 2022 17:14:44,171:Added professor: Khalid Eichmann
11 nov. 2022 17:14:44,248:Added professor: Wallace Bashirian
11 nov. 2022 17:14:44,335:Added professor: Marielle Zboncak
11 nov. 2022 17:14:44,405:Added professor: Antonina Marvin
11 nov. 2022 17:14:44,468:Added professor: Mrs. Therese Kutch
11 nov. 2022 17:14:44,542:Added professor: Jamal Ritchie II
11 nov. 2022 17:14:44,620:Added professor: Eleonore Walsh
11 nov. 2022 17:14:44,691:Added professor: Elisha O'Conner IV
11 nov. 2022 17:14:44,786:Added professor: Izabella Kutch
11 nov. 2022 17:14:44,865:Added professor: Manley Buckridge
11 nov. 2022 17:14:44,950:Added professor: Nichole Bergstrom
11 nov. 2022 17:14:45,023:Added professor: Abelardo Kub
11 nov. 2022 17:14:45,086:Added professor: Mable Lowe
11 nov. 2022 17:14:45,150:Added professor: Una Schulist I
11 nov. 2022 17:14:45,218:Added professor: Reba Trantow
11 nov. 2022 17:14:45,288:Added professor: Orlando Greenholt
11 nov. 2022 17:14:45,355:Added professor: Saul Schimmel IV
11 nov. 2022 17:14:45,435:Added professor: Judson Littel
11 nov. 2022 17:14:45,524:Added professor: Miss Dorian Abernathy
11 nov. 2022 17:14:45,592:Added professor: Noemie McCullough
11 nov. 2022 17:14:45,673:Added professor: Jorge Luettgen
11 nov. 2022 17:14:45,750:Added professor: Letha Abernathy
11 nov. 2022 17:14:45,820:Added professor: Alf Schiller
11 nov. 2022 17:14:45,891:Added professor: Seamus Howell
11 nov. 2022 17:14:45,971:Added professor: Kirstin Beahan
11 nov. 2022 17:14:46,050:Added professor: Ivah Willms
11 nov. 2022 17:14:46,128:Added professor: Jamel Grant
11 nov. 2022 17:14:46,222:Added professor: Davonte Corwin
11 nov. 2022 17:14:46,302:Added professor: Hannah Cummerata
11 nov. 2022 17:14:46,383:Added professor: Rosa Sporer
11 nov. 2022 17:14:46,458:Added professor: Kiarra Stehr
11 nov. 2022 17:14:46,506:Added professor: Tessie Kris
11 nov. 2022 17:14:46,568:Added professor: Willie Lang
11 nov. 2022 17:14:46,626:Added professor: Lowell Fay III
11 nov. 2022 17:14:46,692:Added professor: Miss Jakob Jerde
11 nov. 2022 17:14:46,744:Added professor: Toby Yost
11 nov. 2022 17:14:46,808:Added professor: Sharon Buckridge
11 nov. 2022 17:14:46,862:Added professor: Izaiah Bosco
11 nov. 2022 17:14:46,921:Added professor: Jeramie Zboncak
11 nov. 2022 17:14:46,983:Added professor: Aron Dare Sr.
11 nov. 2022 17:14:47,062:Added professor: Imelda Corwin
11 nov. 2022 17:14:47,125:Added professor: Drew Bins
11 nov. 2022 17:14:47,189:Added professor: Golden Ritchie
11 nov. 2022 17:14:47,279:Added professor: Aiyana Hartmann
11 nov. 2022 17:14:47,371:Added professor: Misty Kris
11 nov. 2022 17:14:47,479:Added professor: Ms. Carolyne Hettinger
11 nov. 2022 17:14:47,567:Added professor: Sheridan Hessel
11 nov. 2022 17:14:47,671:Added professor: Shanna Hettinger
11 nov. 2022 17:14:47,752:Added professor: Mr. Casimir Becker
11 nov. 2022 17:14:47,829:Added professor: Al Bode
11 nov. 2022 17:14:47,903:Added professor: Ms. Emerson DuBuque
11 nov. 2022 17:14:47,982:Added professor: Pablo Hahn
11 nov. 2022 17:14:48,061:Added professor: Schuyler Kling
11 nov. 2022 17:14:48,130:Added professor: Estevan Schaefer
11 nov. 2022 17:14:48,189:Added professor: Quinten Cronin
11 nov. 2022 17:14:48,250:Added professor: Kurtis Breitenberg
11 nov. 2022 17:14:48,312:Added professor: Mr. Garrett Ernser
11 nov. 2022 17:14:48,412:Added professor: Sheridan Oberbrunner DVM
11 nov. 2022 17:14:48,497:Added professor: Lowell Streich
11 nov. 2022 17:14:48,581:Added professor: Kimberly Emard
11 nov. 2022 17:14:48,670:Added professor: Meredith Kozey
11 nov. 2022 17:14:48,751:Added professor: Elza Kiehn
11 nov. 2022 17:14:48,824:Added professor: Josie Blick
11 nov. 2022 17:14:48,915:Added professor: Mariam Willms
11 nov. 2022 17:14:48,999:Added professor: Skylar Hansen
11 nov. 2022 17:14:49,089:Added professor: Rhea Boyer
11 nov. 2022 17:14:49,176:Added professor: Darien Armstrong
11 nov. 2022 17:14:49,262:Added professor: Shad Quitzon
11 nov. 2022 17:14:49,355:Added professor: Kristoffer Dicki Sr.
11 nov. 2022 17:14:49,448:Added professor: Rubie Barrows
11 nov. 2022 17:14:49,463:Realtionship: 124 145 added!
11 nov. 2022 17:14:49,474:Realtionship: 126 96 added!
11 nov. 2022 17:14:49,483:Realtionship: 10 156 added!
11 nov. 2022 17:14:49,489:Realtionship: 193 183 added!
11 nov. 2022 17:14:49,499:Realtionship: 29 94 added!
11 nov. 2022 17:14:49,506:Realtionship: 34 12 added!
11 nov. 2022 17:14:49,515:Realtionship: 14 128 added!
11 nov. 2022 17:14:49,515:Realtionship: 25 88 added!
11 nov. 2022 17:14:49,527:Realtionship: 26 190 added!
11 nov. 2022 17:14:49,534:Realtionship: 47 143 added!
11 nov. 2022 17:14:49,541:Realtionship: 188 105 added!
11 nov. 2022 17:14:49,545:Realtionship: 38 115 added!
11 nov. 2022 17:14:49,556:Realtionship: 42 5 added!
11 nov. 2022 17:14:49,563:Realtionship: 29 199 added!
11 nov. 2022 17:14:49,568:Realtionship: 5 183 added!
11 nov. 2022 17:14:49,573:Realtionship: 54 28 added!
11 nov. 2022 17:14:49,581:Realtionship: 86 5 added!
11 nov. 2022 17:14:49,589:Realtionship: 92 50 added!
11 nov. 2022 17:14:49,601:Realtionship: 138 46 added!
11 nov. 2022 17:14:49,605:Realtionship: 187 195 added!
11 nov. 2022 17:14:49,611:Realtionship: 49 37 added!
11 nov. 2022 17:14:49,613:Realtionship: 163 167 added!
11 nov. 2022 17:14:49,622:Realtionship: 94 147 added!
11 nov. 2022 17:14:49,628:Realtionship: 144 66 added!
11 nov. 2022 17:14:49,637:Realtionship: 112 8 added!
11 nov. 2022 17:14:49,637:Realtionship: 96 155 added!
11 nov. 2022 17:14:49,648:Realtionship: 195 108 added!
11 nov. 2022 17:14:49,655:Realtionship: 125 108 added!
11 nov. 2022 17:14:49,655:Realtionship: 182 8 added!
11 nov. 2022 17:14:49,671:Realtionship: 17 41 added!
11 nov. 2022 17:14:49,678:Realtionship: 81 125 added!
11 nov. 2022 17:14:49,685:Realtionship: 157 81 added!
11 nov. 2022 17:14:49,695:Realtionship: 149 36 added!
11 nov. 2022 17:14:49,702:Realtionship: 109 26 added!
11 nov. 2022 17:14:49,707:Realtionship: 90 64 added!
11 nov. 2022 17:14:49,717:Realtionship: 144 9 added!
11 nov. 2022 17:14:49,721:Realtionship: 79 139 added!
11 nov. 2022 17:14:49,733:Realtionship: 90 110 added!
11 nov. 2022 17:14:49,739:Realtionship: 170 119 added!
11 nov. 2022 17:14:49,746:Realtionship: 26 184 added!
11 nov. 2022 17:14:49,754:Realtionship: 124 25 added!
11 nov. 2022 17:14:49,757:Realtionship: 82 30 added!
11 nov. 2022 17:14:49,769:Realtionship: 73 20 added!
11 nov. 2022 17:14:49,778:Realtionship: 17 149 added!
11 nov. 2022 17:14:49,785:Realtionship: 140 122 added!
11 nov. 2022 17:14:49,792:Realtionship: 172 15 added!
11 nov. 2022 17:14:49,800:Realtionship: 47 57 added!
11 nov. 2022 17:14:49,800:Realtionship: 39 57 added!
11 nov. 2022 17:14:49,814:Realtionship: 100 128 added!
11 nov. 2022 17:14:49,824:Realtionship: 138 40 added!
11 nov. 2022 17:14:49,830:Realtionship: 47 54 added!
11 nov. 2022 17:14:49,830:Realtionship: 7 182 added!
11 nov. 2022 17:14:49,846:Realtionship: 66 21 added!
11 nov. 2022 17:14:49,850:Realtionship: 126 106 added!
11 nov. 2022 17:14:49,865:Realtionship: 83 80 added!
11 nov. 2022 17:14:49,873:Realtionship: 21 95 added!
11 nov. 2022 17:14:49,878:Realtionship: 123 121 added!
11 nov. 2022 17:14:49,890:Realtionship: 6 110 added!
11 nov. 2022 17:14:49,895:Realtionship: 73 98 added!
11 nov. 2022 17:14:49,904:Realtionship: 46 158 added!
11 nov. 2022 17:14:49,909:Realtionship: 146 36 added!
11 nov. 2022 17:14:49,921:Realtionship: 149 37 added!
11 nov. 2022 17:14:49,929:Realtionship: 70 185 added!
11 nov. 2022 17:14:49,936:Realtionship: 10 93 added!
11 nov. 2022 17:14:49,946:Realtionship: 57 183 added!
11 nov. 2022 17:14:49,946:Realtionship: 68 91 added!
11 nov. 2022 17:14:49,958:Realtionship: 160 76 added!
11 nov. 2022 17:14:49,965:Realtionship: 14 9 added!
11 nov. 2022 17:14:49,973:Realtionship: 100 50 added!
11 nov. 2022 17:14:49,973:Realtionship: 70 12 added!
11 nov. 2022 17:14:49,982:Realtionship: 41 123 added!
11 nov. 2022 17:14:49,992:Realtionship: 16 60 added!
11 nov. 2022 17:14:50,001:Realtionship: 31 165 added!
11 nov. 2022 17:14:50,007:Realtionship: 57 148 added!
11 nov. 2022 17:14:50,009:Realtionship: 37 17 added!
11 nov. 2022 17:14:50,009:Realtionship: 23 131 added!
11 nov. 2022 17:14:50,024:Realtionship: 191 168 added!
11 nov. 2022 17:14:50,029:Realtionship: 102 176 added!
11 nov. 2022 17:14:50,036:Realtionship: 198 122 added!
11 nov. 2022 17:14:50,044:Realtionship: 140 12 added!
11 nov. 2022 17:14:50,049:Realtionship: 105 98 added!
11 nov. 2022 17:14:50,056:Realtionship: 194 136 added!
11 nov. 2022 17:14:50,060:Realtionship: 14 56 added!
11 nov. 2022 17:14:50,069:Realtionship: 119 73 added!
11 nov. 2022 17:14:50,076:Realtionship: 64 170 added!
11 nov. 2022 17:14:50,083:Realtionship: 160 25 added!
11 nov. 2022 17:14:50,089:Realtionship: 147 60 added!
11 nov. 2022 17:14:50,094:Realtionship: 199 47 added!
11 nov. 2022 17:14:50,099:Realtionship: 36 79 added!
11 nov. 2022 17:14:50,110:Realtionship: 128 86 added!
11 nov. 2022 17:14:50,115:Realtionship: 100 79 added!
11 nov. 2022 17:14:50,120:Realtionship: 178 2 added!
11 nov. 2022 17:14:50,129:Realtionship: 91 99 added!
11 nov. 2022 17:14:50,131:Realtionship: 102 36 added!
11 nov. 2022 17:14:50,131:Realtionship: 57 155 added!
11 nov. 2022 17:14:50,147:Realtionship: 179 143 added!
11 nov. 2022 17:14:50,155:Realtionship: 186 151 added!
11 nov. 2022 17:14:50,161:Realtionship: 189 71 added!
11 nov. 2022 17:14:50,167:Realtionship: 180 156 added!
11 nov. 2022 17:14:50,172:Realtionship: 144 62 added!
11 nov. 2022 17:14:50,178:Realtionship: 117 16 added!
11 nov. 2022 17:14:50,183:Realtionship: 199 17 added!
11 nov. 2022 17:14:50,189:Realtionship: 24 12 added!
11 nov. 2022 17:14:50,195:Realtionship: 87 114 added!
11 nov. 2022 17:14:50,199:Realtionship: 190 4 added!
11 nov. 2022 17:14:50,202:Realtionship: 154 92 added!
11 nov. 2022 17:14:50,212:Realtionship: 138 79 added!
11 nov. 2022 17:14:50,218:Realtionship: 102 15 added!
11 nov. 2022 17:14:50,221:Realtionship: 145 160 added!
11 nov. 2022 17:14:50,226:Realtionship: 159 108 added!
11 nov. 2022 17:14:50,234:Realtionship: 30 90 added!
11 nov. 2022 17:14:50,240:Realtionship: 78 58 added!
11 nov. 2022 17:14:50,246:Realtionship: 193 108 added!
11 nov. 2022 17:14:50,251:Realtionship: 191 159 added!
11 nov. 2022 17:14:50,255:Realtionship: 30 94 added!
11 nov. 2022 17:14:50,259:Realtionship: 103 153 added!
11 nov. 2022 17:14:50,259:Realtionship: 160 169 added!
11 nov. 2022 17:14:50,273:Realtionship: 198 150 added!
11 nov. 2022 17:14:50,273:Realtionship: 87 150 added!
11 nov. 2022 17:14:50,273:Realtionship: 155 82 added!
11 nov. 2022 17:14:50,291:Realtionship: 71 166 added!
11 nov. 2022 17:14:50,291:Realtionship: 129 98 added!
11 nov. 2022 17:14:50,305:Realtionship: 21 72 added!
11 nov. 2022 17:14:50,305:Realtionship: 58 177 added!
11 nov. 2022 17:14:50,321:Realtionship: 22 42 added!
11 nov. 2022 17:14:50,321:Realtionship: 44 147 added!
11 nov. 2022 17:14:50,321:Realtionship: 122 131 added!
11 nov. 2022 17:14:50,336:Realtionship: 116 172 added!
11 nov. 2022 17:14:50,336:Realtionship: 59 161 added!
11 nov. 2022 17:14:50,349:Realtionship: 135 174 added!
11 nov. 2022 17:14:50,357:Realtionship: 37 26 added!
11 nov. 2022 17:14:50,361:Realtionship: 20 71 added!
11 nov. 2022 17:14:50,368:Realtionship: 6 12 added!
11 nov. 2022 17:14:50,368:Realtionship: 36 82 added!
11 nov. 2022 17:14:50,384:Realtionship: 169 120 added!
11 nov. 2022 17:14:50,386:Realtionship: 157 184 added!
11 nov. 2022 17:14:50,397:Realtionship: 7 133 added!
11 nov. 2022 17:14:50,400:Realtionship: 183 172 added!
11 nov. 2022 17:14:50,406:Realtionship: 186 34 added!
11 nov. 2022 17:14:50,410:Realtionship: 192 83 added!
11 nov. 2022 17:14:50,418:Realtionship: 147 116 added!
11 nov. 2022 17:14:50,424:Realtionship: 177 178 added!
11 nov. 2022 17:14:50,436:Realtionship: 31 196 added!
11 nov. 2022 17:14:50,436:Realtionship: 22 116 added!
11 nov. 2022 17:14:50,447:Realtionship: 147 199 added!
11 nov. 2022 17:14:50,449:Realtionship: 149 55 added!
11 nov. 2022 17:14:50,459:Realtionship: 118 194 added!
11 nov. 2022 17:14:50,466:Realtionship: 106 119 added!
11 nov. 2022 17:14:50,471:Realtionship: 187 131 added!
11 nov. 2022 17:14:50,476:Realtionship: 123 48 added!
11 nov. 2022 17:14:50,482:Realtionship: 32 172 added!
11 nov. 2022 17:14:50,489:Realtionship: 162 8 added!
11 nov. 2022 17:14:50,496:Realtionship: 5 162 added!
11 nov. 2022 17:14:50,499:Realtionship: 52 131 added!
11 nov. 2022 17:14:50,505:Realtionship: 143 6 added!
11 nov. 2022 17:14:50,512:Realtionship: 30 17 added!
11 nov. 2022 17:14:50,518:Realtionship: 170 108 added!
11 nov. 2022 17:14:50,518:Realtionship: 85 170 added!
11 nov. 2022 17:14:50,530:Realtionship: 131 65 added!
11 nov. 2022 17:14:50,530:Realtionship: 65 166 added!
11 nov. 2022 17:14:50,541:Realtionship: 24 108 added!
11 nov. 2022 17:14:50,543:Realtionship: 65 194 added!
11 nov. 2022 17:14:50,543:Realtionship: 49 20 added!
11 nov. 2022 17:14:50,555:Realtionship: 67 38 added!
11 nov. 2022 17:14:50,562:Realtionship: 28 172 added!
11 nov. 2022 17:14:50,566:Realtionship: 156 31 added!
11 nov. 2022 17:14:50,571:Realtionship: 86 177 added!
11 nov. 2022 17:14:50,579:Realtionship: 90 18 added!
11 nov. 2022 17:14:50,584:Realtionship: 97 94 added!
11 nov. 2022 17:14:50,591:Realtionship: 150 54 added!
11 nov. 2022 17:14:50,596:Realtionship: 146 121 added!
11 nov. 2022 17:14:50,600:Realtionship: 195 9 added!
11 nov. 2022 17:14:50,608:Realtionship: 174 149 added!
11 nov. 2022 17:14:50,615:Realtionship: 71 162 added!
11 nov. 2022 17:14:50,615:Realtionship: 125 153 added!
11 nov. 2022 17:14:50,629:Realtionship: 47 126 added!
11 nov. 2022 17:14:50,633:Realtionship: 29 157 added!
11 nov. 2022 17:14:50,642:Realtionship: 65 33 added!
11 nov. 2022 17:14:50,649:Realtionship: 197 163 added!
11 nov. 2022 17:14:50,656:Realtionship: 76 19 added!
11 nov. 2022 17:14:50,663:Realtionship: 33 105 added!
11 nov. 2022 17:14:50,672:Realtionship: 176 7 added!
11 nov. 2022 17:14:50,678:Realtionship: 182 195 added!
11 nov. 2022 17:14:50,678:Realtionship: 101 93 added!
11 nov. 2022 17:14:50,691:Realtionship: 162 11 added!
11 nov. 2022 17:14:50,697:Realtionship: 92 30 added!
11 nov. 2022 17:14:50,705:Realtionship: 26 109 added!
11 nov. 2022 17:14:50,710:Realtionship: 69 141 added!
11 nov. 2022 17:14:50,717:Realtionship: 122 120 added!
11 nov. 2022 17:14:50,724:Realtionship: 93 73 added!
11 nov. 2022 17:14:50,729:Realtionship: 173 23 added!
11 nov. 2022 17:14:50,736:Realtionship: 162 147 added!
11 nov. 2022 17:14:50,736:Realtionship: 184 102 added!
11 nov. 2022 17:14:50,752:Realtionship: 34 89 added!
11 nov. 2022 17:14:50,759:Realtionship: 142 95 added!
11 nov. 2022 17:14:50,766:Realtionship: 65 123 added!
11 nov. 2022 17:14:50,769:Realtionship: 79 64 added!
11 nov. 2022 17:14:50,779:Realtionship: 108 77 added!
11 nov. 2022 17:14:50,787:Realtionship: 172 123 added!
11 nov. 2022 17:14:50,798:Realtionship: 199 133 added!
11 nov. 2022 17:15:53,647:Added student: Kaleb Roberts
11 nov. 2022 17:15:54,023:Added student: Leif Smitham
11 nov. 2022 17:15:54,149:Added student: Alvera Ritchie
11 nov. 2022 17:15:54,258:Added student: Ali Kub
11 nov. 2022 17:15:54,354:Added student: Heidi Fadel
11 nov. 2022 17:15:54,415:Added student: Ms. Tania D'Amore
11 nov. 2022 17:15:54,526:Added student: Mr. Ellen Weimann
11 nov. 2022 17:15:54,636:Added student: Green Fahey
11 nov. 2022 17:15:54,741:Added student: Martin Corkery
11 nov. 2022 17:15:54,794:Added student: Vida Swift Sr.
11 nov. 2022 17:15:54,877:Added student: Vern Waelchi
11 nov. 2022 17:15:54,998:Added student: Maryjane Purdy II
11 nov. 2022 17:15:55,139:Added student: Stephon O'Conner I
11 nov. 2022 17:15:55,282:Added student: Robyn Runte
11 nov. 2022 17:15:55,424:Added student: Neal Gorczany
11 nov. 2022 17:15:55,522:Added student: Jacynthe Labadie IV
11 nov. 2022 17:15:55,621:Added student: Regan Feeney
11 nov. 2022 17:15:55,692:Added student: Urban Marvin
11 nov. 2022 17:15:55,797:Added student: Reymundo Paucek
11 nov. 2022 17:15:55,898:Added student: Karson Simonis
11 nov. 2022 17:15:56,018:Added student: Melisa Mante
11 nov. 2022 17:15:56,126:Added student: Eldora Howell
11 nov. 2022 17:15:56,213:Added student: Nestor Feeney
11 nov. 2022 17:15:56,297:Added student: Rachael Kozey MD
11 nov. 2022 17:15:56,386:Added student: Miss Haleigh Carroll
11 nov. 2022 17:15:56,497:Added student: Antonina Moen
11 nov. 2022 17:15:56,591:Added student: Dr. Salvador Schultz
11 nov. 2022 17:15:56,662:Added student: Maritza Douglas
11 nov. 2022 17:15:56,726:Added student: Mr. Melisa Gibson
11 nov. 2022 17:15:56,781:Added student: Gus Lockman
11 nov. 2022 17:15:56,891:Added student: Anastacio Yost III
11 nov. 2022 17:15:57,080:Added student: Trycia Marquardt
11 nov. 2022 17:15:57,189:Added student: General Schinner I
11 nov. 2022 17:15:57,322:Added student: Loma DuBuque
11 nov. 2022 17:15:57,426:Added professor: Newton Boyer Jr.
11 nov. 2022 17:15:57,522:Added professor: Madie Weber Jr.
11 nov. 2022 17:15:57,604:Added professor: Mossie Metz
11 nov. 2022 17:15:57,696:Added professor: Krystina Russel II
11 nov. 2022 17:15:57,791:Added professor: Dr. Joesph Blanda
11 nov. 2022 17:15:57,886:Added professor: Everette Upton I
11 nov. 2022 17:15:57,976:Added professor: Consuelo Boyer
11 nov. 2022 17:15:58,046:Added professor: Darien Ruecker
11 nov. 2022 17:15:58,109:Added professor: Heber Lowe
11 nov. 2022 17:15:58,234:Added professor: Reed Reynolds
11 nov. 2022 17:15:58,410:Added professor: Afton Auer
11 nov. 2022 17:15:58,592:Added professor: Sincere O'Hara
11 nov. 2022 17:15:58,664:Added professor: Kenna Mayer MD
11 nov. 2022 17:15:58,745:Added professor: Eusebio Kreiger
11 nov. 2022 17:15:58,851:Added professor: Mr. Taya Kautzer
11 nov. 2022 17:15:58,944:Added professor: Leonora Hegmann
11 nov. 2022 17:15:59,019:Added professor: Leonie Kovacek
11 nov. 2022 17:15:59,085:Added professor: Eryn Murphy
11 nov. 2022 17:15:59,145:Added professor: Celestino Runte
11 nov. 2022 17:15:59,197:Added professor: Mattie Stark
11 nov. 2022 17:15:59,275:Added professor: Rodger Jerde III
11 nov. 2022 17:15:59,347:Added professor: Toy Legros
11 nov. 2022 17:15:59,403:Added professor: Mrs. Ludie O'Hara
11 nov. 2022 17:15:59,468:Added professor: Leo Effertz
11 nov. 2022 17:15:59,558:Added professor: Dino Parker
11 nov. 2022 17:15:59,653:Added professor: Mrs. Ashlee Leffler
11 nov. 2022 17:15:59,747:Added professor: Nathen Littel
11 nov. 2022 17:15:59,842:Added professor: Ms. Annamae Breitenberg
11 nov. 2022 17:15:59,936:Added professor: Alexa Rodriguez
11 nov. 2022 17:16:00,007:Added professor: Adolphus Klein
11 nov. 2022 17:16:00,072:Added professor: Kaci Rutherford
11 nov. 2022 17:16:00,126:Added professor: Rudy Lindgren
11 nov. 2022 17:16:00,213:Added professor: Dr. Richie Quitzon
11 nov. 2022 17:16:00,283:Added professor: Garrett Corkery
11 nov. 2022 17:16:00,362:Added professor: Dr. Hilma Gutkowski
11 nov. 2022 17:16:00,442:Added professor: Reagan Stamm
11 nov. 2022 17:16:00,533:Added professor: Eugene Ledner DVM
11 nov. 2022 17:16:00,615:Added professor: Jamel Wuckert
11 nov. 2022 17:16:00,695:Added professor: Mrs. Lester White
11 nov. 2022 17:16:00,773:Added professor: Mrs. Dixie MacGyver
11 nov. 2022 17:16:00,868:Added professor: Ora Mitchell
11 nov. 2022 17:16:00,967:Added professor: Miss Jefferey Raynor
11 nov. 2022 17:16:01,043:Added professor: Jeromy Collier
11 nov. 2022 17:16:01,105:Added professor: Mr. Jedidiah Bergnaum
11 nov. 2022 17:16:01,167:Added professor: Bailey Fritsch
11 nov. 2022 17:16:01,216:Added professor: Sheridan Mohr
11 nov. 2022 17:16:01,280:Added professor: Cleveland Rippin
11 nov. 2022 17:16:01,374:Added professor: Mrs. Gillian Bauch
11 nov. 2022 17:16:01,439:Added professor: Kailey Rau
11 nov. 2022 17:16:01,532:Added professor: Mohammed Collier
11 nov. 2022 17:16:01,603:Added professor: Humberto Runolfsdottir
11 nov. 2022 17:16:01,676:Added professor: Kenyatta Harvey
11 nov. 2022 17:16:01,770:Added professor: Tre Miller Jr.
11 nov. 2022 17:16:01,849:Added professor: Ronny Bailey V
11 nov. 2022 17:16:01,943:Added professor: Mr. Devon Legros
11 nov. 2022 17:16:02,064:Added professor: Shaina Becker
11 nov. 2022 17:16:02,174:Added professor: Garth Wintheiser
11 nov. 2022 17:16:02,275:Added professor: Cesar Leuschke
11 nov. 2022 17:16:02,338:Added professor: Joshuah Reichert
11 nov. 2022 17:16:02,385:Added professor: Rocky Will
11 nov. 2022 17:16:02,463:Added professor: Fae Davis DDS
11 nov. 2022 17:16:02,515:Added professor: Novella Hills I
11 nov. 2022 17:16:02,591:Added professor: Titus Kuphal
11 nov. 2022 17:16:02,729:Added professor: Isom Yundt
11 nov. 2022 17:16:02,828:Added professor: Waylon Murray
11 nov. 2022 17:16:02,942:Added professor: Chadrick Glover
11 nov. 2022 17:16:03,036:Added professor: Ms. Etha Lind
11 nov. 2022 17:16:03,100:Added professor: Rosalee Green
11 nov. 2022 17:16:03,180:Added professor: Ebony Kihn
11 nov. 2022 17:16:03,292:Added professor: Samanta Schmeler
11 nov. 2022 17:16:03,383:Added professor: Shemar Marquardt
11 nov. 2022 17:16:03,460:Added professor: Miss Delfina Zboncak
11 nov. 2022 17:16:03,558:Added professor: Buddy Pouros
11 nov. 2022 17:16:03,636:Added professor: Raphael Bradtke
11 nov. 2022 17:16:03,696:Added professor: Brad Nader
11 nov. 2022 17:16:03,758:Added professor: Carlos Medhurst
11 nov. 2022 17:16:03,839:Added professor: Jarrett Bruen V
11 nov. 2022 17:16:03,918:Added professor: Kip Satterfield
11 nov. 2022 17:16:03,999:Added professor: Henry Durgan
11 nov. 2022 17:16:04,060:Added professor: Greyson Ziemann
11 nov. 2022 17:16:04,155:Added professor: Burley Jacobi
11 nov. 2022 17:16:04,268:Added professor: Franco Beer
11 nov. 2022 17:16:04,438:Added professor: Rylee Pagac
11 nov. 2022 17:16:04,631:Added professor: Bulah Breitenberg
11 nov. 2022 17:16:04,784:Added professor: Kyleigh Larkin
11 nov. 2022 17:16:04,892:Added professor: Mrs. Anika Cartwright
11 nov. 2022 17:16:04,981:Added professor: Samantha Hahn Jr.
11 nov. 2022 17:16:05,059:Added professor: Tanner Dare
11 nov. 2022 17:16:05,115:Added professor: Gabrielle Hudson
11 nov. 2022 17:16:05,168:Added professor: Elnora Nitzsche
11 nov. 2022 17:16:05,237:Added professor: Elnora Rau
11 nov. 2022 17:16:05,310:Added professor: Pasquale Marquardt
11 nov. 2022 17:16:05,390:Added professor: Burdette Wilderman V
11 nov. 2022 17:16:05,470:Added professor: Dorthy Gerhold III
11 nov. 2022 17:16:05,589:Added professor: Mrs. Berenice Hermann
11 nov. 2022 17:16:05,702:Added professor: Jess Leuschke Jr.
11 nov. 2022 17:16:05,754:Added professor: Cassandre Miller
11 nov. 2022 17:16:05,836:Added professor: Tobin Ziemann
11 nov. 2022 17:16:05,959:Added professor: Elsie Krajcik PhD
11 nov. 2022 17:16:06,069:Added professor: Yasmine Ryan
11 nov. 2022 17:16:06,072:Realtionship: 7 3 added!
11 nov. 2022 17:16:06,086:Realtionship: 7 6 added!
11 nov. 2022 17:16:06,086:Realtionship: 2 4 added!
11 nov. 2022 17:16:06,101:Realtionship: 7 4 added!
11 nov. 2022 17:16:06,101:Realtionship: 8 1 added!
11 nov. 2022 17:16:06,117:Realtionship: 4 1 added!
11 nov. 2022 17:16:06,126:Realtionship: 7 2 added!
11 nov. 2022 17:16:06,132:Realtionship: 6 3 added!
11 nov. 2022 17:16:06,132:Realtionship: 7 4 added!
11 nov. 2022 17:17:14,850:Added student: Cedrick Koepp
11 nov. 2022 17:17:15,192:Added student: June Nader
11 nov. 2022 17:17:15,382:Added student: Gayle Feeney
11 nov. 2022 17:17:15,571:Added student: Ms. Gussie Cummings
11 nov. 2022 17:17:15,710:Added student: Stefan Doyle
11 nov. 2022 17:17:15,775:Added student: Alessandra Treutel
11 nov. 2022 17:17:15,845:Added student: Ms. Lauren Hackett
11 nov. 2022 17:17:15,925:Added student: Lacy Hoppe V
11 nov. 2022 17:17:16,047:Added student: Maryse Hammes
11 nov. 2022 17:17:16,147:Added student: Cordelia Buckridge
11 nov. 2022 17:17:16,270:Added student: Kylee Schmitt
11 nov. 2022 17:17:16,402:Added student: Jermain Gottlieb
11 nov. 2022 17:17:16,527:Added student: Kasey Jast
11 nov. 2022 17:17:16,605:Added student: Otto Schowalter
11 nov. 2022 17:17:16,687:Added student: Ryleigh Wilderman
11 nov. 2022 17:17:16,757:Added student: Dr. Tremaine Larson
11 nov. 2022 17:17:16,814:Added student: Santa Klocko
11 nov. 2022 17:17:16,880:Added student: Lia Bayer
11 nov. 2022 17:17:16,943:Added student: Melody Tillman II
11 nov. 2022 17:17:17,011:Added student: Kiana Ratke
11 nov. 2022 17:17:17,078:Added student: Justine Hagenes Sr.
11 nov. 2022 17:17:17,171:Added student: Ashlynn Kovacek
11 nov. 2022 17:17:17,258:Added student: Idella Glover
11 nov. 2022 17:17:17,348:Added student: Verona McDermott
11 nov. 2022 17:17:17,439:Added student: Jennifer Klein Jr.
11 nov. 2022 17:17:17,541:Added student: Esther Morissette
11 nov. 2022 17:17:17,622:Added student: Lelia Barton
11 nov. 2022 17:17:17,704:Added student: Wellington Murazik
11 nov. 2022 17:17:17,782:Added student: Efrain Veum
11 nov. 2022 17:17:17,873:Added student: Marquis Marquardt
11 nov. 2022 17:17:17,997:Added student: Ms. Winifred Lockman
11 nov. 2022 17:17:18,064:Added student: Clementine Schamberger
11 nov. 2022 17:17:18,118:Added student: Miss Maynard Lindgren
11 nov. 2022 17:17:18,191:Added student: Mrs. Graham Nikolaus
11 nov. 2022 17:17:18,268:Added student: Frieda Hane
11 nov. 2022 17:17:18,350:Added student: Bradly Blanda
11 nov. 2022 17:17:18,442:Added student: Danny Effertz DDS
11 nov. 2022 17:17:18,525:Added student: Genoveva Stiedemann
11 nov. 2022 17:17:18,611:Added student: Kale Berge
11 nov. 2022 17:17:18,679:Added student: Mikayla Dooley
11 nov. 2022 17:17:18,775:Added student: Telly Nitzsche I
11 nov. 2022 17:17:18,867:Added student: Rosella Gusikowski
11 nov. 2022 17:17:18,963:Added student: Lizeth Kertzmann
11 nov. 2022 17:17:19,058:Added student: Zaria Towne
11 nov. 2022 17:17:19,136:Added student: Ms. Bertha Tromp
11 nov. 2022 17:17:19,200:Added student: Glenna Eichmann
11 nov. 2022 17:17:19,256:Added student: Berry Mayer V
11 nov. 2022 17:17:19,326:Added student: Prudence Schinner
11 nov. 2022 17:17:19,399:Added student: Melvina O'Kon
11 nov. 2022 17:17:19,436:Added student: Ms. Kristin Tremblay
11 nov. 2022 17:17:19,499:Added student: Filiberto Lehner III
11 nov. 2022 17:17:19,593:Added student: Miss Maeve McDermott
11 nov. 2022 17:17:19,656:Added student: Madelyn VonRueden Sr.
11 nov. 2022 17:17:19,708:Added student: Chasity Ratke
11 nov. 2022 17:17:19,760:Added student: Bryon Trantow
11 nov. 2022 17:17:19,798:Added student: Kiara McKenzie
11 nov. 2022 17:17:19,877:Added student: Dr. Florine Bednar
11 nov. 2022 17:17:19,972:Added student: Tremaine Hahn
11 nov. 2022 17:17:20,052:Added student: Conner Gulgowski
11 nov. 2022 17:17:20,129:Added student: Reid Pfannerstill III
11 nov. 2022 17:17:20,230:Added student: Cathrine Erdman
11 nov. 2022 17:17:20,298:Added student: Danial Balistreri
11 nov. 2022 17:17:20,352:Added student: Kiana Olson III
11 nov. 2022 17:17:20,429:Added student: Misty Brown
11 nov. 2022 17:17:20,509:Added student: Heber Stroman
11 nov. 2022 17:17:20,588:Added student: Sonia Denesik Jr.
11 nov. 2022 17:17:20,641:Added student: Dr. Doris Rodriguez
11 nov. 2022 17:17:20,716:Added student: Lisa Roob PhD
11 nov. 2022 17:17:20,779:Added student: Leta Sipes
11 nov. 2022 17:17:20,845:Added student: Allie Sporer
11 nov. 2022 17:17:20,958:Added student: Palma Feil
11 nov. 2022 17:17:21,092:Added student: Miss German Schulist
11 nov. 2022 17:17:21,166:Added student: Jasen Krajcik
11 nov. 2022 17:17:21,238:Added student: Scot Quitzon
11 nov. 2022 17:17:21,317:Added student: Paige Bogan
11 nov. 2022 17:17:21,398:Added student: Roderick Schroeder
11 nov. 2022 17:17:21,498:Added student: Harmony Fadel Sr.
11 nov. 2022 17:17:21,556:Added student: Manuela Tremblay
11 nov. 2022 17:17:21,605:Added student: Brenda Waters
11 nov. 2022 17:17:21,677:Added student: Keanu Farrell
11 nov. 2022 17:17:21,742:Added student: Casper Sanford
11 nov. 2022 17:17:21,801:Added student: Carolyne Ullrich
11 nov. 2022 17:17:21,888:Added student: Mrs. Shanny Nikolaus
11 nov. 2022 17:17:21,998:Added student: Rodger Herman
11 nov. 2022 17:17:22,112:Added student: Adolfo Wehner
11 nov. 2022 17:17:22,223:Added student: Dagmar Halvorson
11 nov. 2022 17:17:22,287:Added student: Cole Bogan
11 nov. 2022 17:17:22,348:Added student: Cedrick Towne
11 nov. 2022 17:17:22,411:Added student: Ms. Kenton Jones
11 nov. 2022 17:17:22,491:Added student: Izabella Weissnat
11 nov. 2022 17:17:22,565:Added professor: Erwin Schuster
11 nov. 2022 17:17:22,634:Added professor: Katlynn Crist
11 nov. 2022 17:17:22,703:Added professor: Bennie Daugherty
11 nov. 2022 17:17:22,758:Added professor: London Hilpert IV
11 nov. 2022 17:17:22,838:Added professor: Shyanne Gislason
11 nov. 2022 17:17:22,947:Added professor: Mr. Michaela Barrows
11 nov. 2022 17:17:22,995:Added professor: Layla Kuphal
11 nov. 2022 17:17:23,060:Added professor: Freddie Pfeffer
11 nov. 2022 17:17:23,125:Added professor: Otho Raynor DVM
11 nov. 2022 17:17:23,200:Added professor: Ariane Tremblay V
11 nov. 2022 17:17:23,214:Realtionship: 2 1 added!
11 nov. 2022 17:17:23,221:Realtionship: 2 1 added!
11 nov. 2022 17:17:23,227:Realtionship: 2 1 added!
11 nov. 2022 17:18:01,452:All students were given
11 nov. 2022 17:18:10,297:All students were given
11 nov. 2022 17:18:10,516:All students were given
11 nov. 2022 17:18:10,532:All students were given
11 nov. 2022 17:18:10,563:All students were given
11 nov. 2022 17:18:10,585:All students were given
11 nov. 2022 17:18:10,618:All students were given
11 nov. 2022 17:18:10,632:All students were given
11 nov. 2022 17:18:10,654:All students were given
11 nov. 2022 17:18:10,670:All students were given
11 nov. 2022 17:18:10,693:All students were given
11 nov. 2022 17:18:10,693:All students were given
11 nov. 2022 17:18:10,721:All students were given
11 nov. 2022 17:18:10,736:All students were given
11 nov. 2022 17:18:10,759:All students were given
11 nov. 2022 17:18:10,783:All students were given
11 nov. 2022 17:18:10,877:All students were given
11 nov. 2022 17:18:10,889:All professors were given
11 nov. 2022 17:18:10,901:All students were given
11 nov. 2022 17:18:10,907:Professors1 was given
11 nov. 2022 17:18:10,923:Professors2 was given
11 nov. 2022 17:18:11,435:All students were given
11 nov. 2022 17:18:11,490:Professors1 was given
11 nov. 2022 17:18:11,514:Professors2 was given
11 nov. 2022 17:18:34,457:Added student: Ramiro Emard Sr.
11 nov. 2022 17:18:34,851:Added student: Mr. Llewellyn Stroman
11 nov. 2022 17:18:35,110:Added student: Fleta Nienow Sr.
11 nov. 2022 17:18:35,705:Added student: Olaf Metz DVM
11 nov. 2022 17:18:35,870:Added student: Horace Langworth
11 nov. 2022 17:18:35,955:Added student: Letha Mayert
11 nov. 2022 17:18:36,033:Added student: Elisha Pouros
11 nov. 2022 17:18:36,098:Added student: Delphia Considine
11 nov. 2022 17:18:36,166:Added student: Jackeline Ledner
11 nov. 2022 17:18:36,231:Added student: Maurine Bosco
11 nov. 2022 17:18:36,291:Added student: Hardy Hegmann
11 nov. 2022 17:18:36,366:Added student: Geovanny Pollich II
11 nov. 2022 17:18:36,467:Added student: Lelah D'Amore
11 nov. 2022 17:18:36,672:Added student: Javier O'Reilly DDS
11 nov. 2022 17:18:36,844:Added student: Ms. Giovani Swaniawski
11 nov. 2022 17:18:36,938:Added student: Mekhi Borer
11 nov. 2022 17:18:37,001:Added student: Marilou Barton
11 nov. 2022 17:18:37,072:Added student: Ardith Smith
11 nov. 2022 17:18:37,138:Added student: Ansel Pfeffer MD
11 nov. 2022 17:18:37,234:Added student: Stanley Powlowski
11 nov. 2022 17:18:37,320:Added student: Lilyan Erdman
11 nov. 2022 17:18:37,416:Added student: Otho Zulauf Sr.
11 nov. 2022 17:18:37,495:Added student: Ruthe Vandervort
11 nov. 2022 17:18:37,554:Added student: Oren Rice
11 nov. 2022 17:18:37,614:Added student: Dr. Elijah Bergstrom
11 nov. 2022 17:18:37,677:Added student: Marlen McKenzie
11 nov. 2022 17:18:37,769:Added student: Mr. Garrett Graham
11 nov. 2022 17:18:37,859:Added student: Alanna Stiedemann
11 nov. 2022 17:18:37,957:Added student: Claud Stoltenberg
11 nov. 2022 17:18:38,044:Added student: Adan Hayes IV
11 nov. 2022 17:18:38,186:Added student: Connie Gleason MD
11 nov. 2022 17:18:38,359:Added student: Hermina Dare
11 nov. 2022 17:18:38,486:Added student: Nannie Hermiston
11 nov. 2022 17:18:38,541:Added student: Vergie Collier
11 nov. 2022 17:18:38,615:Added student: Eldon Schoen
11 nov. 2022 17:18:38,671:Added student: Filiberto Lueilwitz
11 nov. 2022 17:18:38,722:Added student: Emely Toy
11 nov. 2022 17:18:38,804:Added student: Mr. Maida Bernier
11 nov. 2022 17:18:38,891:Added student: Doyle Conn
11 nov. 2022 17:18:38,974:Added student: Melyna Reilly Sr.
11 nov. 2022 17:18:39,063:Added student: Doug Gerlach
11 nov. 2022 17:18:39,137:Added student: Mr. Florencio Johnson
11 nov. 2022 17:18:39,215:Added student: Malika Douglas DDS
11 nov. 2022 17:18:39,276:Added student: Tom Lebsack
11 nov. 2022 17:18:39,340:Added student: Terrell Hickle
11 nov. 2022 17:18:39,435:Added student: Chloe Pouros DDS
11 nov. 2022 17:18:39,515:Added student: Stanford Schoen
11 nov. 2022 17:18:39,561:Added student: Emelie Boyer
11 nov. 2022 17:18:39,629:Added student: Dr. Elwin Kling
11 nov. 2022 17:18:39,686:Added student: Dayton Kreiger
11 nov. 2022 17:18:39,748:Added student: Watson Jaskolski
11 nov. 2022 17:18:39,803:Added student: Jett Christiansen
11 nov. 2022 17:18:39,862:Added student: Jorge Predovic
11 nov. 2022 17:18:39,913:Added student: Gerhard Bogan
11 nov. 2022 17:18:39,993:Added student: Mr. Hailee Blick
11 nov. 2022 17:18:40,084:Added student: Kaden O'Connell
11 nov. 2022 17:18:40,163:Added student: Emmitt Lebsack
11 nov. 2022 17:18:40,255:Added student: Matilda Jakubowski
11 nov. 2022 17:18:40,337:Added student: Krystel Rolfson
11 nov. 2022 17:18:40,384:Added student: Betty DuBuque
11 nov. 2022 17:18:40,464:Added student: Lukas Heller
11 nov. 2022 17:18:40,620:Added student: Afton Adams DVM
11 nov. 2022 17:18:40,726:Added student: Shanel Bauch
11 nov. 2022 17:18:40,779:Added student: Raheem Prosacco
11 nov. 2022 17:18:40,839:Added student: Tomasa McClure
11 nov. 2022 17:18:40,893:Added student: Demetris Bradtke
11 nov. 2022 17:18:40,936:Added student: Grayson Emmerich
11 nov. 2022 17:18:41,015:Added student: Brooks Kerluke
11 nov. 2022 17:18:41,078:Added student: Ms. Lupe Kilback
11 nov. 2022 17:18:41,150:Added student: Edmond Reynolds
11 nov. 2022 17:18:41,220:Added student: Roger Zieme IV
11 nov. 2022 17:18:41,299:Added student: Dereck Cassin
11 nov. 2022 17:18:41,394:Added student: Darrick Thiel
11 nov. 2022 17:18:41,481:Added student: Nannie Anderson
11 nov. 2022 17:18:41,559:Added student: Zelda Kutch
11 nov. 2022 17:18:41,630:Added student: Devon Goodwin DVM
11 nov. 2022 17:18:41,726:Added student: Dan Gaylord
11 nov. 2022 17:18:41,805:Added student: Dr. Dixie Feil
11 nov. 2022 17:18:41,858:Added student: Lora Windler
11 nov. 2022 17:18:41,916:Added student: Gilberto Lindgren
11 nov. 2022 17:18:41,979:Added student: Kip Kohler
11 nov. 2022 17:18:42,059:Added student: Remington Douglas
11 nov. 2022 17:18:42,118:Added student: Toy Smitham
11 nov. 2022 17:18:42,171:Added student: Dr. Woodrow Hickle
11 nov. 2022 17:18:42,215:Added student: Janelle Leannon
11 nov. 2022 17:18:42,277:Added student: Dr. Creola Romaguera
11 nov. 2022 17:18:42,350:Added student: Josefa Considine
11 nov. 2022 17:18:42,404:Added student: Casper Schiller
11 nov. 2022 17:18:42,498:Added student: Grant Langworth V
11 nov. 2022 17:18:42,560:Added student: Adam Hayes
11 nov. 2022 17:18:42,624:Added student: Gerson Weimann PhD
11 nov. 2022 17:18:42,721:Added student: Toney Reilly
11 nov. 2022 17:18:42,781:Added student: Audrey Hayes MD
11 nov. 2022 17:18:42,839:Added student: Ms. Rickie Conroy
11 nov. 2022 17:18:42,900:Added student: Jalen Jast
11 nov. 2022 17:18:42,962:Added student: Mr. Woodrow Tromp
11 nov. 2022 17:18:43,035:Added student: Dr. Wilbert Lind
11 nov. 2022 17:18:43,116:Added student: Carlos Fisher
11 nov. 2022 17:18:43,202:Added student: Gay Homenick
11 nov. 2022 17:18:43,269:Added student: Price Gibson
11 nov. 2022 17:18:43,365:Added professor: Jermain Daniel
11 nov. 2022 17:18:43,428:Added professor: Janie Kub
11 nov. 2022 17:18:43,507:Added professor: Rex Berge
11 nov. 2022 17:18:43,570:Added professor: Wilson Paucek IV
11 nov. 2022 17:18:43,633:Added professor: Domingo Botsford
11 nov. 2022 17:18:43,696:Added professor: Ludie Langworth
11 nov. 2022 17:18:43,775:Added professor: Freida Kris IV
11 nov. 2022 17:18:43,854:Added professor: Marcelina Schmidt
11 nov. 2022 17:18:43,932:Added professor: Aditya Bernhard
11 nov. 2022 17:18:43,995:Added professor: Queenie Bode Jr.
11 nov. 2022 17:18:44,074:Added professor: Gayle Simonis
11 nov. 2022 17:18:44,137:Added professor: Eveline Rice
11 nov. 2022 17:18:44,184:Added professor: Charles Brakus
11 nov. 2022 17:18:44,247:Added professor: Brionna Quigley
11 nov. 2022 17:18:44,325:Added professor: Dr. Willie Murphy
11 nov. 2022 17:18:44,419:Added professor: Margaretta Luettgen
11 nov. 2022 17:18:44,498:Added professor: Cordell Hermann
11 nov. 2022 17:18:44,577:Added professor: Bobby Smitham
11 nov. 2022 17:18:44,655:Added professor: Ms. Birdie Legros
11 nov. 2022 17:18:44,729:Added professor: Lyda Schaden
11 nov. 2022 17:18:44,782:Added professor: Mr. Kacey Satterfield
11 nov. 2022 17:18:44,860:Added professor: Aric Blanda
11 nov. 2022 17:18:44,953:Added professor: Emanuel Harvey
11 nov. 2022 17:18:45,033:Added professor: Wilmer Berge
11 nov. 2022 17:18:45,110:Added professor: Hector Jacobson
11 nov. 2022 17:18:45,206:Added professor: Dr. Morton Schimmel
11 nov. 2022 17:18:45,266:Added professor: Miss Owen Mosciski
11 nov. 2022 17:18:45,317:Added professor: Bella Schowalter DDS
11 nov. 2022 17:18:45,366:Added professor: Raquel Funk
11 nov. 2022 17:18:45,430:Added professor: Mrs. Vance Schimmel
11 nov. 2022 17:18:45,474:Added professor: Dee Waters
11 nov. 2022 17:18:45,530:Added professor: Krystal Lueilwitz PhD
11 nov. 2022 17:18:45,600:Added professor: Glennie Toy
11 nov. 2022 17:18:45,679:Added professor: Delfina Purdy IV
11 nov. 2022 17:18:45,758:Added professor: Bobby Davis
11 nov. 2022 17:18:45,837:Added professor: Esther Mueller
11 nov. 2022 17:18:45,932:Added professor: Jany Haag
11 nov. 2022 17:18:46,010:Added professor: Jessyca Reinger
11 nov. 2022 17:18:46,088:Added professor: Dr. Casimer Reilly
11 nov. 2022 17:18:46,135:Added professor: Wyatt Reichert
11 nov. 2022 17:18:46,182:Added professor: Billy Muller
11 nov. 2022 17:18:46,261:Added professor: Marjory Gleason IV
11 nov. 2022 17:18:46,339:Added professor: Waylon Boehm
11 nov. 2022 17:18:46,421:Added professor: Ms. Lenora Johns
11 nov. 2022 17:18:46,499:Added professor: Rose Rippin
11 nov. 2022 17:18:46,579:Added professor: Karen Rowe DDS
11 nov. 2022 17:18:46,657:Added professor: Margarette Jacobson
11 nov. 2022 17:18:46,738:Added professor: Cathrine Eichmann I
11 nov. 2022 17:18:46,815:Added professor: Ms. Wilfredo Schmeler
11 nov. 2022 17:18:46,893:Added professor: Johnson Nienow
11 nov. 2022 17:18:46,972:Added professor: Stephon Conn
11 nov. 2022 17:18:47,070:Added professor: Mrs. Everett Abshire
11 nov. 2022 17:18:47,146:Added professor: Carmel Abernathy
11 nov. 2022 17:18:47,205:Added professor: Walton Toy
11 nov. 2022 17:18:47,240:Added professor: Constantin Hansen
11 nov. 2022 17:18:47,303:Added professor: Elliott Hackett
11 nov. 2022 17:18:47,384:Added professor: Janis Christiansen
11 nov. 2022 17:18:47,463:Added professor: Miss Tracey Mosciski
11 nov. 2022 17:18:47,541:Added professor: Mr. Barry Buckridge
11 nov. 2022 17:18:47,623:Added professor: Ms. Cassie Morissette
11 nov. 2022 17:18:47,698:Added professor: Anderson Mayert
11 nov. 2022 17:18:47,776:Added professor: Maci Nicolas
11 nov. 2022 17:18:47,839:Added professor: Franz Keebler
11 nov. 2022 17:18:47,886:Added professor: Mr. Jerel Gerlach
11 nov. 2022 17:18:47,949:Added professor: Dr. Karl Haag
11 nov. 2022 17:18:48,027:Added professor: Ted Muller
11 nov. 2022 17:18:48,106:Added professor: Reba Dach
11 nov. 2022 17:18:48,184:Added professor: Brendan Smitham
11 nov. 2022 17:18:48,262:Added professor: Mr. Hailie Runte
11 nov. 2022 17:18:48,341:Added professor: Miss Deborah Davis
11 nov. 2022 17:18:48,436:Added professor: Augusta Ruecker
11 nov. 2022 17:18:48,498:Added professor: Vance Lebsack
11 nov. 2022 17:18:48,561:Added professor: Clyde McCullough
11 nov. 2022 17:18:48,617:Added professor: Tod Kunze
11 nov. 2022 17:18:48,672:Added professor: Annabell Emmerich DVM
11 nov. 2022 17:18:48,717:Added professor: Florence Kutch
11 nov. 2022 17:18:48,764:Added professor: Vincenza Howe
11 nov. 2022 17:18:48,811:Added professor: Mrs. Oren Murazik
11 nov. 2022 17:18:48,858:Added professor: Milton Pfeffer
11 nov. 2022 17:18:48,908:Added professor: Miss Kadin Rau
11 nov. 2022 17:18:48,953:Added professor: Brycen Moore
11 nov. 2022 17:18:49,000:Added professor: Haylee Abernathy
11 nov. 2022 17:18:49,048:Added professor: Scotty Treutel
11 nov. 2022 17:18:49,095:Added professor: Carleton Crist
11 nov. 2022 17:18:49,175:Added professor: Miss Marilou Brekke
11 nov. 2022 17:18:49,253:Added professor: Bo Lakin IV
11 nov. 2022 17:18:49,348:Added professor: Micheal Durgan
11 nov. 2022 17:18:49,426:Added professor: Concepcion McCullough III
11 nov. 2022 17:18:49,505:Added professor: Bobby Ankunding
11 nov. 2022 17:18:49,585:Added professor: Dr. Bennett Metz
11 nov. 2022 17:18:49,661:Added professor: Riley Schulist PhD
11 nov. 2022 17:18:49,724:Added professor: Kennedy Jast
11 nov. 2022 17:18:49,787:Added professor: Jan Hauck
11 nov. 2022 17:18:49,866:Added professor: Miss Jennifer Rolfson
11 nov. 2022 17:18:49,947:Added professor: Chet Blick
11 nov. 2022 17:18:50,039:Added professor: Ms. Jovani Williamson
11 nov. 2022 17:18:50,117:Added professor: Sandra Hane
11 nov. 2022 17:18:50,196:Added professor: Asia Metz
11 nov. 2022 17:18:50,275:Added professor: Kara Eichmann
11 nov. 2022 17:18:50,353:Added professor: Eldred Hudson Sr.
11 nov. 2022 17:18:50,401:Added professor: Floy Bergstrom
11 nov. 2022 17:18:50,463:Added professor: Milton Little
11 nov. 2022 17:18:50,532:Added professor: Neva Beer
11 nov. 2022 17:18:50,609:Added professor: Wiley Osinski
11 nov. 2022 17:18:50,672:Added professor: Ahmad McGlynn
11 nov. 2022 17:18:50,719:Added professor: Lilla Predovic
11 nov. 2022 17:18:50,766:Added professor: Alta Bailey
11 nov. 2022 17:18:50,844:Added professor: Rachael Luettgen
11 nov. 2022 17:18:50,924:Added professor: Miss Mateo Schaden
11 nov. 2022 17:18:51,003:Added professor: Darrion Gulgowski
11 nov. 2022 17:18:51,082:Added professor: Hobart Schaden
11 nov. 2022 17:18:51,160:Added professor: Torrance Turner
11 nov. 2022 17:18:51,238:Added professor: Opal Schimmel MD
11 nov. 2022 17:18:51,287:Added professor: Winifred Wintheiser
11 nov. 2022 17:18:51,332:Added professor: Marcella Pfannerstill
11 nov. 2022 17:18:51,384:Added professor: Garnet Turcotte
11 nov. 2022 17:18:51,459:Added professor: Mrs. Marisol Collins
11 nov. 2022 17:18:51,537:Added professor: Percy Hessel MD
11 nov. 2022 17:18:51,584:Added professor: Kevon Kuhic
11 nov. 2022 17:18:51,642:Added professor: Clair O'Connell
11 nov. 2022 17:18:51,678:Added professor: Mayra McGlynn
11 nov. 2022 17:18:51,756:Added professor: Dr. Elody Runte
11 nov. 2022 17:18:51,819:Added professor: Casandra Herzog
11 nov. 2022 17:18:51,898:Added professor: Devan Strosin III
11 nov. 2022 17:18:51,978:Added professor: Sandra Hilpert
11 nov. 2022 17:18:52,055:Added professor: Mrs. Eileen O'Reilly
11 nov. 2022 17:18:52,134:Added professor: Brionna Wisoky
11 nov. 2022 17:18:52,197:Added professor: Randall Hackett
11 nov. 2022 17:18:52,251:Added professor: Krystal Kilback III
11 nov. 2022 17:18:52,291:Added professor: Aglae Marks DDS
11 nov. 2022 17:18:52,338:Added professor: Rick Zboncak V
11 nov. 2022 17:18:52,401:Added professor: Obie Collins
11 nov. 2022 17:18:52,466:Added professor: Edythe Runolfsson
11 nov. 2022 17:18:52,540:Added professor: Geraldine Gleichner
11 nov. 2022 17:18:52,606:Added professor: Hollie Emard
11 nov. 2022 17:18:52,684:Added professor: Ms. Mercedes Fay
11 nov. 2022 17:18:52,763:Added professor: Joshuah Jacobi
11 nov. 2022 17:18:52,841:Added professor: Darion Volkman
11 nov. 2022 17:18:52,921:Added professor: Dannie Gulgowski I
11 nov. 2022 17:18:53,013:Added professor: Jasmin Ledner
11 nov. 2022 17:18:53,076:Added professor: Darrin Wolff DVM
11 nov. 2022 17:18:53,154:Added professor: Madelynn Durgan
11 nov. 2022 17:18:53,232:Added professor: Araceli Effertz
11 nov. 2022 17:18:53,311:Added professor: Miss Francesco Harris
11 nov. 2022 17:18:53,389:Added professor: Precious Gleichner
11 nov. 2022 17:18:53,470:Added professor: Lawson Crist
11 nov. 2022 17:18:53,550:Added professor: Tavares Corkery
11 nov. 2022 17:18:53,629:Added professor: Vilma Wolff
11 nov. 2022 17:18:53,710:Added professor: Zachery Marks
11 nov. 2022 17:18:53,787:Added professor: Ida Buckridge
11 nov. 2022 17:18:53,804:Realtionship: 197 49 added!
11 nov. 2022 17:18:53,817:Realtionship: 165 120 added!
11 nov. 2022 17:18:53,818:Realtionship: 94 29 added!
11 nov. 2022 17:18:53,818:Realtionship: 65 48 added!
11 nov. 2022 17:18:53,834:Realtionship: 160 41 added!
11 nov. 2022 17:18:53,843:Realtionship: 130 9 added!
11 nov. 2022 17:18:53,850:Realtionship: 12 49 added!
11 nov. 2022 17:18:53,856:Realtionship: 89 65 added!
11 nov. 2022 17:18:53,856:Realtionship: 36 2 added!
11 nov. 2022 17:18:53,868:Realtionship: 29 82 added!
11 nov. 2022 17:18:53,872:Realtionship: 114 161 added!
11 nov. 2022 17:18:53,872:Realtionship: 171 176 added!
11 nov. 2022 17:18:53,883:Realtionship: 16 55 added!
11 nov. 2022 17:18:53,889:Realtionship: 152 99 added!
11 nov. 2022 17:18:53,894:Realtionship: 83 45 added!
11 nov. 2022 17:18:53,899:Realtionship: 87 58 added!
11 nov. 2022 17:18:53,910:Realtionship: 85 181 added!
11 nov. 2022 17:18:53,916:Realtionship: 87 148 added!
11 nov. 2022 17:18:53,919:Realtionship: 58 79 added!
11 nov. 2022 17:18:53,924:Realtionship: 76 102 added!
11 nov. 2022 17:18:53,929:Realtionship: 119 109 added!
11 nov. 2022 17:18:53,933:Realtionship: 74 121 added!
11 nov. 2022 17:18:53,933:Realtionship: 131 109 added!
11 nov. 2022 17:18:53,941:Realtionship: 43 186 added!
11 nov. 2022 17:18:53,946:Realtionship: 171 151 added!
11 nov. 2022 17:18:53,951:Realtionship: 26 197 added!
11 nov. 2022 17:18:53,955:Realtionship: 191 24 added!
11 nov. 2022 17:18:53,961:Realtionship: 197 85 added!
11 nov. 2022 17:18:53,961:Realtionship: 31 81 added!
11 nov. 2022 17:18:53,970:Realtionship: 134 20 added!
11 nov. 2022 17:18:53,974:Realtionship: 142 141 added!
11 nov. 2022 17:18:53,979:Realtionship: 114 111 added!
11 nov. 2022 17:18:53,983:Realtionship: 81 82 added!
11 nov. 2022 17:18:53,987:Realtionship: 31 64 added!
11 nov. 2022 17:18:53,993:Realtionship: 65 52 added!
11 nov. 2022 17:18:53,996:Realtionship: 68 169 added!
11 nov. 2022 17:18:54,000:Realtionship: 160 109 added!
11 nov. 2022 17:18:54,000:Realtionship: 114 114 added!
11 nov. 2022 17:18:54,010:Realtionship: 179 34 added!
11 nov. 2022 17:18:54,010:Realtionship: 2 115 added!
11 nov. 2022 17:18:54,010:Realtionship: 96 107 added!
11 nov. 2022 17:18:54,025:Realtionship: 58 64 added!
11 nov. 2022 17:18:54,025:Realtionship: 32 76 added!
11 nov. 2022 17:18:54,035:Realtionship: 56 54 added!
11 nov. 2022 17:18:54,041:Realtionship: 88 153 added!
11 nov. 2022 17:18:54,045:Realtionship: 93 196 added!
11 nov. 2022 17:18:54,047:Realtionship: 115 172 added!
11 nov. 2022 17:18:54,047:Realtionship: 137 151 added!
11 nov. 2022 17:18:54,057:Realtionship: 98 43 added!
11 nov. 2022 17:18:54,057:Realtionship: 18 125 added!
11 nov. 2022 17:18:54,068:Realtionship: 122 1 added!
11 nov. 2022 17:18:54,073:Realtionship: 77 11 added!
11 nov. 2022 17:18:54,073:Realtionship: 7 192 added!
11 nov. 2022 17:18:54,083:Realtionship: 162 44 added!
11 nov. 2022 17:18:54,083:Realtionship: 95 79 added!
11 nov. 2022 17:18:54,092:Realtionship: 171 15 added!
11 nov. 2022 17:18:54,095:Realtionship: 68 141 added!
11 nov. 2022 17:18:54,100:Realtionship: 190 94 added!
11 nov. 2022 17:18:54,105:Realtionship: 12 197 added!
11 nov. 2022 17:18:54,107:Realtionship: 99 61 added!
11 nov. 2022 17:18:54,113:Realtionship: 199 80 added!
11 nov. 2022 17:18:54,119:Realtionship: 36 135 added!
11 nov. 2022 17:18:54,123:Realtionship: 7 99 added!
11 nov. 2022 17:18:54,128:Realtionship: 59 185 added!
11 nov. 2022 17:18:54,133:Realtionship: 182 129 added!
11 nov. 2022 17:18:54,138:Realtionship: 179 187 added!
11 nov. 2022 17:18:54,140:Realtionship: 94 103 added!
11 nov. 2022 17:18:54,140:Realtionship: 119 74 added!
11 nov. 2022 17:18:54,151:Realtionship: 154 28 added!
11 nov. 2022 17:18:54,152:Realtionship: 38 179 added!
11 nov. 2022 17:18:54,152:Realtionship: 91 129 added!
11 nov. 2022 17:18:54,152:Realtionship: 50 151 added!
11 nov. 2022 17:18:54,168:Realtionship: 157 7 added!
11 nov. 2022 17:18:54,168:Realtionship: 60 140 added!
11 nov. 2022 17:18:54,168:Realtionship: 62 55 added!
11 nov. 2022 17:18:54,184:Realtionship: 94 25 added!
11 nov. 2022 17:18:54,187:Realtionship: 119 52 added!
11 nov. 2022 17:18:54,191:Realtionship: 19 156 added!
11 nov. 2022 17:18:54,196:Realtionship: 42 169 added!
11 nov. 2022 17:18:54,199:Realtionship: 185 19 added!
11 nov. 2022 17:18:54,206:Realtionship: 75 172 added!
11 nov. 2022 17:18:54,209:Realtionship: 159 51 added!
11 nov. 2022 17:18:54,215:Realtionship: 39 199 added!
11 nov. 2022 17:18:54,215:Realtionship: 137 10 added!
11 nov. 2022 17:18:54,215:Realtionship: 52 29 added!
11 nov. 2022 17:18:54,215:Realtionship: 10 183 added!
11 nov. 2022 17:18:54,230:Realtionship: 62 36 added!
11 nov. 2022 17:18:54,230:Realtionship: 124 180 added!
11 nov. 2022 17:18:54,230:Realtionship: 182 154 added!
11 nov. 2022 17:18:54,246:Realtionship: 186 180 added!
11 nov. 2022 17:18:54,246:Realtionship: 193 74 added!
11 nov. 2022 17:18:54,246:Realtionship: 14 37 added!
11 nov. 2022 17:18:54,262:Realtionship: 171 155 added!
11 nov. 2022 17:18:54,266:Realtionship: 5 3 added!
11 nov. 2022 17:18:54,271:Realtionship: 42 156 added!
11 nov. 2022 17:18:54,275:Realtionship: 172 143 added!
11 nov. 2022 17:18:54,278:Realtionship: 75 136 added!
11 nov. 2022 17:18:54,278:Realtionship: 66 21 added!
11 nov. 2022 17:18:54,278:Realtionship: 37 166 added!
11 nov. 2022 17:18:54,293:Realtionship: 69 19 added!
11 nov. 2022 17:18:54,296:Realtionship: 135 192 added!
11 nov. 2022 17:18:54,300:Realtionship: 121 106 added!
11 nov. 2022 17:18:54,305:Realtionship: 118 147 added!
11 nov. 2022 17:18:54,309:Realtionship: 64 100 added!
11 nov. 2022 17:18:54,313:Realtionship: 75 159 added!
11 nov. 2022 17:18:54,318:Realtionship: 53 72 added!
11 nov. 2022 17:18:54,318:Realtionship: 70 94 added!
11 nov. 2022 17:18:54,326:Realtionship: 76 50 added!
11 nov. 2022 17:18:54,326:Realtionship: 199 135 added!
11 nov. 2022 17:18:54,326:Realtionship: 192 31 added!
11 nov. 2022 17:18:54,341:Realtionship: 35 22 added!
11 nov. 2022 17:18:54,344:Realtionship: 135 38 added!
11 nov. 2022 17:18:54,344:Realtionship: 195 123 added!
11 nov. 2022 17:18:54,358:Realtionship: 103 158 added!
11 nov. 2022 17:18:54,358:Realtionship: 14 166 added!
11 nov. 2022 17:18:54,374:Realtionship: 151 105 added!
11 nov. 2022 17:18:54,383:Realtionship: 32 99 added!
11 nov. 2022 17:18:54,388:Realtionship: 184 57 added!
11 nov. 2022 17:18:54,403:Realtionship: 121 148 added!
11 nov. 2022 17:18:54,404:Realtionship: 82 98 added!
11 nov. 2022 17:18:54,420:Realtionship: 106 71 added!
11 nov. 2022 17:18:54,425:Realtionship: 75 131 added!
11 nov. 2022 17:18:54,436:Realtionship: 143 148 added!
11 nov. 2022 17:18:54,436:Realtionship: 193 107 added!
11 nov. 2022 17:18:54,452:Realtionship: 125 52 added!
11 nov. 2022 17:18:54,452:Realtionship: 9 195 added!
11 nov. 2022 17:18:54,467:Realtionship: 23 39 added!
11 nov. 2022 17:18:54,474:Realtionship: 162 103 added!
11 nov. 2022 17:18:54,483:Realtionship: 119 110 added!
11 nov. 2022 17:18:54,483:Realtionship: 101 124 added!
11 nov. 2022 17:18:54,499:Realtionship: 130 12 added!
11 nov. 2022 17:18:54,515:Realtionship: 138 110 added!
11 nov. 2022 17:18:54,515:Realtionship: 65 48 added!
11 nov. 2022 17:18:54,532:Realtionship: 52 59 added!
11 nov. 2022 17:18:54,538:Realtionship: 14 8 added!
11 nov. 2022 17:18:54,547:Realtionship: 82 112 added!
11 nov. 2022 17:18:54,558:Realtionship: 29 41 added!
11 nov. 2022 17:18:54,563:Realtionship: 78 18 added!
11 nov. 2022 17:18:54,570:Realtionship: 80 122 added!
11 nov. 2022 17:18:54,578:Realtionship: 62 156 added!
11 nov. 2022 17:18:54,594:Realtionship: 167 110 added!
11 nov. 2022 17:18:54,594:Realtionship: 132 84 added!
11 nov. 2022 17:18:54,610:Realtionship: 69 8 added!
11 nov. 2022 17:18:54,614:Realtionship: 5 140 added!
11 nov. 2022 17:18:54,626:Realtionship: 46 155 added!
11 nov. 2022 17:18:54,626:Realtionship: 39 120 added!
11 nov. 2022 17:18:54,641:Realtionship: 147 118 added!
11 nov. 2022 17:18:54,641:Realtionship: 14 197 added!
11 nov. 2022 17:18:54,657:Realtionship: 86 31 added!
11 nov. 2022 17:18:54,657:Realtionship: 59 182 added!
11 nov. 2022 17:18:54,673:Realtionship: 101 172 added!
11 nov. 2022 17:18:54,673:Realtionship: 50 77 added!
11 nov. 2022 17:18:54,688:Realtionship: 175 155 added!
11 nov. 2022 17:18:54,688:Realtionship: 73 49 added!
11 nov. 2022 17:18:54,704:Realtionship: 183 35 added!
11 nov. 2022 17:18:54,704:Realtionship: 163 14 added!
11 nov. 2022 17:18:54,720:Realtionship: 184 100 added!
11 nov. 2022 17:18:54,735:Realtionship: 176 62 added!
11 nov. 2022 17:18:54,735:Realtionship: 11 52 added!
11 nov. 2022 17:18:54,751:Realtionship: 181 22 added!
11 nov. 2022 17:18:54,751:Realtionship: 58 103 added!
11 nov. 2022 17:18:54,767:Realtionship: 129 162 added!
11 nov. 2022 17:18:54,767:Realtionship: 122 65 added!
11 nov. 2022 17:18:54,783:Realtionship: 8 68 added!
11 nov. 2022 17:18:54,788:Realtionship: 172 97 added!
11 nov. 2022 17:18:54,799:Realtionship: 61 48 added!
11 nov. 2022 17:18:54,799:Realtionship: 32 58 added!
11 nov. 2022 17:18:54,815:Realtionship: 83 87 added!
11 nov. 2022 17:18:54,815:Realtionship: 159 71 added!
11 nov. 2022 17:18:54,831:Realtionship: 110 64 added!
11 nov. 2022 17:18:54,831:Realtionship: 53 119 added!
11 nov. 2022 17:18:54,848:Realtionship: 142 66 added!
11 nov. 2022 17:18:54,848:Realtionship: 134 96 added!
11 nov. 2022 17:18:54,864:Realtionship: 149 38 added!
11 nov. 2022 17:18:54,871:Realtionship: 182 29 added!
11 nov. 2022 17:18:54,879:Realtionship: 91 104 added!
11 nov. 2022 17:18:54,879:Realtionship: 64 93 added!
11 nov. 2022 17:18:54,894:Realtionship: 192 142 added!
11 nov. 2022 17:18:54,894:Realtionship: 79 137 added!
11 nov. 2022 17:18:54,910:Realtionship: 155 33 added!
11 nov. 2022 17:18:54,910:Realtionship: 67 81 added!
11 nov. 2022 17:18:54,925:Realtionship: 51 79 added!
11 nov. 2022 17:18:54,931:Realtionship: 72 10 added!
11 nov. 2022 17:18:54,944:Realtionship: 192 82 added!
11 nov. 2022 17:18:54,945:Realtionship: 175 164 added!
11 nov. 2022 17:18:54,957:Realtionship: 166 115 added!
11 nov. 2022 17:18:54,957:Realtionship: 75 65 added!
11 nov. 2022 17:18:54,972:Realtionship: 148 26 added!
11 nov. 2022 17:18:54,972:Realtionship: 72 7 added!
11 nov. 2022 17:18:54,988:Realtionship: 172 81 added!
11 nov. 2022 17:18:54,992:Realtionship: 37 103 added!
11 nov. 2022 17:18:55,004:Realtionship: 109 34 added!
11 nov. 2022 17:18:55,009:Realtionship: 130 18 added!
11 nov. 2022 17:18:55,020:Realtionship: 164 40 added!
11 nov. 2022 17:18:55,020:Realtionship: 197 182 added!
11 nov. 2022 17:18:55,037:Realtionship: 113 21 added!
11 nov. 2022 17:18:55,037:Realtionship: 170 188 added!
11 nov. 2022 17:18:55,054:Realtionship: 167 60 added!
11 nov. 2022 17:18:55,054:Realtionship: 184 6 added!
11 nov. 2022 17:18:55,068:Realtionship: 2 112 added!
11 nov. 2022 17:19:04,088:All students were given
11 nov. 2022 17:19:04,409:All students were given
11 nov. 2022 17:19:04,496:All students were given
11 nov. 2022 17:19:04,574:All students were given
11 nov. 2022 17:19:04,636:All students were given
11 nov. 2022 17:19:04,678:All students were given
11 nov. 2022 17:19:04,686:All students were given
11 nov. 2022 17:19:04,723:All students were given
11 nov. 2022 17:19:04,749:All students were given
11 nov. 2022 17:19:04,784:All students were given
11 nov. 2022 17:19:04,784:All students were given
11 nov. 2022 17:19:04,872:All students were given
11 nov. 2022 17:19:04,919:All students were given
11 nov. 2022 17:19:04,957:All students were given
11 nov. 2022 17:19:05,014:All students were given
11 nov. 2022 17:19:05,529:All students were given
11 nov. 2022 17:19:05,549:All professors were given
11 nov. 2022 17:19:05,576:All students were given
11 nov. 2022 17:19:05,608:Professors1 was given
11 nov. 2022 17:19:05,608:Professors2 was given
11 nov. 2022 17:19:05,608:Professors122 was given
11 nov. 2022 17:19:05,608:Professors36 was given
11 nov. 2022 17:19:05,623:Professors5 was given
11 nov. 2022 17:19:05,630:Professors72 was given
11 nov. 2022 17:19:05,630:Professors14 was given
11 nov. 2022 17:19:05,630:Professors69 was given
11 nov. 2022 17:19:05,639:Professors130 was given
11 nov. 2022 17:19:05,788:Professors51 was given
11 nov. 2022 17:19:05,812:Professors70 was given
11 nov. 2022 17:19:05,839:Professors151 was given
11 nov. 2022 17:19:05,842:Professors137 was given
11 nov. 2022 17:19:05,847:Professors77 was given
11 nov. 2022 17:19:05,855:Professors130 was given
11 nov. 2022 17:19:05,860:Professors78 was given
11 nov. 2022 17:19:05,860:Professors130 was given
11 nov. 2022 17:19:05,863:Professors69 was given
11 nov. 2022 17:19:05,863:Professors134 was given
11 nov. 2022 17:19:05,870:Professors66 was given
11 nov. 2022 17:19:05,870:Professors113 was given
11 nov. 2022 17:19:05,879:Professors35 was given
11 nov. 2022 17:19:05,879:Professors94 was given
11 nov. 2022 17:19:05,890:Professors148 was given
11 nov. 2022 17:19:05,897:Professors94 was given
11 nov. 2022 17:19:05,897:Professors52 was given
11 nov. 2022 17:19:05,910:Professors86 was given
11 nov. 2022 17:19:05,910:Professors109 was given
11 nov. 2022 17:19:05,910:Professors62 was given
11 nov. 2022 17:19:05,925:Professors14 was given
11 nov. 2022 17:19:05,925:Professors135 was given
11 nov. 2022 17:19:05,925:Professors149 was given
11 nov. 2022 17:19:05,925:Professors23 was given
11 nov. 2022 17:19:05,941:Professors29 was given
11 nov. 2022 17:19:05,941:Professors98 was given
11 nov. 2022 17:19:05,941:Professors83 was given
11 nov. 2022 17:19:05,957:Professors65 was given
11 nov. 2022 17:19:05,957:Professors61 was given
11 nov. 2022 17:19:05,957:Professors12 was given
11 nov. 2022 17:19:05,957:Professors73 was given
11 nov. 2022 17:19:05,972:Professors76 was given
11 nov. 2022 17:19:05,972:Professors65 was given
11 nov. 2022 17:19:05,972:Professors119 was given
11 nov. 2022 17:19:05,972:Professors125 was given
11 nov. 2022 17:19:05,972:Professors11 was given
11 nov. 2022 17:19:05,988:Professors56 was given
11 nov. 2022 17:19:05,988:Professors16 was given
11 nov. 2022 17:19:05,988:Professors62 was given
11 nov. 2022 17:19:05,988:Professors87 was given
11 nov. 2022 17:19:06,004:Professors32 was given
11 nov. 2022 17:19:06,004:Professors52 was given
11 nov. 2022 17:19:06,021:Professors99 was given
11 nov. 2022 17:19:06,023:Professors31 was given
11 nov. 2022 17:19:06,029:Professors58 was given
11 nov. 2022 17:19:06,029:Professors110 was given
11 nov. 2022 17:19:06,035:Professors89 was given
11 nov. 2022 17:19:06,040:Professors75 was given
11 nov. 2022 17:19:06,040:Professors122 was given
11 nov. 2022 17:19:06,040:Professors142 was given
11 nov. 2022 17:19:06,051:Professors8 was given
11 nov. 2022 17:19:06,055:Professors106 was given
11 nov. 2022 17:19:06,055:Professors53 was given
11 nov. 2022 17:19:06,063:Professors119 was given
11 nov. 2022 17:19:06,063:Professors32 was given
11 nov. 2022 17:19:06,063:Professors50 was given
11 nov. 2022 17:19:06,076:Professors58 was given
11 nov. 2022 17:19:06,082:Professors95 was given
11 nov. 2022 17:19:06,165:Professors31 was given
11 nov. 2022 17:19:06,165:Professors67 was given
11 nov. 2022 17:19:06,171:Professors29 was given
11 nov. 2022 17:19:06,174:Professors81 was given
11 nov. 2022 17:19:06,174:Professors132 was given
11 nov. 2022 17:19:06,174:Professors83 was given
11 nov. 2022 17:19:06,186:Professors64 was given
11 nov. 2022 17:19:06,186:Professors134 was given
11 nov. 2022 17:19:06,186:Professors82 was given
11 nov. 2022 17:19:06,186:Professors152 was given
11 nov. 2022 17:19:06,202:Professors7 was given
11 nov. 2022 17:19:06,205:Professors32 was given
11 nov. 2022 17:19:06,205:Professors64 was given
11 nov. 2022 17:19:06,213:Professors76 was given
11 nov. 2022 17:19:06,213:Professors94 was given
11 nov. 2022 17:19:06,218:Professors58 was given
11 nov. 2022 17:19:06,218:Professors37 was given
11 nov. 2022 17:19:06,218:Professors91 was given
11 nov. 2022 17:19:06,218:Professors72 was given
11 nov. 2022 17:19:06,340:All students were given
11 nov. 2022 17:19:06,360:Professors1 was given
11 nov. 2022 17:19:06,360:Professors2 was given
11 nov. 2022 17:19:06,391:Professors36 was given
11 nov. 2022 17:19:06,391:Professors122 was given
11 nov. 2022 17:19:06,405:Professors5 was given
11 nov. 2022 17:19:06,405:Professors72 was given
11 nov. 2022 17:19:06,413:Professors14 was given
11 nov. 2022 17:19:06,413:Professors69 was given
11 nov. 2022 17:19:06,413:Professors77 was given
11 nov. 2022 17:19:06,429:Professors130 was given
11 nov. 2022 17:19:06,444:Professors130 was given
11 nov. 2022 17:19:06,444:Professors69 was given
11 nov. 2022 17:19:06,463:Professors35 was given
11 nov. 2022 17:19:06,499:Professors148 was given
11 nov. 2022 17:19:06,503:Professors137 was given
11 nov. 2022 17:19:06,513:Professors72 was given
11 nov. 2022 17:19:06,513:Professors94 was given
11 nov. 2022 17:19:06,518:Professors78 was given
11 nov. 2022 17:19:06,521:Professors130 was given
11 nov. 2022 17:19:06,591:Professors94 was given
11 nov. 2022 17:19:06,629:Professors52 was given
11 nov. 2022 17:19:06,632:Professors86 was given
11 nov. 2022 17:19:06,639:Professors109 was given
11 nov. 2022 17:19:06,639:Professors14 was given
11 nov. 2022 17:19:06,639:Professors62 was given
11 nov. 2022 17:19:06,654:Professors135 was given
11 nov. 2022 17:19:06,654:Professors149 was given
11 nov. 2022 17:19:06,659:Professors29 was given
11 nov. 2022 17:19:06,661:Professors23 was given
11 nov. 2022 17:19:06,680:Professors98 was given
11 nov. 2022 17:19:06,704:Professors83 was given
11 nov. 2022 17:19:06,710:Professors65 was given
11 nov. 2022 17:19:06,713:Professors61 was given
11 nov. 2022 17:19:06,719:Professors76 was given
11 nov. 2022 17:19:06,764:Professors12 was given
11 nov. 2022 17:19:06,764:Professors73 was given
11 nov. 2022 17:19:06,764:Professors65 was given
11 nov. 2022 17:19:06,781:Professors119 was given
11 nov. 2022 17:19:06,781:Professors125 was given
11 nov. 2022 17:19:06,790:Professors11 was given
11 nov. 2022 17:19:06,790:Professors56 was given
11 nov. 2022 17:19:06,798:Professors52 was given
11 nov. 2022 17:19:06,798:Professors87 was given
11 nov. 2022 17:19:06,805:Professors32 was given
11 nov. 2022 17:19:06,807:Professors16 was given
11 nov. 2022 17:19:06,807:Professors62 was given
11 nov. 2022 17:19:06,837:Professors99 was given
11 nov. 2022 17:19:06,862:Professors31 was given
11 nov. 2022 17:19:06,867:Professors58 was given
11 nov. 2022 17:19:06,868:Professors110 was given
11 nov. 2022 17:19:06,875:Professors89 was given
11 nov. 2022 17:19:06,875:Professors75 was given
11 nov. 2022 17:19:06,875:Professors122 was given
11 nov. 2022 17:19:06,880:Professors142 was given
11 nov. 2022 17:19:06,880:Professors8 was given
11 nov. 2022 17:19:06,889:Professors106 was given
11 nov. 2022 17:19:06,889:Professors53 was given
11 nov. 2022 17:19:06,902:Professors119 was given
11 nov. 2022 17:19:06,902:Professors50 was given
11 nov. 2022 17:19:06,923:Professors32 was given
11 nov. 2022 17:19:06,930:Professors58 was given
11 nov. 2022 17:19:06,933:Professors95 was given
11 nov. 2022 17:19:06,949:Professors51 was given
11 nov. 2022 17:19:06,954:Professors132 was given
11 nov. 2022 17:19:06,964:Professors31 was given
11 nov. 2022 17:19:06,964:Professors67 was given
11 nov. 2022 17:19:06,986:Professors29 was given
11 nov. 2022 17:19:06,989:Professors81 was given
11 nov. 2022 17:19:06,996:Professors83 was given
11 nov. 2022 17:19:07,000:Professors64 was given
11 nov. 2022 17:19:07,004:Professors134 was given
11 nov. 2022 17:19:07,016:Professors82 was given
11 nov. 2022 17:19:07,020:Professors152 was given
11 nov. 2022 17:19:07,020:Professors7 was given
11 nov. 2022 17:19:07,020:Professors32 was given
11 nov. 2022 17:19:07,036:Professors64 was given
11 nov. 2022 17:19:07,036:Professors76 was given
11 nov. 2022 17:19:07,051:Professors37 was given
11 nov. 2022 17:19:07,051:Professors94 was given
11 nov. 2022 17:19:07,051:Professors58 was given
11 nov. 2022 17:19:07,051:Professors151 was given
11 nov. 2022 17:19:07,067:Professors91 was given
11 nov. 2022 17:19:07,107:Professors70 was given
11 nov. 2022 17:19:07,161:Professors66 was given
11 nov. 2022 17:19:07,161:Professors113 was given
11 nov. 2022 17:19:07,166:Professors134 was given
