10 Nov 2022 14:08:19,362:Added student: Verda Collins
10 Nov 2022 14:08:19,576:Added student: Kathleen Welch
10 Nov 2022 14:08:19,693:Added student: Mattie Dickens IV
10 Nov 2022 14:08:19,801:Added student: Mozell Schuppe
10 Nov 2022 14:08:19,872:Added student: Greta Crona
10 Nov 2022 14:08:19,927:Added student: Libby Rosenbaum
10 Nov 2022 14:08:19,973:Added student: Luigi Ritchie
10 Nov 2022 14:08:20,021:Added student: Christy Johnston
10 Nov 2022 14:08:20,063:Added student: Madaline Berge
10 Nov 2022 14:08:20,100:Added student: Rosalia Lindgren
10 Nov 2022 14:08:20,156:Added student: Ms. Irwin Rodriguez
10 Nov 2022 14:08:20,213:Added student: Mr. Humberto Nolan
10 Nov 2022 14:08:20,267:Added student: Kaylin Lind PhD
10 Nov 2022 14:08:20,307:Added student: Eryn Gerhold
10 Nov 2022 14:08:20,347:Added student: Kurtis Hammes
10 Nov 2022 14:08:20,389:Added student: Alexandrine Tromp
10 Nov 2022 14:08:20,431:Added student: Mark Kling PhD
10 Nov 2022 14:08:20,468:Added student: Ms. Estrella Skiles
10 Nov 2022 14:08:20,505:Added student: Estrella Stanton
10 Nov 2022 14:08:20,542:Added student: Leonel Kuphal III
10 Nov 2022 14:08:20,580:Added student: Orland Yost V
10 Nov 2022 14:08:20,618:Added student: Federico Lubowitz
10 Nov 2022 14:08:20,655:Added student: Toy Monahan
10 Nov 2022 14:08:20,691:Added student: Miss Zaria Fritsch
10 Nov 2022 14:08:20,726:Added student: Houston Bruen MD
10 Nov 2022 14:08:20,763:Added student: Mr. Broderick Prosacco
10 Nov 2022 14:08:20,802:Added student: Theodore Sanford
10 Nov 2022 14:08:20,838:Added student: Mr. Abelardo Purdy
10 Nov 2022 14:08:20,873:Added student: Dominique Streich
10 Nov 2022 14:08:20,909:Added student: Mr. Rico Leuschke
10 Nov 2022 14:08:20,961:Added student: Ronny Dare
10 Nov 2022 14:08:21,008:Added student: Makenna Ledner
10 Nov 2022 14:08:21,044:Added student: Keyshawn Stoltenberg Sr.
10 Nov 2022 14:08:21,080:Added student: Kacie Goodwin
10 Nov 2022 14:08:21,115:Added student: Oda Powlowski
10 Nov 2022 14:08:21,156:Added student: Riley Ferry
10 Nov 2022 14:08:21,191:Added student: Alexys Fritsch
10 Nov 2022 14:08:21,228:Added student: Elmore Harvey IV
10 Nov 2022 14:08:21,263:Added student: Mitchell Fahey
10 Nov 2022 14:08:21,298:Added student: Harry Sanford
10 Nov 2022 14:08:21,337:Added student: Mrs. Derick Miller
10 Nov 2022 14:08:21,371:Added student: Ethel Willms
10 Nov 2022 14:08:21,407:Added student: Flo Kshlerin
10 Nov 2022 14:08:21,441:Added student: Louvenia Windler Jr.
10 Nov 2022 14:08:21,478:Added student: Daniela Waelchi
10 Nov 2022 14:08:21,514:Added student: Diego Kemmer
10 Nov 2022 14:08:21,548:Added student: Jack Koch
10 Nov 2022 14:08:21,584:Added student: Ms. Krystel Kuhic
10 Nov 2022 14:08:21,620:Added student: Raheem Langosh
10 Nov 2022 14:08:21,661:Added student: Lydia Fisher
10 Nov 2022 14:08:21,697:Added student: Elyssa Rau DDS
10 Nov 2022 14:08:21,732:Added student: Rosanna Daniel
10 Nov 2022 14:08:21,768:Added student: Mr. Hector Boyle
10 Nov 2022 14:08:21,802:Added student: Margarete Zboncak
10 Nov 2022 14:08:21,839:Added student: Haven O'Reilly
10 Nov 2022 14:08:21,874:Added student: Joan Price
10 Nov 2022 14:08:21,908:Added student: Halle Metz
10 Nov 2022 14:08:21,946:Added student: Tyshawn Stokes DDS
10 Nov 2022 14:08:21,981:Added student: Hank Bednar
10 Nov 2022 14:08:22,019:Added student: Mr. Janie Wolff
10 Nov 2022 14:08:22,054:Added student: Newton Hettinger
10 Nov 2022 14:08:22,088:Added student: Nona Johnston
10 Nov 2022 14:08:22,125:Added student: Floyd Lesch
10 Nov 2022 14:08:22,160:Added student: Veronica Abbott
10 Nov 2022 14:08:22,209:Added student: Napoleon Durgan
10 Nov 2022 14:08:22,259:Added student: Jason Schmeler IV
10 Nov 2022 14:08:22,294:Added student: Evan Buckridge
10 Nov 2022 14:08:22,329:Added student: Miss Cassandra Waelchi
10 Nov 2022 14:08:22,366:Added student: Marielle Kreiger
10 Nov 2022 14:08:22,401:Added student: Amara Hansen
10 Nov 2022 14:08:22,437:Added student: Tatum Donnelly
10 Nov 2022 14:08:22,471:Added student: Ms. Terrill Walker
10 Nov 2022 14:08:22,504:Added student: Chanel Abbott MD
10 Nov 2022 14:08:22,538:Added student: Mr. Nasir Conn
10 Nov 2022 14:08:22,571:Added student: Ettie Deckow
10 Nov 2022 14:08:22,605:Added student: Darien Graham
10 Nov 2022 14:08:22,640:Added student: Colt Nicolas DVM
10 Nov 2022 14:08:22,674:Added student: Helena Ruecker
10 Nov 2022 14:08:22,708:Added student: Faye Murphy
10 Nov 2022 14:08:22,742:Added student: Sydney Schimmel
10 Nov 2022 14:08:22,776:Added student: Ellen Doyle
10 Nov 2022 14:08:22,818:Added student: Karlie Maggio
10 Nov 2022 14:08:22,851:Added student: Joy Ferry
10 Nov 2022 14:08:22,886:Added student: Candice McClure
10 Nov 2022 14:08:22,920:Added student: Adonis Jast
10 Nov 2022 14:08:22,954:Added student: Ryley Ferry
10 Nov 2022 14:08:22,988:Added student: Miss Leola Predovic
10 Nov 2022 14:08:23,027:Added student: Ernestina Beier V
10 Nov 2022 14:08:23,060:Added student: Mozelle Goyette
10 Nov 2022 14:08:23,094:Added student: Kenya Ruecker
10 Nov 2022 14:08:23,128:Added student: Georgette Huel
10 Nov 2022 14:08:23,163:Added student: Ms. Ruthie West
10 Nov 2022 14:08:23,197:Added student: Brant Conn
10 Nov 2022 14:08:23,235:Added student: Rosanna Dooley
10 Nov 2022 14:08:23,269:Added student: Ottis Spinka
10 Nov 2022 14:08:23,303:Added student: Kyle Dicki PhD
10 Nov 2022 14:08:23,337:Added student: Herminia Murphy V
10 Nov 2022 14:08:23,376:Added student: Jess Marquardt
10 Nov 2022 14:08:23,413:Added student: Quinton Gulgowski
10 Nov 2022 14:08:23,452:Added student: Haleigh O'Connell III
10 Nov 2022 14:08:23,487:Added professor: Brennon Wiegand
10 Nov 2022 14:08:23,521:Added professor: Benedict MacGyver
10 Nov 2022 14:08:23,554:Added professor: Cyril Hickle
10 Nov 2022 14:08:23,587:Added professor: Annamarie Goyette
10 Nov 2022 14:08:23,620:Added professor: Rocky Wilkinson
10 Nov 2022 14:08:23,655:Added professor: Alford Abernathy
10 Nov 2022 14:08:23,688:Added professor: Enrique Hickle
10 Nov 2022 14:08:23,721:Added professor: Uriel Buckridge
10 Nov 2022 14:08:23,754:Added professor: Delaney Hermann
10 Nov 2022 14:08:23,790:Added professor: Dr. Joaquin Kling
10 Nov 2022 14:08:23,824:Added professor: Billy Zemlak
10 Nov 2022 14:08:23,860:Added professor: Monique Balistreri
10 Nov 2022 14:08:23,896:Added professor: Elisha Swift
10 Nov 2022 14:08:23,931:Added professor: Kamille Veum
10 Nov 2022 14:08:23,968:Added professor: Kattie Breitenberg
10 Nov 2022 14:08:24,006:Added professor: Eryn Ebert
10 Nov 2022 14:08:24,040:Added professor: Reagan Collier
10 Nov 2022 14:08:24,074:Added professor: Mathilde Skiles
10 Nov 2022 14:08:24,108:Added professor: Carroll Connelly Sr.
10 Nov 2022 14:08:24,143:Added professor: Louie Schinner II
10 Nov 2022 14:08:24,176:Added professor: Mary Wuckert
10 Nov 2022 14:08:24,209:Added professor: Anastacio Shanahan
10 Nov 2022 14:08:24,249:Added professor: Okey Denesik
10 Nov 2022 14:08:24,283:Added professor: Mr. Saul Lynch
10 Nov 2022 14:08:24,316:Added professor: Elaina Walsh
10 Nov 2022 14:08:24,350:Added professor: Whitney Marvin
10 Nov 2022 14:08:24,383:Added professor: Hassie Schoen
10 Nov 2022 14:08:24,417:Added professor: Juwan Bayer I
10 Nov 2022 14:08:24,458:Added professor: Miss Isadore Kautzer
10 Nov 2022 14:08:24,506:Added professor: Jayden Batz
10 Nov 2022 14:08:24,553:Added professor: Lupe Rowe
10 Nov 2022 14:08:24,587:Added professor: Maximus Walker DDS
10 Nov 2022 14:08:24,621:Added professor: Richmond Kassulke I
10 Nov 2022 14:08:24,654:Added professor: Wilton Kuhic
10 Nov 2022 14:08:24,687:Added professor: Melvin Beatty
10 Nov 2022 14:08:24,723:Added professor: Olin Glover
10 Nov 2022 14:08:24,756:Added professor: Odell Schaefer
10 Nov 2022 14:08:24,789:Added professor: Bryana Kozey
10 Nov 2022 14:08:24,821:Added professor: Autumn Kuphal PhD
10 Nov 2022 14:08:24,855:Added professor: Fredy Kiehn IV
10 Nov 2022 14:08:24,888:Added professor: Aimee Keeling
10 Nov 2022 14:08:24,926:Added professor: Casper Monahan
10 Nov 2022 14:08:24,963:Added professor: Jailyn Carroll Sr.
10 Nov 2022 14:08:24,998:Added professor: Miss Khalid Heidenreich
10 Nov 2022 14:08:25,032:Added professor: Adela Bergstrom
10 Nov 2022 14:08:25,066:Added professor: Sabina Walker
10 Nov 2022 14:08:25,099:Added professor: Miss Johnny Johnston
10 Nov 2022 14:08:25,132:Added professor: Mrs. Christy Thiel
10 Nov 2022 14:08:25,165:Added professor: Jamaal Morissette DDS
10 Nov 2022 14:08:25,203:Added professor: Clifton Moore
10 Nov 2022 14:08:25,236:Added professor: Jessie Gerhold
10 Nov 2022 14:08:25,268:Added professor: Jorge Rosenbaum
10 Nov 2022 14:08:25,302:Added professor: Rowena Ruecker
10 Nov 2022 14:08:25,336:Added professor: Thora Braun
10 Nov 2022 14:08:25,370:Added professor: Kattie Lindgren
10 Nov 2022 14:08:25,403:Added professor: Ramon Hermiston DVM
10 Nov 2022 14:08:25,440:Added professor: Peter Kohler
10 Nov 2022 14:08:25,472:Added professor: Grady Hilpert
10 Nov 2022 14:08:25,505:Added professor: Ms. Blanca Waelchi
10 Nov 2022 14:08:25,537:Added professor: Amira Mitchell
10 Nov 2022 14:08:25,570:Added professor: Darby Zieme Sr.
10 Nov 2022 14:08:25,604:Added professor: Mrs. Zetta Rodriguez
10 Nov 2022 14:08:25,636:Added professor: Gabriella Murray
10 Nov 2022 14:08:25,672:Added professor: Miss Cheyenne Nader
10 Nov 2022 14:08:25,705:Added professor: Ladarius Hackett
10 Nov 2022 14:08:25,738:Added professor: Laisha Pfannerstill
10 Nov 2022 14:08:25,771:Added professor: Giovanni Lemke
10 Nov 2022 14:08:25,803:Added professor: Dulce Heller
10 Nov 2022 14:08:25,836:Added professor: Gwen Bruen
10 Nov 2022 14:08:25,869:Added professor: Vito Bernier
10 Nov 2022 14:08:25,906:Added professor: Dariana Rau
10 Nov 2022 14:08:25,940:Added professor: Virginia Nader
10 Nov 2022 14:08:25,972:Added professor: Houston Buckridge
10 Nov 2022 14:08:26,005:Added professor: Ms. Verna Kassulke
10 Nov 2022 14:08:26,038:Added professor: Hilma Upton
10 Nov 2022 14:08:26,071:Added professor: Kelsi McKenzie
10 Nov 2022 14:08:26,104:Added professor: Dr. Bradly White
10 Nov 2022 14:08:26,140:Added professor: Mike Ryan
10 Nov 2022 14:08:26,172:Added professor: Katarina Ward
10 Nov 2022 14:08:26,205:Added professor: Logan Gottlieb
10 Nov 2022 14:08:26,238:Added professor: Demario VonRueden
10 Nov 2022 14:08:26,271:Added professor: Antone Kuhic
10 Nov 2022 14:08:26,303:Added professor: Miss Salma Kunze
10 Nov 2022 14:08:26,336:Added professor: Toney Beier
10 Nov 2022 14:08:26,372:Added professor: Alverta Hermann
10 Nov 2022 14:08:26,405:Added professor: Shanon Haag Jr.
10 Nov 2022 14:08:26,438:Added professor: Darryl Ruecker
10 Nov 2022 14:08:26,471:Added professor: Avis Homenick III
10 Nov 2022 14:08:26,505:Added professor: Erik Upton Jr.
10 Nov 2022 14:08:26,538:Added professor: Carolyn Goodwin
10 Nov 2022 14:08:26,582:Added professor: Zoey Lehner DDS
10 Nov 2022 14:08:26,622:Added professor: Aaron Doyle
10 Nov 2022 14:08:26,655:Added professor: Saige Rogahn Jr.
10 Nov 2022 14:08:26,689:Added professor: Francesco Pfeffer I
10 Nov 2022 14:08:26,721:Added professor: Leola Smitham
10 Nov 2022 14:08:26,754:Added professor: Antonietta Reilly Jr.
10 Nov 2022 14:08:26,787:Added professor: Dessie Gottlieb I
10 Nov 2022 14:08:26,820:Added professor: Ceasar Wunsch
10 Nov 2022 14:08:26,856:Added professor: Alek Wiza
10 Nov 2022 14:08:26,889:Added professor: Anastasia Witting
10 Nov 2022 14:08:26,895:Realtionship: 97 77 added!
10 Nov 2022 14:08:26,902:Realtionship: 57 90 added!
10 Nov 2022 14:08:26,907:Realtionship: 73 6 added!
10 Nov 2022 14:08:26,911:Realtionship: 28 73 added!
10 Nov 2022 14:08:26,917:Realtionship: 77 15 added!
10 Nov 2022 14:08:26,922:Realtionship: 48 52 added!
10 Nov 2022 14:08:26,927:Realtionship: 69 81 added!
10 Nov 2022 14:08:26,931:Realtionship: 53 93 added!
10 Nov 2022 14:08:26,936:Realtionship: 23 27 added!
10 Nov 2022 14:08:26,941:Realtionship: 70 64 added!
10 Nov 2022 14:08:26,945:Realtionship: 73 16 added!
10 Nov 2022 14:08:26,951:Realtionship: 78 59 added!
10 Nov 2022 14:08:26,956:Realtionship: 86 88 added!
10 Nov 2022 14:08:26,960:Realtionship: 66 47 added!
10 Nov 2022 14:08:26,966:Realtionship: 6 49 added!
10 Nov 2022 14:08:26,972:Realtionship: 59 86 added!
10 Nov 2022 14:08:26,979:Realtionship: 87 11 added!
10 Nov 2022 14:08:26,984:Realtionship: 82 99 added!
10 Nov 2022 14:08:26,988:Realtionship: 1 93 added!
10 Nov 2022 14:08:26,993:Realtionship: 35 76 added!
10 Nov 2022 14:08:26,997:Realtionship: 70 96 added!
10 Nov 2022 14:08:27,001:Realtionship: 87 36 added!
10 Nov 2022 14:08:27,006:Realtionship: 34 31 added!
10 Nov 2022 14:08:27,010:Realtionship: 58 90 added!
10 Nov 2022 14:08:27,015:Realtionship: 87 40 added!
10 Nov 2022 14:08:27,019:Realtionship: 29 40 added!
10 Nov 2022 14:08:27,023:Realtionship: 24 53 added!
10 Nov 2022 14:08:27,027:Realtionship: 79 48 added!
10 Nov 2022 14:08:27,032:Realtionship: 89 64 added!
10 Nov 2022 14:08:27,036:Realtionship: 60 92 added!
10 Nov 2022 14:08:27,041:Realtionship: 43 40 added!
10 Nov 2022 14:08:27,044:Realtionship: 97 71 added!
10 Nov 2022 14:08:27,049:Realtionship: 15 62 added!
10 Nov 2022 14:08:27,052:Realtionship: 82 85 added!
10 Nov 2022 14:08:27,057:Realtionship: 43 93 added!
10 Nov 2022 14:08:27,061:Realtionship: 94 75 added!
10 Nov 2022 14:08:27,066:Realtionship: 93 38 added!
10 Nov 2022 14:08:27,071:Realtionship: 22 59 added!
10 Nov 2022 14:08:27,075:Realtionship: 38 18 added!
10 Nov 2022 14:08:27,079:Realtionship: 46 89 added!
10 Nov 2022 14:08:27,084:Realtionship: 12 78 added!
10 Nov 2022 14:08:27,088:Realtionship: 42 68 added!
10 Nov 2022 14:08:27,093:Realtionship: 42 54 added!
10 Nov 2022 14:08:27,098:Realtionship: 79 45 added!
10 Nov 2022 14:08:27,102:Realtionship: 52 34 added!
10 Nov 2022 14:08:27,106:Realtionship: 98 93 added!
10 Nov 2022 14:08:27,110:Realtionship: 48 49 added!
10 Nov 2022 14:08:27,115:Realtionship: 22 90 added!
10 Nov 2022 14:08:27,119:Realtionship: 93 14 added!
10 Nov 2022 14:08:27,125:Realtionship: 65 27 added!
10 Nov 2022 14:08:27,129:Realtionship: 31 70 added!
10 Nov 2022 14:08:27,134:Realtionship: 73 55 added!
10 Nov 2022 14:08:27,138:Realtionship: 45 81 added!
10 Nov 2022 14:08:27,143:Realtionship: 25 68 added!
10 Nov 2022 14:08:27,148:Realtionship: 17 70 added!
10 Nov 2022 14:08:27,152:Realtionship: 18 20 added!
10 Nov 2022 14:08:27,157:Realtionship: 38 60 added!
10 Nov 2022 14:08:27,161:Realtionship: 31 66 added!
10 Nov 2022 14:08:27,165:Realtionship: 17 37 added!
10 Nov 2022 14:08:27,169:Realtionship: 3 44 added!
10 Nov 2022 14:08:27,173:Realtionship: 99 55 added!
10 Nov 2022 14:08:27,176:Realtionship: 97 18 added!
10 Nov 2022 14:08:27,181:Realtionship: 40 46 added!
10 Nov 2022 14:08:27,185:Realtionship: 63 70 added!
10 Nov 2022 14:08:27,191:Realtionship: 47 15 added!
10 Nov 2022 14:08:27,194:Realtionship: 13 66 added!
10 Nov 2022 14:08:27,199:Realtionship: 74 80 added!
10 Nov 2022 14:08:27,203:Realtionship: 13 95 added!
10 Nov 2022 14:08:27,207:Realtionship: 19 77 added!
10 Nov 2022 14:08:27,210:Realtionship: 16 67 added!
10 Nov 2022 14:08:27,215:Realtionship: 97 4 added!
10 Nov 2022 14:08:27,220:Realtionship: 67 90 added!
10 Nov 2022 14:08:27,224:Realtionship: 78 95 added!
10 Nov 2022 14:08:27,227:Realtionship: 8 58 added!
10 Nov 2022 14:08:27,232:Realtionship: 65 56 added!
10 Nov 2022 14:08:27,236:Realtionship: 34 55 added!
10 Nov 2022 14:08:27,241:Realtionship: 33 62 added!
10 Nov 2022 14:08:27,245:Realtionship: 92 40 added!
10 Nov 2022 14:08:27,251:Realtionship: 54 64 added!
10 Nov 2022 14:08:27,255:Realtionship: 39 78 added!
10 Nov 2022 14:08:27,260:Realtionship: 54 13 added!
10 Nov 2022 14:08:27,265:Realtionship: 45 83 added!
10 Nov 2022 14:08:27,269:Realtionship: 7 96 added!
10 Nov 2022 14:08:27,276:Realtionship: 21 31 added!
10 Nov 2022 14:08:27,280:Realtionship: 42 35 added!
10 Nov 2022 14:08:27,284:Realtionship: 86 50 added!
10 Nov 2022 14:08:27,288:Realtionship: 47 13 added!
10 Nov 2022 14:08:27,293:Realtionship: 55 58 added!
10 Nov 2022 14:08:27,296:Realtionship: 96 26 added!
10 Nov 2022 14:08:27,301:Realtionship: 97 93 added!
10 Nov 2022 14:08:27,305:Realtionship: 39 28 added!
10 Nov 2022 14:08:27,309:Realtionship: 18 82 added!
10 Nov 2022 14:08:27,314:Realtionship: 36 60 added!
10 Nov 2022 14:08:27,318:Realtionship: 55 77 added!
10 Nov 2022 14:08:27,323:Realtionship: 33 72 added!
10 Nov 2022 14:08:27,327:Realtionship: 32 37 added!
10 Nov 2022 14:08:27,331:Realtionship: 17 83 added!
10 Nov 2022 14:08:27,335:Realtionship: 50 36 added!
10 Nov 2022 14:08:27,341:Realtionship: 21 9 added!
10 Nov 2022 14:08:27,344:Realtionship: 40 65 added!
10 Nov 2022 14:08:53,492:All students were given
10 Nov 2022 14:08:53,705:All students were given
10 Nov 2022 14:08:53,745:All students were given
10 Nov 2022 14:08:53,783:All students were given
10 Nov 2022 14:08:53,822:All students were given
10 Nov 2022 14:08:53,878:All students were given
10 Nov 2022 14:08:53,895:All students were given
10 Nov 2022 14:08:53,937:All students were given
10 Nov 2022 14:08:53,967:All students were given
10 Nov 2022 14:08:53,996:All students were given
10 Nov 2022 14:08:53,996:All students were given
10 Nov 2022 14:08:54,021:All students were given
10 Nov 2022 14:08:54,049:All students were given
10 Nov 2022 14:08:54,070:All students were given
10 Nov 2022 14:08:54,127:All students were given
10 Nov 2022 14:08:54,508:All students were given
10 Nov 2022 14:08:54,519:All professors were given
10 Nov 2022 14:08:54,537:All students were given
10 Nov 2022 14:08:54,724:Professors86 was given
10 Nov 2022 14:08:54,742:Professors97 was given
10 Nov 2022 14:08:54,746:Professors73 was given
10 Nov 2022 14:08:54,750:Professors21 was given
10 Nov 2022 14:08:54,754:Professors87 was given
10 Nov 2022 14:08:54,757:Professors54 was given
10 Nov 2022 14:08:54,759:Professors47 was given
10 Nov 2022 14:08:54,761:Professors93 was given
10 Nov 2022 14:08:54,763:Professors77 was given
10 Nov 2022 14:08:54,765:Professors47 was given
10 Nov 2022 14:08:54,767:Professors73 was given
10 Nov 2022 14:08:54,770:Professors38 was given
10 Nov 2022 14:08:54,771:Professors97 was given
10 Nov 2022 14:08:54,774:Professors18 was given
10 Nov 2022 14:08:54,780:Professors96 was given
10 Nov 2022 14:08:54,782:Professors23 was given
10 Nov 2022 14:08:54,783:Professors65 was given
10 Nov 2022 14:08:54,786:Professors39 was given
10 Nov 2022 14:08:54,789:Professors34 was given
10 Nov 2022 14:08:54,790:Professors21 was given
10 Nov 2022 14:08:54,794:Professors52 was given
10 Nov 2022 14:08:54,796:Professors42 was given
10 Nov 2022 14:08:54,798:Professors87 was given
10 Nov 2022 14:08:54,799:Professors50 was given
10 Nov 2022 14:08:54,801:Professors17 was given
10 Nov 2022 14:08:54,802:Professors32 was given
10 Nov 2022 14:08:54,804:Professors93 was given
10 Nov 2022 14:08:54,807:Professors87 was given
10 Nov 2022 14:08:54,809:Professors29 was given
10 Nov 2022 14:08:54,813:Professors43 was given
10 Nov 2022 14:08:54,813:Professors92 was given
10 Nov 2022 14:08:54,817:Professors3 was given
10 Nov 2022 14:08:54,820:Professors79 was given
10 Nov 2022 14:08:54,823:Professors40 was given
10 Nov 2022 14:08:54,826:Professors66 was given
10 Nov 2022 14:08:54,829:Professors79 was given
10 Nov 2022 14:08:54,831:Professors6 was given
10 Nov 2022 14:08:54,834:Professors48 was given
10 Nov 2022 14:08:54,836:Professors86 was given
10 Nov 2022 14:08:54,839:Professors48 was given
10 Nov 2022 14:08:54,842:Professors24 was given
10 Nov 2022 14:08:54,844:Professors42 was given
10 Nov 2022 14:08:54,847:Professors73 was given
10 Nov 2022 14:08:54,848:Professors99 was given
10 Nov 2022 14:08:54,850:Professors34 was given
10 Nov 2022 14:08:54,853:Professors65 was given
10 Nov 2022 14:08:54,856:Professors8 was given
10 Nov 2022 14:08:54,857:Professors55 was given
10 Nov 2022 14:08:54,859:Professors78 was given
10 Nov 2022 14:08:54,861:Professors22 was given
10 Nov 2022 14:08:54,864:Professors38 was given
10 Nov 2022 14:08:54,866:Professors36 was given
10 Nov 2022 14:08:54,870:Professors15 was given
10 Nov 2022 14:08:54,871:Professors33 was given
10 Nov 2022 14:08:54,874:Professors70 was given
10 Nov 2022 14:08:54,876:Professors89 was given
10 Nov 2022 14:08:54,877:Professors54 was given
10 Nov 2022 14:08:54,879:Professors40 was given
10 Nov 2022 14:08:54,882:Professors31 was given
10 Nov 2022 14:08:54,883:Professors13 was given
10 Nov 2022 14:08:54,886:Professors16 was given
10 Nov 2022 14:08:54,888:Professors42 was given
10 Nov 2022 14:08:54,890:Professors25 was given
10 Nov 2022 14:08:54,893:Professors31 was given
10 Nov 2022 14:08:54,894:Professors17 was given
10 Nov 2022 14:08:54,896:Professors63 was given
10 Nov 2022 14:08:54,899:Professors97 was given
10 Nov 2022 14:08:54,901:Professors33 was given
10 Nov 2022 14:08:54,903:Professors28 was given
10 Nov 2022 14:08:54,905:Professors94 was given
10 Nov 2022 14:08:54,907:Professors35 was given
10 Nov 2022 14:08:54,910:Professors19 was given
10 Nov 2022 14:08:54,910:Professors97 was given
10 Nov 2022 14:08:54,912:Professors55 was given
10 Nov 2022 14:08:54,914:Professors12 was given
10 Nov 2022 14:08:54,916:Professors39 was given
10 Nov 2022 14:08:54,919:Professors74 was given
10 Nov 2022 14:08:54,921:Professors69 was given
10 Nov 2022 14:08:54,922:Professors45 was given
10 Nov 2022 14:08:54,925:Professors18 was given
10 Nov 2022 14:08:54,927:Professors45 was given
10 Nov 2022 14:08:54,929:Professors17 was given
10 Nov 2022 14:08:54,971:Professors82 was given
10 Nov 2022 14:08:54,973:Professors59 was given
10 Nov 2022 14:08:54,977:Professors46 was given
10 Nov 2022 14:08:54,978:Professors57 was given
10 Nov 2022 14:08:54,980:Professors58 was given
10 Nov 2022 14:08:54,982:Professors22 was given
10 Nov 2022 14:08:54,983:Professors67 was given
10 Nov 2022 14:08:54,987:Professors60 was given
10 Nov 2022 14:08:54,989:Professors53 was given
10 Nov 2022 14:08:54,990:Professors1 was given
10 Nov 2022 14:08:54,992:Professors43 was given
10 Nov 2022 14:08:54,994:Professors98 was given
10 Nov 2022 14:08:54,995:Professors97 was given
10 Nov 2022 14:08:54,998:Professors13 was given
10 Nov 2022 14:08:54,999:Professors78 was given
10 Nov 2022 14:08:55,003:Professors70 was given
10 Nov 2022 14:08:55,005:Professors7 was given
10 Nov 2022 14:08:55,010:Professors82 was given
10 Nov 2022 14:08:55,259:All students were given
10 Nov 2022 14:08:55,415:Professors97 was given
10 Nov 2022 14:08:55,430:Professors87 was given
10 Nov 2022 14:08:55,430:Professors21 was given
10 Nov 2022 14:08:55,435:Professors54 was given
10 Nov 2022 14:08:55,440:Professors47 was given
10 Nov 2022 14:08:55,445:Professors93 was given
10 Nov 2022 14:08:55,447:Professors77 was given
10 Nov 2022 14:08:55,449:Professors47 was given
10 Nov 2022 14:08:55,453:Professors73 was given
10 Nov 2022 14:08:55,460:Professors38 was given
10 Nov 2022 14:08:55,463:Professors97 was given
10 Nov 2022 14:08:55,467:Professors18 was given
10 Nov 2022 14:08:55,480:Professors96 was given
10 Nov 2022 14:08:55,482:Professors23 was given
10 Nov 2022 14:08:55,483:Professors65 was given
10 Nov 2022 14:08:55,486:Professors39 was given
10 Nov 2022 14:08:55,493:Professors34 was given
10 Nov 2022 14:08:55,495:Professors21 was given
10 Nov 2022 14:08:55,501:Professors52 was given
10 Nov 2022 14:08:55,503:Professors42 was given
10 Nov 2022 14:08:55,506:Professors87 was given
10 Nov 2022 14:08:55,509:Professors50 was given
10 Nov 2022 14:08:55,514:Professors17 was given
10 Nov 2022 14:08:55,516:Professors32 was given
10 Nov 2022 14:08:55,519:Professors93 was given
10 Nov 2022 14:08:55,522:Professors87 was given
10 Nov 2022 14:08:55,524:Professors29 was given
10 Nov 2022 14:08:55,528:Professors43 was given
10 Nov 2022 14:08:55,530:Professors92 was given
10 Nov 2022 14:08:55,653:Professors3 was given
10 Nov 2022 14:08:55,656:Professors79 was given
10 Nov 2022 14:08:55,658:Professors40 was given
10 Nov 2022 14:08:55,666:Professors73 was given
10 Nov 2022 14:08:55,694:Professors66 was given
10 Nov 2022 14:08:55,697:Professors79 was given
10 Nov 2022 14:08:55,698:Professors6 was given
10 Nov 2022 14:08:55,701:Professors48 was given
10 Nov 2022 14:08:55,705:Professors86 was given
10 Nov 2022 14:08:55,710:Professors48 was given
10 Nov 2022 14:08:55,712:Professors24 was given
10 Nov 2022 14:08:55,714:Professors42 was given
10 Nov 2022 14:08:55,717:Professors73 was given
10 Nov 2022 14:08:55,718:Professors99 was given
10 Nov 2022 14:08:55,722:Professors34 was given
10 Nov 2022 14:08:55,725:Professors65 was given
10 Nov 2022 14:08:55,729:Professors8 was given
10 Nov 2022 14:08:55,730:Professors55 was given
10 Nov 2022 14:08:55,733:Professors78 was given
10 Nov 2022 14:08:55,734:Professors22 was given
10 Nov 2022 14:08:55,737:Professors38 was given
10 Nov 2022 14:08:55,740:Professors36 was given
10 Nov 2022 14:08:55,745:Professors15 was given
10 Nov 2022 14:08:55,747:Professors33 was given
10 Nov 2022 14:08:55,750:Professors70 was given
10 Nov 2022 14:08:55,752:Professors89 was given
10 Nov 2022 14:08:55,753:Professors54 was given
10 Nov 2022 14:08:55,756:Professors40 was given
10 Nov 2022 14:08:55,760:Professors31 was given
10 Nov 2022 14:08:55,763:Professors13 was given
10 Nov 2022 14:08:55,765:Professors16 was given
10 Nov 2022 14:08:55,768:Professors42 was given
10 Nov 2022 14:08:55,769:Professors25 was given
10 Nov 2022 14:08:55,773:Professors31 was given
10 Nov 2022 14:08:55,776:Professors17 was given
10 Nov 2022 14:08:55,778:Professors63 was given
10 Nov 2022 14:08:55,780:Professors97 was given
10 Nov 2022 14:08:55,783:Professors33 was given
10 Nov 2022 14:08:55,786:Professors28 was given
10 Nov 2022 14:08:55,790:Professors94 was given
10 Nov 2022 14:08:55,795:Professors35 was given
10 Nov 2022 14:08:55,798:Professors97 was given
10 Nov 2022 14:08:55,799:Professors19 was given
10 Nov 2022 14:08:55,801:Professors55 was given
10 Nov 2022 14:08:55,803:Professors12 was given
10 Nov 2022 14:08:55,805:Professors39 was given
10 Nov 2022 14:08:55,811:Professors74 was given
10 Nov 2022 14:08:55,813:Professors69 was given
10 Nov 2022 14:08:55,815:Professors45 was given
10 Nov 2022 14:08:55,817:Professors18 was given
10 Nov 2022 14:08:55,819:Professors17 was given
10 Nov 2022 14:08:55,819:Professors45 was given
10 Nov 2022 14:08:55,826:Professors82 was given
10 Nov 2022 14:08:55,829:Professors59 was given
10 Nov 2022 14:08:55,833:Professors86 was given
10 Nov 2022 14:08:55,835:Professors46 was given
10 Nov 2022 14:08:55,837:Professors57 was given
10 Nov 2022 14:08:55,839:Professors58 was given
10 Nov 2022 14:08:55,842:Professors22 was given
10 Nov 2022 14:08:55,848:Professors67 was given
10 Nov 2022 14:08:55,850:Professors60 was given
10 Nov 2022 14:08:55,853:Professors53 was given
10 Nov 2022 14:08:55,854:Professors1 was given
10 Nov 2022 14:08:55,859:Professors43 was given
10 Nov 2022 14:08:55,864:Professors98 was given
10 Nov 2022 14:08:55,866:Professors97 was given
10 Nov 2022 14:08:55,871:Professors13 was given
10 Nov 2022 14:08:55,872:Professors78 was given
10 Nov 2022 14:08:55,878:Professors70 was given
10 Nov 2022 14:08:55,880:Professors7 was given
10 Nov 2022 14:08:55,885:Professors82 was given
10 Nov 2022 14:53:35,717:Added student: Mrs. Adela Donnelly
10 Nov 2022 14:53:35,932:Added student: April Stroman
10 Nov 2022 14:53:36,059:Added student: Alexander Vandervort
10 Nov 2022 14:53:36,165:Added student: Preston Pouros
10 Nov 2022 14:53:36,256:Added student: Alexandre Dooley PhD
10 Nov 2022 14:53:36,331:Added student: Dr. Ken Schaden
10 Nov 2022 14:53:36,392:Added student: Abbey Wilderman
10 Nov 2022 14:53:36,454:Added student: Micah Satterfield DVM
10 Nov 2022 14:53:36,515:Added student: Abdiel Lakin
10 Nov 2022 14:53:36,566:Added student: Herta Crona
10 Nov 2022 14:53:36,631:Added student: Keshaun Crooks
10 Nov 2022 14:53:36,701:Added student: Ms. Thurman Towne
10 Nov 2022 14:53:36,747:Added student: Desmond Wehner DDS
10 Nov 2022 14:53:36,794:Added student: Marge Lueilwitz
10 Nov 2022 14:53:36,839:Added student: Rodger Graham
10 Nov 2022 14:53:36,888:Added student: Elnora Mosciski
10 Nov 2022 14:53:36,930:Added student: Leonardo Prosacco Sr.
10 Nov 2022 14:53:36,967:Added student: Alexandria Padberg
10 Nov 2022 14:53:37,004:Added student: Ms. Bud Howell
10 Nov 2022 14:53:37,043:Added student: Amalia Torphy
10 Nov 2022 14:53:37,079:Added student: Kyla Marks Jr.
10 Nov 2022 14:53:37,115:Added student: Maybell Hackett
10 Nov 2022 14:53:37,169:Added student: Jarred Emmerich
10 Nov 2022 14:53:37,221:Added student: Simone Olson IV
10 Nov 2022 14:53:37,263:Added student: Genesis Collier
10 Nov 2022 14:53:37,298:Added student: Amy Upton II
10 Nov 2022 14:53:37,341:Added student: Mary MacGyver
10 Nov 2022 14:53:37,380:Added student: Kevin Gusikowski II
10 Nov 2022 14:53:37,425:Added student: Aimee Tromp
10 Nov 2022 14:53:37,475:Added student: Camylle Hilll
10 Nov 2022 14:53:37,532:Added student: Gudrun Steuber
10 Nov 2022 14:53:37,579:Added student: Mr. Gwen Raynor
10 Nov 2022 14:53:37,625:Added student: Stevie Lebsack
10 Nov 2022 14:53:37,665:Added student: Gwen Crona I
10 Nov 2022 14:53:37,708:Added student: Isom Grady
10 Nov 2022 14:53:37,745:Added student: Coty Schroeder
10 Nov 2022 14:53:37,780:Added student: Mrs. Emerson Douglas
10 Nov 2022 14:53:37,823:Added student: Meggie Hackett
10 Nov 2022 14:53:37,870:Added student: Clay Hackett
10 Nov 2022 14:53:37,927:Added student: Bradley Lueilwitz
10 Nov 2022 14:53:37,981:Added student: Carroll Ferry
10 Nov 2022 14:53:38,019:Added student: Vilma Ritchie
10 Nov 2022 14:53:38,056:Added student: Mohammad Sipes
10 Nov 2022 14:53:38,091:Added student: Herbert Klein V
10 Nov 2022 14:53:38,129:Added student: Axel Legros
10 Nov 2022 14:53:38,170:Added student: Margarette Becker Sr.
10 Nov 2022 14:53:38,207:Added student: Miss Kristopher Mills
10 Nov 2022 14:53:38,246:Added student: Nova Hackett
10 Nov 2022 14:53:38,283:Added student: Norwood Weimann
10 Nov 2022 14:53:38,324:Added student: Maybelle Windler IV
10 Nov 2022 14:53:38,360:Added student: Amari Reinger
10 Nov 2022 14:53:38,396:Added student: Dessie Stehr
10 Nov 2022 14:53:38,431:Added student: Makenzie Johnson I
10 Nov 2022 14:53:38,466:Added student: Jonathan Durgan III
10 Nov 2022 14:53:38,508:Added student: Emilio Tillman
10 Nov 2022 14:53:38,543:Added student: Eino Abernathy
10 Nov 2022 14:53:38,577:Added student: Rogers Kuphal
10 Nov 2022 14:53:38,611:Added student: Ms. Izabella Adams
10 Nov 2022 14:53:38,646:Added student: Estelle Ritchie
10 Nov 2022 14:53:38,680:Added student: Stan Ebert Jr.
10 Nov 2022 14:53:38,717:Added student: Harmony Simonis
10 Nov 2022 14:53:38,752:Added student: Murl Bechtelar DDS
10 Nov 2022 14:53:38,788:Added student: Linwood Goldner
10 Nov 2022 14:53:38,822:Added student: Margret Ward
10 Nov 2022 14:53:38,860:Added student: Alanna Donnelly
10 Nov 2022 14:53:38,896:Added student: Betty Lindgren
10 Nov 2022 14:53:38,930:Added student: Eliezer O'Keefe
10 Nov 2022 14:53:38,965:Added student: Dax Stanton
10 Nov 2022 14:53:39,002:Added student: Ena Greenholt
10 Nov 2022 14:53:39,036:Added student: Phoebe Jacobi
10 Nov 2022 14:53:39,076:Added student: Dr. Ole Roberts
10 Nov 2022 14:53:39,129:Added student: Asha Littel Jr.
10 Nov 2022 14:53:39,177:Added student: Haylee Volkman DVM
10 Nov 2022 14:53:39,212:Added student: Aurelia Kirlin
10 Nov 2022 14:53:39,246:Added student: Cristal Thiel
10 Nov 2022 14:53:39,279:Added student: Austyn Yost Sr.
10 Nov 2022 14:53:39,313:Added student: Earnest Rempel
10 Nov 2022 14:53:39,350:Added student: Mike Considine
10 Nov 2022 14:53:39,387:Added student: Donnell Kunze
10 Nov 2022 14:53:39,422:Added student: Jaquelin Sipes
10 Nov 2022 14:53:39,457:Added student: Norberto Greenfelder
10 Nov 2022 14:53:39,491:Added student: Miss Samara Ferry
10 Nov 2022 14:53:39,526:Added student: Bennett Johns
10 Nov 2022 14:53:39,564:Added student: Dr. Myrtice Lindgren
10 Nov 2022 14:53:39,597:Added student: Meda Pollich
10 Nov 2022 14:53:39,632:Added student: Matilda Auer
10 Nov 2022 14:53:39,666:Added student: Paolo Gutmann
10 Nov 2022 14:53:39,701:Added student: Miss Wayne Runolfsdottir
10 Nov 2022 14:53:39,740:Added student: Brenda McLaughlin
10 Nov 2022 14:53:39,775:Added student: Krystel Quitzon
10 Nov 2022 14:53:39,811:Added student: Mrs. Cassandre Satterfield
10 Nov 2022 14:53:39,845:Added student: Allison Feest
10 Nov 2022 14:53:39,879:Added student: Idell Swift
10 Nov 2022 14:53:39,913:Added student: Gonzalo Christiansen
10 Nov 2022 14:53:39,947:Added student: Mr. Cody Boehm
10 Nov 2022 14:53:39,981:Added student: Raegan Grant
10 Nov 2022 14:53:40,019:Added student: Dr. Nestor Farrell
10 Nov 2022 14:53:40,053:Added student: Kyra Daugherty
10 Nov 2022 14:53:40,089:Added student: Glen Dach
10 Nov 2022 14:53:40,124:Added student: Miss Chet Cummings
10 Nov 2022 14:53:40,160:Added professor: Mr. Jordon Spinka
10 Nov 2022 14:53:40,194:Added professor: Santos Ward
10 Nov 2022 14:53:40,229:Added professor: Mr. Waylon Windler
10 Nov 2022 14:53:40,266:Added professor: Brennon McLaughlin
10 Nov 2022 14:53:40,301:Added professor: Mr. Jerrod Schneider
10 Nov 2022 14:53:40,336:Added professor: Hassan Zieme II
10 Nov 2022 14:53:40,371:Added professor: Lonnie Ondricka
10 Nov 2022 14:53:40,406:Added professor: Danny Stracke
10 Nov 2022 14:53:40,440:Added professor: Stephany Larkin
10 Nov 2022 14:53:40,477:Added professor: Montana Denesik
10 Nov 2022 14:53:40,510:Added professor: Brice Zboncak V
10 Nov 2022 14:53:40,544:Added professor: Horace Bode
10 Nov 2022 14:53:40,577:Added professor: Daryl Altenwerth
10 Nov 2022 14:53:40,611:Added professor: Kaitlin Christiansen
10 Nov 2022 14:53:40,645:Added professor: Mr. Davion Klocko
10 Nov 2022 14:53:40,679:Added professor: Cortney White MD
10 Nov 2022 14:53:40,731:Added professor: Kareem Heathcote
10 Nov 2022 14:53:40,784:Added professor: Bell Wehner
10 Nov 2022 14:53:40,829:Added professor: Ms. Abraham Ondricka
10 Nov 2022 14:53:40,863:Added professor: Soledad Stroman
10 Nov 2022 14:53:40,896:Added professor: Marietta Keeling
10 Nov 2022 14:53:40,931:Added professor: Deanna Marquardt
10 Nov 2022 14:53:40,965:Added professor: Chesley McCullough
10 Nov 2022 14:53:40,999:Added professor: Lindsay Hartmann
10 Nov 2022 14:53:41,039:Added professor: Casimer Johnston IV
10 Nov 2022 14:53:41,073:Added professor: Dr. Hilma Reichel
10 Nov 2022 14:53:41,108:Added professor: Stuart Larson I
10 Nov 2022 14:53:41,142:Added professor: Zane Bogisich
10 Nov 2022 14:53:41,176:Added professor: Clyde Auer I
10 Nov 2022 14:53:41,210:Added professor: Nathen Jacobi
10 Nov 2022 14:53:41,244:Added professor: Theo Hyatt IV
10 Nov 2022 14:53:41,278:Added professor: Janae Hagenes
10 Nov 2022 14:53:41,315:Added professor: Ebony D'Amore
10 Nov 2022 14:53:41,349:Added professor: Ara Bins
10 Nov 2022 14:53:41,382:Added professor: Erna Schiller
10 Nov 2022 14:53:41,416:Added professor: Brain Glover
10 Nov 2022 14:53:41,450:Added professor: Quincy Cartwright
10 Nov 2022 14:53:41,484:Added professor: Miss Nina Gulgowski
10 Nov 2022 14:53:41,519:Added professor: Alexandre Johnson
10 Nov 2022 14:53:41,552:Added professor: Margarett Blanda
10 Nov 2022 14:53:41,590:Added professor: Samantha Wyman
10 Nov 2022 14:53:41,624:Added professor: Marcella Blanda
10 Nov 2022 14:53:41,658:Added professor: Aleen Swaniawski
10 Nov 2022 14:53:41,691:Added professor: Marjolaine Baumbach
10 Nov 2022 14:53:41,726:Added professor: Zola Emard
10 Nov 2022 14:53:41,761:Added professor: Mr. Victor Lockman
10 Nov 2022 14:53:41,795:Added professor: Mrs. Dennis Bednar
10 Nov 2022 14:53:41,835:Added professor: Enoch Quigley
10 Nov 2022 14:53:41,869:Added professor: Lauren Rutherford
10 Nov 2022 14:53:41,904:Added professor: Mr. Kacie Leffler
10 Nov 2022 14:53:41,946:Added professor: Dolly Bogan Sr.
10 Nov 2022 14:53:41,980:Added professor: Barry Greenholt
10 Nov 2022 14:53:42,016:Added professor: Elnora Nicolas MD
10 Nov 2022 14:53:42,054:Added professor: Miss Mathilde Keeling
10 Nov 2022 14:53:42,089:Added professor: Jamaal Dicki
10 Nov 2022 14:53:42,127:Added professor: Monte O'Reilly
10 Nov 2022 14:53:42,161:Added professor: Kory Frami
10 Nov 2022 14:53:42,195:Added professor: Annabelle Jenkins
10 Nov 2022 14:53:42,228:Added professor: Miss Marjory Reichel
10 Nov 2022 14:53:42,263:Added professor: Brisa Smitham
10 Nov 2022 14:53:42,296:Added professor: Angus Schaden IV
10 Nov 2022 14:53:42,329:Added professor: Nelda Beer
10 Nov 2022 14:53:42,362:Added professor: Pablo Schaden
10 Nov 2022 14:53:42,408:Added professor: Cesar Prohaska
10 Nov 2022 14:53:42,446:Added professor: Angelina Quigley
10 Nov 2022 14:53:42,481:Added professor: Clarissa Stanton V
10 Nov 2022 14:53:42,516:Added professor: Nellie Keebler
10 Nov 2022 14:53:42,555:Added professor: Dean Collier
10 Nov 2022 14:53:42,593:Added professor: Andreane Pfeffer PhD
10 Nov 2022 14:53:42,632:Added professor: Shayne Conroy
10 Nov 2022 14:53:42,666:Added professor: Junior Ritchie
10 Nov 2022 14:53:42,705:Added professor: Oda MacGyver
10 Nov 2022 14:53:42,739:Added professor: Audreanne O'Connell
10 Nov 2022 14:53:42,773:Added professor: Jocelyn Wolf
10 Nov 2022 14:53:42,809:Added professor: Josie Schroeder
10 Nov 2022 14:53:42,844:Added professor: Dr. Connie Von
10 Nov 2022 14:53:42,878:Added professor: Linnie Braun
10 Nov 2022 14:53:42,911:Added professor: Shannon Davis
10 Nov 2022 14:53:42,945:Added professor: Dallas Beatty
10 Nov 2022 14:53:42,981:Added professor: Patrick Eichmann
10 Nov 2022 14:53:43,016:Added professor: Miss Aryanna Nader
10 Nov 2022 14:53:43,055:Added professor: Modesto Weber I
10 Nov 2022 14:53:43,092:Added professor: Emile Durgan
10 Nov 2022 14:53:43,128:Added professor: Romaine Walker
10 Nov 2022 14:53:43,163:Added professor: Naomi Batz
10 Nov 2022 14:53:43,197:Added professor: Madisen Smith
10 Nov 2022 14:53:43,230:Added professor: Ms. Athena Bode
10 Nov 2022 14:53:43,267:Added professor: Caleigh Hoeger
10 Nov 2022 14:53:43,301:Added professor: Jayson Rice
10 Nov 2022 14:53:43,338:Added professor: Talia Wuckert
10 Nov 2022 14:53:43,373:Added professor: Elisabeth Lesch
10 Nov 2022 14:53:43,409:Added professor: Hank Blanda
10 Nov 2022 14:53:43,444:Added professor: Zion Koss
10 Nov 2022 14:53:43,479:Added professor: Waino Gleason
10 Nov 2022 14:53:43,512:Added professor: Ed Cassin
10 Nov 2022 14:53:43,548:Added professor: Javier Donnelly
10 Nov 2022 14:53:43,582:Added professor: Adrianna Murray
10 Nov 2022 14:53:43,623:Added professor: Arnold Crooks
10 Nov 2022 14:53:43,659:Added professor: Marlene Kemmer PhD
10 Nov 2022 14:53:43,693:Added professor: Camylle Mante
10 Nov 2022 14:53:43,699:Realtionship: 87 28 added!
10 Nov 2022 14:53:43,706:Realtionship: 68 80 added!
10 Nov 2022 14:53:43,709:Realtionship: 43 61 added!
10 Nov 2022 14:53:43,713:Realtionship: 5 32 added!
10 Nov 2022 14:53:43,717:Realtionship: 64 75 added!
10 Nov 2022 14:53:43,723:Realtionship: 85 80 added!
10 Nov 2022 14:53:43,727:Realtionship: 69 4 added!
10 Nov 2022 14:53:43,731:Realtionship: 76 57 added!
10 Nov 2022 14:53:43,734:Realtionship: 73 60 added!
10 Nov 2022 14:53:43,739:Realtionship: 35 2 added!
10 Nov 2022 14:53:43,743:Realtionship: 42 86 added!
10 Nov 2022 14:53:43,746:Realtionship: 43 2 added!
10 Nov 2022 14:53:43,750:Realtionship: 1 99 added!
10 Nov 2022 14:53:43,756:Realtionship: 33 22 added!
10 Nov 2022 14:53:43,760:Realtionship: 94 6 added!
10 Nov 2022 14:53:43,766:Realtionship: 32 15 added!
10 Nov 2022 14:53:43,774:Realtionship: 72 37 added!
10 Nov 2022 14:53:43,778:Realtionship: 12 56 added!
10 Nov 2022 14:53:43,781:Realtionship: 29 71 added!
10 Nov 2022 14:53:43,785:Realtionship: 73 38 added!
10 Nov 2022 14:53:43,790:Realtionship: 24 61 added!
10 Nov 2022 14:53:43,794:Realtionship: 76 62 added!
10 Nov 2022 14:53:43,797:Realtionship: 3 12 added!
10 Nov 2022 14:53:43,800:Realtionship: 65 34 added!
10 Nov 2022 14:53:43,806:Realtionship: 70 5 added!
10 Nov 2022 14:53:43,809:Realtionship: 70 60 added!
10 Nov 2022 14:53:43,813:Realtionship: 75 16 added!
10 Nov 2022 14:53:43,816:Realtionship: 60 42 added!
10 Nov 2022 14:53:43,821:Realtionship: 7 92 added!
10 Nov 2022 14:53:43,825:Realtionship: 97 62 added!
10 Nov 2022 14:53:43,829:Realtionship: 95 95 added!
10 Nov 2022 14:53:43,832:Realtionship: 93 94 added!
10 Nov 2022 14:53:43,835:Realtionship: 70 88 added!
10 Nov 2022 14:53:43,840:Realtionship: 49 24 added!
10 Nov 2022 14:53:43,845:Realtionship: 16 97 added!
10 Nov 2022 14:53:43,848:Realtionship: 34 21 added!
10 Nov 2022 14:53:43,851:Realtionship: 18 16 added!
10 Nov 2022 14:53:43,857:Realtionship: 64 76 added!
10 Nov 2022 14:53:43,860:Realtionship: 81 84 added!
10 Nov 2022 14:53:43,863:Realtionship: 9 33 added!
10 Nov 2022 14:53:43,867:Realtionship: 36 66 added!
10 Nov 2022 14:53:43,873:Realtionship: 20 69 added!
10 Nov 2022 14:53:43,878:Realtionship: 63 13 added!
10 Nov 2022 14:53:43,881:Realtionship: 55 1 added!
10 Nov 2022 14:53:43,886:Realtionship: 53 17 added!
10 Nov 2022 14:53:43,891:Realtionship: 93 57 added!
10 Nov 2022 14:53:43,894:Realtionship: 83 20 added!
10 Nov 2022 14:53:43,898:Realtionship: 77 78 added!
10 Nov 2022 14:53:43,901:Realtionship: 77 33 added!
10 Nov 2022 14:53:43,906:Realtionship: 89 19 added!
10 Nov 2022 14:53:43,910:Realtionship: 54 38 added!
10 Nov 2022 14:53:43,913:Realtionship: 24 43 added!
10 Nov 2022 14:53:43,917:Realtionship: 59 91 added!
10 Nov 2022 14:53:43,922:Realtionship: 22 1 added!
10 Nov 2022 14:53:43,926:Realtionship: 12 5 added!
10 Nov 2022 14:53:43,930:Realtionship: 70 64 added!
10 Nov 2022 14:53:43,934:Realtionship: 96 95 added!
10 Nov 2022 14:53:43,939:Realtionship: 56 87 added!
10 Nov 2022 14:53:43,943:Realtionship: 71 72 added!
10 Nov 2022 14:53:43,946:Realtionship: 87 65 added!
10 Nov 2022 14:53:43,949:Realtionship: 52 4 added!
10 Nov 2022 14:53:43,952:Realtionship: 10 51 added!
10 Nov 2022 14:53:43,957:Realtionship: 98 80 added!
10 Nov 2022 14:53:43,963:Realtionship: 62 31 added!
10 Nov 2022 14:53:43,970:Realtionship: 39 71 added!
10 Nov 2022 14:53:43,977:Realtionship: 23 23 added!
10 Nov 2022 14:53:43,982:Realtionship: 34 2 added!
10 Nov 2022 14:53:43,990:Realtionship: 16 22 added!
10 Nov 2022 14:53:43,994:Realtionship: 78 18 added!
10 Nov 2022 14:53:43,999:Realtionship: 50 88 added!
10 Nov 2022 14:53:44,003:Realtionship: 36 76 added!
10 Nov 2022 14:53:44,007:Realtionship: 39 72 added!
10 Nov 2022 14:53:44,012:Realtionship: 46 69 added!
10 Nov 2022 14:53:44,018:Realtionship: 58 15 added!
10 Nov 2022 14:53:44,024:Realtionship: 94 2 added!
10 Nov 2022 14:53:44,028:Realtionship: 97 22 added!
10 Nov 2022 14:53:44,031:Realtionship: 56 3 added!
10 Nov 2022 14:53:44,035:Realtionship: 77 7 added!
10 Nov 2022 14:53:44,040:Realtionship: 47 64 added!
10 Nov 2022 14:53:44,044:Realtionship: 66 50 added!
10 Nov 2022 14:53:44,048:Realtionship: 21 68 added!
10 Nov 2022 14:53:44,051:Realtionship: 45 43 added!
10 Nov 2022 14:53:44,056:Realtionship: 5 54 added!
10 Nov 2022 14:53:44,060:Realtionship: 60 3 added!
10 Nov 2022 14:53:44,063:Realtionship: 68 93 added!
10 Nov 2022 14:53:44,065:Realtionship: 44 68 added!
10 Nov 2022 14:53:44,069:Realtionship: 63 93 added!
10 Nov 2022 14:53:44,074:Realtionship: 9 16 added!
10 Nov 2022 14:53:44,077:Realtionship: 58 38 added!
10 Nov 2022 14:53:44,080:Realtionship: 52 61 added!
10 Nov 2022 14:53:44,083:Realtionship: 58 2 added!
10 Nov 2022 14:53:44,087:Realtionship: 97 95 added!
10 Nov 2022 14:53:44,092:Realtionship: 59 20 added!
10 Nov 2022 14:53:44,096:Realtionship: 51 14 added!
10 Nov 2022 14:53:44,099:Realtionship: 90 6 added!
10 Nov 2022 14:53:44,105:Realtionship: 23 3 added!
10 Nov 2022 14:53:44,110:Realtionship: 68 58 added!
10 Nov 2022 14:53:44,113:Realtionship: 18 43 added!
10 Nov 2022 14:53:44,117:Realtionship: 18 72 added!
10 Nov 2022 14:53:44,123:Realtionship: 18 88 added!
