11 nov. 2022 18:39:55,720:All students were given
11 nov. 2022 18:39:55,891:All students were given
11 nov. 2022 18:39:55,903:All students were given
11 nov. 2022 18:39:55,916:All students were given
11 nov. 2022 18:39:55,927:All students were given
11 nov. 2022 18:39:55,940:All students were given
11 nov. 2022 18:39:55,954:All students were given
11 nov. 2022 18:39:55,967:All students were given
11 nov. 2022 18:39:55,977:All students were given
11 nov. 2022 18:39:55,987:All students were given
11 nov. 2022 18:39:55,987:All students were given
11 nov. 2022 18:39:56,000:All students were given
11 nov. 2022 18:39:56,010:All students were given
11 nov. 2022 18:39:56,020:All students were given
11 nov. 2022 18:39:56,032:All students were given
11 nov. 2022 18:39:56,140:All students were given
11 nov. 2022 18:39:56,151:All professors were given
11 nov. 2022 18:39:56,162:All students were given
11 nov. 2022 18:39:56,182:Professors1 was given
11 nov. 2022 18:39:56,188:Professors2 was given
11 nov. 2022 18:39:56,698:All students were given
11 nov. 2022 18:39:56,718:Professors1 was given
11 nov. 2022 18:39:56,720:Professors2 was given
11 nov. 2022 18:40:41,291:Added student: Brady Stiedemann
11 nov. 2022 18:40:41,528:Added student: Lesly Konopelski
11 nov. 2022 18:40:41,647:Added student: Kayla Kihn II
11 nov. 2022 18:40:41,736:Added student: Aidan Mann
11 nov. 2022 18:40:41,827:Added student: Mr. Kelton Haley
11 nov. 2022 18:40:41,906:Added student: Mikel Kling
11 nov. 2022 18:40:41,966:Added student: Adrain Carroll
11 nov. 2022 18:40:42,016:Added student: Dr. Lauriane Funk
11 nov. 2022 18:40:42,094:Added student: Cortney Renner
11 nov. 2022 18:40:42,144:Added student: Rigoberto Beatty
11 nov. 2022 18:40:42,186:Added student: Ebony White Sr.
11 nov. 2022 18:40:42,227:Added student: Connor O'Reilly
11 nov. 2022 18:40:42,266:Added student: Leonie Ortiz
11 nov. 2022 18:40:42,310:Added student: Chester Schulist
11 nov. 2022 18:40:42,352:Added student: Pat Zieme Sr.
11 nov. 2022 18:40:42,408:Added student: Annabel Jacobson
11 nov. 2022 18:40:42,492:Added student: Mercedes Boyle
11 nov. 2022 18:40:42,532:Added student: Judge Smitham
11 nov. 2022 18:40:42,576:Added student: Wanda Kozey
11 nov. 2022 18:40:42,623:Added student: Ms. Christophe Pfannerstill
11 nov. 2022 18:40:42,668:Added student: Eliseo MacGyver I
11 nov. 2022 18:40:42,712:Added student: Arden Kautzer
11 nov. 2022 18:40:42,757:Added student: Emilie Kautzer
11 nov. 2022 18:40:42,798:Added student: Eloise Emmerich
11 nov. 2022 18:40:42,841:Added student: Ms. Frederick Murphy
11 nov. 2022 18:40:42,884:Added student: Stephan Parisian
11 nov. 2022 18:40:42,925:Added student: Randi Ullrich DVM
11 nov. 2022 18:40:42,980:Added student: Santa Goodwin
11 nov. 2022 18:40:43,039:Added student: Forest Schiller
11 nov. 2022 18:40:43,098:Added student: Viva Green
11 nov. 2022 18:40:43,148:Added student: Leonard Buckridge
11 nov. 2022 18:40:43,204:Added student: Miss Vladimir Dibbert
11 nov. 2022 18:40:43,255:Added student: Candido Braun
11 nov. 2022 18:40:43,300:Added student: Kellen Hickle DVM
11 nov. 2022 18:40:43,342:Added student: Baylee Ullrich
11 nov. 2022 18:40:43,387:Added student: Miss Christine Anderson
11 nov. 2022 18:40:43,428:Added student: Summer Bergstrom
11 nov. 2022 18:40:43,472:Added student: Dr. Cameron Halvorson
11 nov. 2022 18:40:43,512:Added student: Ms. Tabitha Gleason
11 nov. 2022 18:40:43,550:Added student: Ellis Berge
11 nov. 2022 18:40:43,585:Added student: Tamara Jaskolski
11 nov. 2022 18:40:43,621:Added student: Kaia Ruecker
11 nov. 2022 18:40:43,662:Added student: Karlie Morissette III
11 nov. 2022 18:40:43,702:Added student: Perry Huel
11 nov. 2022 18:40:43,738:Added student: Lurline Torphy
11 nov. 2022 18:40:43,779:Added student: Bernadine Block
11 nov. 2022 18:40:43,830:Added student: Jamarcus Dare
11 nov. 2022 18:40:43,892:Added student: Ms. Vivianne Mosciski
11 nov. 2022 18:40:43,941:Added student: Nikolas Champlin
11 nov. 2022 18:40:43,996:Added student: Tommie Dickens V
11 nov. 2022 18:40:44,059:Added student: Jazmyne Bernhard
11 nov. 2022 18:40:44,125:Added student: Aliza Walker
11 nov. 2022 18:40:44,184:Added student: Shanie Tillman PhD
11 nov. 2022 18:40:44,237:Added student: Jonathon Trantow
11 nov. 2022 18:40:44,286:Added student: Rhoda O'Hara
11 nov. 2022 18:40:44,334:Added student: Roscoe Lind
11 nov. 2022 18:40:44,381:Added student: Jaylin Schultz
11 nov. 2022 18:40:44,421:Added student: Ali Ryan
11 nov. 2022 18:40:44,456:Added student: Bryon Smitham
11 nov. 2022 18:40:44,502:Added student: Mrs. Ben Lesch
11 nov. 2022 18:40:44,548:Added student: Harmony Hane
11 nov. 2022 18:40:44,593:Added student: Dino Will
11 nov. 2022 18:40:44,628:Added student: Madge Nitzsche MD
11 nov. 2022 18:40:44,676:Added student: Mrs. Rodrigo Mante
11 nov. 2022 18:40:44,721:Added student: Mafalda Emmerich
11 nov. 2022 18:40:44,758:Added student: Leann Hauck
11 nov. 2022 18:40:44,801:Added student: Stephon Dach
11 nov. 2022 18:40:44,846:Added student: Kiel Bergnaum
11 nov. 2022 18:40:44,893:Added student: Mrs. Cleta Reinger
11 nov. 2022 18:40:44,937:Added student: Jerald Grady
11 nov. 2022 18:40:44,980:Added student: Muhammad Lesch
11 nov. 2022 18:40:45,022:Added student: Darien Hoppe
11 nov. 2022 18:40:45,065:Added student: Alex Watsica
11 nov. 2022 18:40:45,116:Added student: Chanel Stamm
11 nov. 2022 18:40:45,164:Added student: Gustave Romaguera
11 nov. 2022 18:40:45,214:Added student: Delia Willms
11 nov. 2022 18:40:45,257:Added student: Sam Mayer
11 nov. 2022 18:40:45,290:Added student: Hassie Nienow
11 nov. 2022 18:40:45,345:Added student: Mr. Garry Satterfield
11 nov. 2022 18:40:45,414:Added student: Mr. Ellis Roob
11 nov. 2022 18:40:45,457:Added student: Rubie Schuster
11 nov. 2022 18:40:45,497:Added student: Elvie Hessel
11 nov. 2022 18:40:45,544:Added student: Carroll Terry
11 nov. 2022 18:40:45,588:Added student: Hayden Bartoletti
11 nov. 2022 18:40:45,629:Added student: Ms. Loyce Heathcote
11 nov. 2022 18:40:45,667:Added student: Haylee Yundt
11 nov. 2022 18:40:45,713:Added student: Eveline Hills
11 nov. 2022 18:40:45,752:Added student: Emerald Hauck
11 nov. 2022 18:40:45,792:Added student: Delmer Roberts
11 nov. 2022 18:40:45,832:Added student: Mr. Christy Schulist
11 nov. 2022 18:40:45,872:Added student: Miss Brett Nader
11 nov. 2022 18:40:45,917:Added student: Reyes Kris
11 nov. 2022 18:40:45,954:Added student: Chyna Purdy
11 nov. 2022 18:40:45,988:Added student: Magnus Welch
11 nov. 2022 18:40:46,021:Added student: Savanna Rohan
11 nov. 2022 18:40:46,064:Added student: Dr. Audreanne Nolan
11 nov. 2022 18:40:46,102:Added student: Selena Boehm
11 nov. 2022 18:40:46,147:Added student: Freddy Huels DVM
11 nov. 2022 18:40:46,182:Added student: Dominique Kilback
11 nov. 2022 18:40:46,218:Added student: Dr. Ellie Hane
11 nov. 2022 18:40:46,259:Added professor: Myrtle Stokes
11 nov. 2022 18:40:46,299:Added professor: Graham Wyman
11 nov. 2022 18:40:46,341:Added professor: Linnie Reichel
11 nov. 2022 18:40:46,379:Added professor: Mr. Rubye White
11 nov. 2022 18:40:46,412:Added professor: Albert Sauer
11 nov. 2022 18:40:46,445:Added professor: Mrs. Kathlyn Cole
11 nov. 2022 18:40:46,480:Added professor: D'angelo Marvin V
11 nov. 2022 18:40:46,514:Added professor: Bartholome Kautzer Sr.
11 nov. 2022 18:40:46,549:Added professor: Brent Ruecker IV
11 nov. 2022 18:40:46,583:Added professor: Rhea Pagac
11 nov. 2022 18:40:46,619:Added professor: Enrique Mayert
11 nov. 2022 18:40:46,658:Added professor: Tiara Walsh
11 nov. 2022 18:40:46,692:Added professor: Marcella Mante
11 nov. 2022 18:40:46,726:Added professor: Nicola Russel
11 nov. 2022 18:40:46,771:Added professor: Camren Tromp
11 nov. 2022 18:40:46,821:Added professor: Jed King
11 nov. 2022 18:40:46,870:Added professor: Ms. Abdiel Gutmann
11 nov. 2022 18:40:46,924:Added professor: Nicklaus Tillman Jr.
11 nov. 2022 18:40:46,975:Added professor: Moriah Torp
11 nov. 2022 18:40:47,010:Added professor: Gianni Runolfsdottir
11 nov. 2022 18:40:47,046:Added professor: Cleveland Christiansen
11 nov. 2022 18:40:47,079:Added professor: Declan Ledner
11 nov. 2022 18:40:47,117:Added professor: Ora Toy
11 nov. 2022 18:40:47,154:Added professor: Marc Russel
11 nov. 2022 18:40:47,187:Added professor: Arjun Zieme
11 nov. 2022 18:40:47,222:Added professor: Miss Darien Bernier
11 nov. 2022 18:40:47,262:Added professor: Josh Kemmer MD
11 nov. 2022 18:40:47,304:Added professor: Althea Legros
11 nov. 2022 18:40:47,348:Added professor: Antonia Lang
11 nov. 2022 18:40:47,390:Added professor: Ulises Hettinger
11 nov. 2022 18:40:47,427:Added professor: Zaria Buckridge
11 nov. 2022 18:40:47,465:Added professor: Cloyd Hills
11 nov. 2022 18:40:47,507:Added professor: Prudence Fritsch
11 nov. 2022 18:40:47,550:Added professor: Mrs. Remington Klocko
11 nov. 2022 18:40:47,592:Added professor: Ahmad Runolfsson PhD
11 nov. 2022 18:40:47,627:Added professor: Aida Christiansen
11 nov. 2022 18:40:47,660:Added professor: Shanna Schmidt
11 nov. 2022 18:40:47,693:Added professor: Sally Leannon
11 nov. 2022 18:40:47,726:Added professor: Dr. Lenora Ortiz
11 nov. 2022 18:40:47,772:Added professor: Ansley Schuster
11 nov. 2022 18:40:47,824:Added professor: Mr. Rhea Kuhic
11 nov. 2022 18:40:47,878:Added professor: Kiara Breitenberg
11 nov. 2022 18:40:47,922:Added professor: Amara Ortiz
11 nov. 2022 18:40:47,964:Added professor: Mrs. Domenico Pacocha
11 nov. 2022 18:40:48,010:Added professor: Mrs. Shea Bins
11 nov. 2022 18:40:48,065:Added professor: Mr. Jayce Wisoky
11 nov. 2022 18:40:48,113:Added professor: Michael Aufderhar
11 nov. 2022 18:40:48,154:Added professor: Mrs. Jeramie Aufderhar
11 nov. 2022 18:40:48,197:Added professor: Sherman Sawayn
11 nov. 2022 18:40:48,242:Added professor: Ms. Angelina Johnson
11 nov. 2022 18:40:48,285:Added professor: Miss Golda Wiza
11 nov. 2022 18:40:48,322:Added professor: Sydni Mueller II
11 nov. 2022 18:40:48,357:Added professor: Dr. Winona Okuneva
11 nov. 2022 18:40:48,394:Added professor: Vivienne Bogan III
11 nov. 2022 18:40:48,430:Added professor: Hubert Rau
11 nov. 2022 18:40:48,464:Added professor: Lessie Kub
11 nov. 2022 18:40:48,502:Added professor: Walker Runte
11 nov. 2022 18:40:48,541:Added professor: Dr. Tony Koch
11 nov. 2022 18:40:48,589:Added professor: Thad Fisher II
11 nov. 2022 18:40:48,628:Added professor: Itzel Goyette
11 nov. 2022 18:40:48,669:Added professor: Dr. Santino Borer
11 nov. 2022 18:40:48,707:Added professor: Franco Walker IV
11 nov. 2022 18:40:48,758:Added professor: Delmer Schoen
11 nov. 2022 18:40:48,807:Added professor: Deangelo Kuhlman
11 nov. 2022 18:40:48,844:Added professor: Brennon O'Hara
11 nov. 2022 18:40:48,876:Added professor: Ana Johnston DVM
11 nov. 2022 18:40:48,910:Added professor: Grady Jakubowski II
11 nov. 2022 18:40:48,949:Added professor: Felipa Bailey II
11 nov. 2022 18:40:48,991:Added professor: Bessie Lind
11 nov. 2022 18:40:49,041:Added professor: Clemens Lynch
11 nov. 2022 18:40:49,093:Added professor: Braulio Wolf
11 nov. 2022 18:40:49,140:Added professor: Santina Wolff
11 nov. 2022 18:40:49,176:Added professor: Casimer Swaniawski
11 nov. 2022 18:40:49,217:Added professor: Stone Schumm
11 nov. 2022 18:40:49,254:Added professor: Erich Hammes
11 nov. 2022 18:40:49,299:Added professor: Tiara Labadie
11 nov. 2022 18:40:49,346:Added professor: Violet Hahn
11 nov. 2022 18:40:49,389:Added professor: Cleora Doyle
11 nov. 2022 18:40:49,429:Added professor: Dr. Ignacio Schneider
11 nov. 2022 18:40:49,466:Added professor: Raphaelle Hamill
11 nov. 2022 18:40:49,497:Added professor: Erica Homenick
11 nov. 2022 18:40:49,530:Added professor: Annabel Kunze
11 nov. 2022 18:40:49,566:Added professor: Ms. Reba Hackett
11 nov. 2022 18:40:49,605:Added professor: Gillian Krajcik
11 nov. 2022 18:40:49,646:Added professor: Ricardo Paucek
11 nov. 2022 18:40:49,685:Added professor: Brook Schultz IV
11 nov. 2022 18:40:49,723:Added professor: Karolann Feil
11 nov. 2022 18:40:49,759:Added professor: Miss Candace Mosciski
11 nov. 2022 18:40:49,792:Added professor: Miss Merlin Larson
11 nov. 2022 18:40:49,829:Added professor: Maximo Wolf
11 nov. 2022 18:40:49,870:Added professor: Dannie Batz
11 nov. 2022 18:40:49,910:Added professor: Kade Schaden
11 nov. 2022 18:40:49,948:Added professor: Allen Zemlak
11 nov. 2022 18:40:49,982:Added professor: Everardo Stark
11 nov. 2022 18:40:50,015:Added professor: Chet Wehner
11 nov. 2022 18:40:50,056:Added professor: Ellie Koepp
11 nov. 2022 18:40:50,103:Added professor: Sasha King
11 nov. 2022 18:40:50,142:Added professor: Jaclyn Stark
11 nov. 2022 18:40:50,188:Added professor: Agnes Huel
11 nov. 2022 18:40:50,227:Added professor: Novella Ziemann
11 nov. 2022 18:40:50,259:Added professor: Haskell Leuschke
11 nov. 2022 18:40:50,291:Added professor: Shayne Rice
11 nov. 2022 18:40:50,325:Added professor: Bailee Koepp
11 nov. 2022 18:40:50,361:Added professor: Alayna Hegmann
11 nov. 2022 18:40:50,406:Added professor: Mrs. Shannon Oberbrunner
11 nov. 2022 18:40:50,447:Added professor: Amelie Rau
11 nov. 2022 18:40:50,492:Added professor: Zena Raynor Sr.
11 nov. 2022 18:40:50,528:Added professor: Ted Emard
11 nov. 2022 18:40:50,562:Added professor: Dedrick Pollich
11 nov. 2022 18:40:50,597:Added professor: Dovie Hilll
11 nov. 2022 18:40:50,631:Added professor: Isom DuBuque
11 nov. 2022 18:40:50,670:Added professor: Retta Buckridge
11 nov. 2022 18:40:50,712:Added professor: Dr. Flo Keeling
11 nov. 2022 18:40:50,756:Added professor: Simeon Ratke
11 nov. 2022 18:40:50,791:Added professor: Mose Pouros
11 nov. 2022 18:40:50,824:Added professor: Jeanette Okuneva
11 nov. 2022 18:40:50,860:Added professor: Liam Torphy
11 nov. 2022 18:40:50,895:Added professor: Ms. Jack Doyle
11 nov. 2022 18:40:50,937:Added professor: Samanta Nicolas
11 nov. 2022 18:40:50,979:Added professor: Genoveva Tromp
11 nov. 2022 18:40:51,021:Added professor: Lawson Quitzon Sr.
11 nov. 2022 18:40:51,058:Added professor: Yvette Kassulke
11 nov. 2022 18:40:51,094:Added professor: Trinity Konopelski
11 nov. 2022 18:40:51,138:Added professor: Margaret Leffler
11 nov. 2022 18:40:51,170:Added professor: Candida Maggio
11 nov. 2022 18:40:51,207:Added professor: Ms. Reece Howe
11 nov. 2022 18:40:51,244:Added professor: Eliseo Marvin
11 nov. 2022 18:40:51,279:Added professor: Craig Goyette
11 nov. 2022 18:40:51,313:Added professor: Kobe VonRueden
11 nov. 2022 18:40:51,344:Added professor: Zack VonRueden
11 nov. 2022 18:40:51,380:Added professor: Eusebio Feeney
11 nov. 2022 18:40:51,412:Added professor: Domenico Roob
11 nov. 2022 18:40:51,444:Added professor: Jarrell Haag
11 nov. 2022 18:40:51,476:Added professor: Santino Marvin
11 nov. 2022 18:40:51,514:Added professor: Miller Johns
11 nov. 2022 18:40:51,553:Added professor: Antonetta Hilll IV
11 nov. 2022 18:40:51,598:Added professor: Kelli Becker
11 nov. 2022 18:40:51,636:Added professor: Ms. Stewart Langworth
11 nov. 2022 18:40:51,677:Added professor: Cordie Hyatt PhD
11 nov. 2022 18:40:51,722:Added professor: Mr. Alva Collier
11 nov. 2022 18:40:51,761:Added professor: Hollis Homenick
11 nov. 2022 18:40:51,805:Added professor: Sabrina Kreiger
11 nov. 2022 18:40:51,847:Added professor: Joannie Fay
11 nov. 2022 18:40:51,893:Added professor: Albina Gulgowski
11 nov. 2022 18:40:51,936:Added professor: Richmond Feeney III
11 nov. 2022 18:40:51,969:Added professor: Carson Fadel
11 nov. 2022 18:40:52,002:Added professor: Celestine Schuppe
11 nov. 2022 18:40:52,034:Added professor: Eveline Swift
11 nov. 2022 18:40:52,066:Added professor: Meda Leannon
11 nov. 2022 18:40:52,096:Added professor: Uriel Schmitt
11 nov. 2022 18:40:52,103:Realtionship: 7 4 added!
11 nov. 2022 18:40:52,109:Realtionship: 37 43 added!
11 nov. 2022 18:40:52,114:Realtionship: 17 27 added!
11 nov. 2022 18:40:52,120:Realtionship: 41 35 added!
11 nov. 2022 18:40:52,125:Realtionship: 2 39 added!
11 nov. 2022 18:40:52,132:Realtionship: 49 3 added!
11 nov. 2022 18:40:52,140:Realtionship: 41 21 added!
11 nov. 2022 18:40:52,146:Realtionship: 12 28 added!
11 nov. 2022 18:40:52,152:Realtionship: 10 22 added!
11 nov. 2022 18:40:52,157:Realtionship: 19 43 added!
11 nov. 2022 18:40:52,162:Realtionship: 36 32 added!
11 nov. 2022 18:40:52,167:Realtionship: 19 1 added!
11 nov. 2022 18:40:52,172:Realtionship: 36 16 added!
11 nov. 2022 18:40:52,177:Realtionship: 21 34 added!
11 nov. 2022 18:40:52,184:Realtionship: 7 17 added!
11 nov. 2022 18:40:52,188:Realtionship: 43 17 added!
11 nov. 2022 18:40:52,193:Realtionship: 20 48 added!
11 nov. 2022 18:40:52,199:Realtionship: 33 43 added!
11 nov. 2022 18:40:52,203:Realtionship: 38 5 added!
11 nov. 2022 18:40:52,207:Realtionship: 11 42 added!
11 nov. 2022 18:40:52,210:Realtionship: 44 16 added!
11 nov. 2022 18:40:52,215:Realtionship: 31 38 added!
11 nov. 2022 18:40:52,219:Realtionship: 3 14 added!
11 nov. 2022 18:40:52,224:Realtionship: 47 6 added!
11 nov. 2022 18:40:52,228:Realtionship: 47 8 added!
11 nov. 2022 18:40:52,232:Realtionship: 45 5 added!
11 nov. 2022 18:40:52,238:Realtionship: 16 13 added!
11 nov. 2022 18:40:52,243:Realtionship: 4 38 added!
11 nov. 2022 18:40:52,249:Realtionship: 36 20 added!
11 nov. 2022 18:40:52,253:Realtionship: 31 39 added!
11 nov. 2022 18:40:52,258:Realtionship: 44 3 added!
11 nov. 2022 18:40:52,263:Realtionship: 2 21 added!
11 nov. 2022 18:40:52,269:Realtionship: 42 30 added!
11 nov. 2022 18:40:52,273:Realtionship: 27 43 added!
11 nov. 2022 18:40:52,277:Realtionship: 47 33 added!
11 nov. 2022 18:40:52,282:Realtionship: 34 27 added!
11 nov. 2022 18:40:52,286:Realtionship: 33 23 added!
11 nov. 2022 18:40:52,291:Realtionship: 24 20 added!
11 nov. 2022 18:40:52,294:Realtionship: 38 31 added!
11 nov. 2022 18:40:52,299:Realtionship: 40 17 added!
11 nov. 2022 18:40:52,303:Realtionship: 20 7 added!
11 nov. 2022 18:40:52,307:Realtionship: 41 41 added!
11 nov. 2022 18:40:52,310:Realtionship: 28 33 added!
11 nov. 2022 18:40:52,315:Realtionship: 45 10 added!
11 nov. 2022 18:40:52,319:Realtionship: 38 7 added!
11 nov. 2022 18:40:52,323:Realtionship: 24 35 added!
11 nov. 2022 18:40:52,328:Realtionship: 35 26 added!
11 nov. 2022 18:40:52,332:Realtionship: 10 10 added!
11 nov. 2022 18:40:52,337:Realtionship: 42 14 added!
11 nov. 2022 18:40:52,341:Realtionship: 13 1 added!
11 nov. 2022 18:41:12,960:All students were given
11 nov. 2022 18:41:13,099:All students were given
11 nov. 2022 18:41:13,141:All students were given
11 nov. 2022 18:41:13,177:All students were given
11 nov. 2022 18:41:13,215:All students were given
11 nov. 2022 18:41:13,256:All students were given
11 nov. 2022 18:41:13,265:All students were given
11 nov. 2022 18:41:13,297:All students were given
11 nov. 2022 18:41:13,330:All students were given
11 nov. 2022 18:41:13,356:All students were given
11 nov. 2022 18:41:13,356:All students were given
11 nov. 2022 18:41:13,386:All students were given
11 nov. 2022 18:41:13,409:All students were given
11 nov. 2022 18:41:13,430:All students were given
11 nov. 2022 18:41:13,475:All students were given
11 nov. 2022 18:41:13,808:All students were given
11 nov. 2022 18:41:13,823:All professors were given
11 nov. 2022 18:41:13,842:All students were given
11 nov. 2022 18:41:14,034:Professors1 was given
11 nov. 2022 18:41:14,036:Professors2 was given
11 nov. 2022 18:41:14,041:Professors49 was given
11 nov. 2022 18:41:14,042:Professors44 was given
11 nov. 2022 18:41:14,046:Professors7 was given
11 nov. 2022 18:41:14,047:Professors38 was given
11 nov. 2022 18:41:14,049:Professors45 was given
11 nov. 2022 18:41:14,051:Professors47 was given
11 nov. 2022 18:41:14,055:Professors20 was given
11 nov. 2022 18:41:14,057:Professors38 was given
11 nov. 2022 18:41:14,059:Professors47 was given
11 nov. 2022 18:41:14,065:Professors45 was given
11 nov. 2022 18:41:14,067:Professors10 was given
11 nov. 2022 18:41:14,072:Professors16 was given
11 nov. 2022 18:41:14,073:Professors3 was given
11 nov. 2022 18:41:14,075:Professors42 was given
11 nov. 2022 18:41:14,079:Professors36 was given
11 nov. 2022 18:41:14,080:Professors44 was given
11 nov. 2022 18:41:14,082:Professors7 was given
11 nov. 2022 18:41:14,084:Professors43 was given
11 nov. 2022 18:41:14,085:Professors40 was given
11 nov. 2022 18:41:14,090:Professors36 was given
11 nov. 2022 18:41:14,091:Professors24 was given
11 nov. 2022 18:41:14,093:Professors41 was given
11 nov. 2022 18:41:14,095:Professors2 was given
11 nov. 2022 18:41:14,098:Professors10 was given
11 nov. 2022 18:41:14,099:Professors33 was given
11 nov. 2022 18:41:14,102:Professors35 was given
11 nov. 2022 18:41:14,105:Professors17 was given
11 nov. 2022 18:41:14,106:Professors34 was given
11 nov. 2022 18:41:14,109:Professors12 was given
11 nov. 2022 18:41:14,112:Professors42 was given
11 nov. 2022 18:41:14,114:Professors38 was given
11 nov. 2022 18:41:14,115:Professors36 was given
11 nov. 2022 18:41:14,118:Professors47 was given
11 nov. 2022 18:41:14,120:Professors28 was given
11 nov. 2022 18:41:14,122:Professors21 was given
11 nov. 2022 18:41:14,125:Professors41 was given
11 nov. 2022 18:41:14,126:Professors24 was given
11 nov. 2022 18:41:14,130:Professors31 was given
11 nov. 2022 18:41:14,131:Professors4 was given
11 nov. 2022 18:41:14,134:Professors2 was given
11 nov. 2022 18:41:14,136:Professors31 was given
11 nov. 2022 18:41:14,138:Professors41 was given
11 nov. 2022 18:41:14,141:Professors11 was given
11 nov. 2022 18:41:14,144:Professors37 was given
11 nov. 2022 18:41:14,146:Professors19 was given
11 nov. 2022 18:41:14,150:Professors27 was given
11 nov. 2022 18:41:14,150:Professors33 was given
11 nov. 2022 18:41:14,155:Professors20 was given
11 nov. 2022 18:41:14,214:Professors19 was given
11 nov. 2022 18:41:14,215:Professors13 was given
11 nov. 2022 18:41:14,545:All students were given
11 nov. 2022 18:41:14,576:Professors1 was given
11 nov. 2022 18:41:14,579:Professors2 was given
11 nov. 2022 18:41:14,580:Professors47 was given
11 nov. 2022 18:41:14,581:Professors19 was given
11 nov. 2022 18:41:14,583:Professors13 was given
11 nov. 2022 18:41:14,588:Professors49 was given
11 nov. 2022 18:41:14,592:Professors44 was given
11 nov. 2022 18:41:14,594:Professors7 was given
11 nov. 2022 18:41:14,596:Professors47 was given
11 nov. 2022 18:41:14,600:Professors20 was given
11 nov. 2022 18:41:14,602:Professors38 was given
11 nov. 2022 18:41:14,604:Professors38 was given
11 nov. 2022 18:41:14,605:Professors45 was given
11 nov. 2022 18:41:14,782:Professors45 was given
11 nov. 2022 18:41:14,784:Professors10 was given
11 nov. 2022 18:41:14,794:Professors16 was given
11 nov. 2022 18:41:14,796:Professors3 was given
11 nov. 2022 18:41:14,797:Professors42 was given
11 nov. 2022 18:41:14,801:Professors36 was given
11 nov. 2022 18:41:14,802:Professors44 was given
11 nov. 2022 18:41:14,805:Professors7 was given
11 nov. 2022 18:41:14,806:Professors43 was given
11 nov. 2022 18:41:14,809:Professors40 was given
11 nov. 2022 18:41:14,814:Professors36 was given
11 nov. 2022 18:41:14,814:Professors24 was given
11 nov. 2022 18:41:14,816:Professors41 was given
11 nov. 2022 18:41:14,818:Professors2 was given
11 nov. 2022 18:41:14,821:Professors10 was given
11 nov. 2022 18:41:14,822:Professors33 was given
11 nov. 2022 18:41:14,827:Professors35 was given
11 nov. 2022 18:41:14,830:Professors17 was given
11 nov. 2022 18:41:14,831:Professors34 was given
11 nov. 2022 18:41:14,834:Professors12 was given
11 nov. 2022 18:41:14,837:Professors42 was given
11 nov. 2022 18:41:14,839:Professors38 was given
11 nov. 2022 18:41:14,842:Professors36 was given
11 nov. 2022 18:41:14,844:Professors47 was given
11 nov. 2022 18:41:14,847:Professors28 was given
11 nov. 2022 18:41:14,849:Professors21 was given
11 nov. 2022 18:41:14,850:Professors41 was given
11 nov. 2022 18:41:14,852:Professors24 was given
11 nov. 2022 18:41:14,856:Professors31 was given
11 nov. 2022 18:41:14,857:Professors4 was given
11 nov. 2022 18:41:14,859:Professors2 was given
11 nov. 2022 18:41:14,866:Professors31 was given
11 nov. 2022 18:41:14,869:Professors41 was given
11 nov. 2022 18:41:14,871:Professors11 was given
11 nov. 2022 18:41:14,873:Professors37 was given
11 nov. 2022 18:41:14,874:Professors19 was given
11 nov. 2022 18:41:14,875:Professors33 was given
11 nov. 2022 18:41:14,877:Professors27 was given
11 nov. 2022 18:41:14,883:Professors20 was given
